In file included from [01m[K/mnt/hs2/SLAM-nav2/ros2_ws_stereo/src/stereo_depth_cpp/src/main.cpp:1[m[K:
[01m[K/mnt/hs2/SLAM-nav2/ros2_ws_stereo/src/stereo_depth_cpp/include/stereo_depth_cpp/stereobm_node.hpp:172:22:[m[K [01;31m[Kerror: [m[Kmissing template arguments after ‘[01m[KApproximateTime<...auto...>[m[K’
  172 |   using SyncPolicy = [01;31m[Kmessage_filters[m[K::sync_policies::ApproximateTime
      |                      [01;31m[K^~~~~~~~~~~~~~~[m[K
In file included from [01m[K/mnt/hs2/SLAM-nav2/ros2_ws_stereo/src/stereo_depth_cpp/include/stereo_depth_cpp/stereobm_node.hpp:92[m[K,
                 from [01m[K/mnt/hs2/SLAM-nav2/ros2_ws_stereo/src/stereo_depth_cpp/src/main.cpp:1[m[K:
[01m[K/opt/ros/humble/include/message_filters/message_filters/sync_policies/approximate_time.h:77:8:[m[K [01;36m[Knote: [m[K‘[01m[Ktemplate<class M0, class M1, class M2, class M3, class M4, class M5, class M6, class M7, class M8> struct message_filters::sync_policies::ApproximateTime[m[K’ declared here
   77 | struct [01;36m[KApproximateTime[m[K : public PolicyBase<M0, M1, M2, M3, M4, M5, M6, M7, M8>
      |        [01;36m[K^~~~~~~~~~~~~~~[m[K
In file included from [01m[K/mnt/hs2/SLAM-nav2/ros2_ws_stereo/src/stereo_depth_cpp/src/stereobm_node.cpp:262[m[K:
[01m[K/mnt/hs2/SLAM-nav2/ros2_ws_stereo/src/stereo_depth_cpp/include/stereo_depth_cpp/stereobm_node.hpp:172:22:[m[K [01;31m[Kerror: [m[Kmissing template arguments after ‘[01m[KApproximateTime<...auto...>[m[K’
  172 |   using SyncPolicy = [01;31m[Kmessage_filters[m[K::sync_policies::ApproximateTime
      |                      [01;31m[K^~~~~~~~~~~~~~~[m[K
In file included from [01m[K/mnt/hs2/SLAM-nav2/ros2_ws_stereo/src/stereo_depth_cpp/include/stereo_depth_cpp/stereobm_node.hpp:92[m[K,
                 from [01m[K/mnt/hs2/SLAM-nav2/ros2_ws_stereo/src/stereo_depth_cpp/src/stereobm_node.cpp:262[m[K:
[01m[K/opt/ros/humble/include/message_filters/message_filters/sync_policies/approximate_time.h:77:8:[m[K [01;36m[Knote: [m[K‘[01m[Ktemplate<class M0, class M1, class M2, class M3, class M4, class M5, class M6, class M7, class M8> struct message_filters::sync_policies::ApproximateTime[m[K’ declared here
   77 | struct [01;36m[KApproximateTime[m[K : public PolicyBase<M0, M1, M2, M3, M4, M5, M6, M7, M8>
      |        [01;36m[K^~~~~~~~~~~~~~~[m[K
In file included from [01m[K/mnt/hs2/SLAM-nav2/ros2_ws_stereo/src/stereo_depth_cpp/src/main.cpp:1[m[K:
[01m[K/mnt/hs2/SLAM-nav2/ros2_ws_stereo/src/stereo_depth_cpp/include/stereo_depth_cpp/stereobm_node.hpp:174:49:[m[K [01;31m[Kerror: [m[K‘[01m[KSyncPolicy[m[K’ was not declared in this scope
  174 |   std::shared_ptr<message_filters::Synchronizer<[01;31m[KSyncPolicy[m[K>> sync_;
      |                                                 [01;31m[K^~~~~~~~~~[m[K
[01m[K/mnt/hs2/SLAM-nav2/ros2_ws_stereo/src/stereo_depth_cpp/include/stereo_depth_cpp/stereobm_node.hpp:174:49:[m[K [01;31m[Kerror: [m[Ktemplate argument 1 is invalid
[01m[K/mnt/hs2/SLAM-nav2/ros2_ws_stereo/src/stereo_depth_cpp/include/stereo_depth_cpp/stereobm_node.hpp:174:59:[m[K [01;31m[Kerror: [m[Ktemplate argument 1 is invalid
  174 |   std::shared_ptr<message_filters::Synchronizer<SyncPolicy[01;31m[K>>[m[K sync_;
      |                                                           [01;31m[K^~[m[K
In file included from [01m[K/mnt/hs2/SLAM-nav2/ros2_ws_stereo/src/stereo_depth_cpp/src/stereobm_node.cpp:262[m[K:
[01m[K/mnt/hs2/SLAM-nav2/ros2_ws_stereo/src/stereo_depth_cpp/include/stereo_depth_cpp/stereobm_node.hpp:174:49:[m[K [01;31m[Kerror: [m[K‘[01m[KSyncPolicy[m[K’ was not declared in this scope
  174 |   std::shared_ptr<message_filters::Synchronizer<[01;31m[KSyncPolicy[m[K>> sync_;
      |                                                 [01;31m[K^~~~~~~~~~[m[K
[01m[K/mnt/hs2/SLAM-nav2/ros2_ws_stereo/src/stereo_depth_cpp/include/stereo_depth_cpp/stereobm_node.hpp:174:49:[m[K [01;31m[Kerror: [m[Ktemplate argument 1 is invalid
[01m[K/mnt/hs2/SLAM-nav2/ros2_ws_stereo/src/stereo_depth_cpp/include/stereo_depth_cpp/stereobm_node.hpp:174:59:[m[K [01;31m[Kerror: [m[Ktemplate argument 1 is invalid
  174 |   std::shared_ptr<message_filters::Synchronizer<SyncPolicy[01;31m[K>>[m[K sync_;
      |                                                           [01;31m[K^~[m[K
[01m[K/mnt/hs2/SLAM-nav2/ros2_ws_stereo/src/stereo_depth_cpp/src/stereobm_node.cpp:[m[K In constructor ‘[01m[Kstereo_depth_cpp::StereoBMNode::StereoBMNode()[m[K’:
[01m[K/mnt/hs2/SLAM-nav2/ros2_ws_stereo/src/stereo_depth_cpp/src/stereobm_node.cpp:289:58:[m[K [01;31m[Kerror: [m[K‘[01m[KSyncPolicy[m[K’ was not declared in this scope
  289 |   sync_ = std::make_shared<message_filters::Synchronizer<[01;31m[KSyncPolicy[m[K>>(
      |                                                          [01;31m[K^~~~~~~~~~[m[K
[01m[K/mnt/hs2/SLAM-nav2/ros2_ws_stereo/src/stereo_depth_cpp/src/stereobm_node.cpp:289:58:[m[K [01;31m[Kerror: [m[Ktemplate argument 1 is invalid
[01m[K/mnt/hs2/SLAM-nav2/ros2_ws_stereo/src/stereo_depth_cpp/src/stereobm_node.cpp:291:8:[m[K [01;31m[Kerror: [m[Kbase operand of ‘[01m[K->[m[K’ is not a pointer
  291 |   sync_[01;31m[K->[m[KsetMaxIntervalDuration(rclcpp::Duration::from_seconds(0.1));
      |        [01;31m[K^~[m[K
[01m[K/mnt/hs2/SLAM-nav2/ros2_ws_stereo/src/stereo_depth_cpp/src/stereobm_node.cpp:292:8:[m[K [01;31m[Kerror: [m[Kbase operand of ‘[01m[K->[m[K’ is not a pointer
  292 |   sync_[01;31m[K->[m[KregisterCallback(
      |        [01;31m[K^~[m[K
[01m[K/mnt/hs2/SLAM-nav2/ros2_ws_stereo/src/stereo_depth_cpp/src/stereobm_node.cpp:[m[K In destructor ‘[01m[Kvirtual stereo_depth_cpp::StereoBMNode::~StereoBMNode()[m[K’:
[01m[K/mnt/hs2/SLAM-nav2/ros2_ws_stereo/src/stereo_depth_cpp/src/stereobm_node.cpp:342:25:[m[K [01;31m[Kerror: [m[K‘[01m[Kpcd_header_reserve_[m[K’ was not declared in this scope
  342 |       if (hstr.size() < [01;31m[Kpcd_header_reserve_[m[K) {
      |                         [01;31m[K^~~~~~~~~~~~~~~~~~~[m[K
[01m[K/mnt/hs2/SLAM-nav2/ros2_ws_stereo/src/stereo_depth_cpp/src/stereobm_node.cpp:345:12:[m[K [01;31m[Kerror: [m[K‘[01m[Kpcd_header_reserve_[m[K’ was not declared in this scope
  345 |       hstr[[01;31m[Kpcd_header_reserve_[m[K - 1] = '\n';
      |            [01;31m[K^~~~~~~~~~~~~~~~~~~[m[K
[01m[K/mnt/hs2/SLAM-nav2/ros2_ws_stereo/src/stereo_depth_cpp/src/stereobm_node.cpp:[m[K In member function ‘[01m[Kvoid stereo_depth_cpp::StereoBMNode::savePCD(const std::vector<float>&, const std::vector<float>&, const std::vector<float>&)[m[K’:
[01m[K/mnt/hs2/SLAM-nav2/ros2_ws_stereo/src/stereo_depth_cpp/src/stereobm_node.cpp:367:29:[m[K [01;31m[Kerror: [m[K‘[01m[Kpcd_header_reserve_[m[K’ was not declared in this scope
  367 |     std::string placeholder([01;31m[Kpcd_header_reserve_[m[K, ' ');
      |                             [01;31m[K^~~~~~~~~~~~~~~~~~~[m[K
gmake[2]: *** [CMakeFiles/stereobm_node.dir/build.make:76: CMakeFiles/stereobm_node.dir/src/main.cpp.o] Error 1
gmake[2]: *** Waiting for unfinished jobs....
gmake[2]: *** [CMakeFiles/stereobm_node.dir/build.make:90: CMakeFiles/stereobm_node.dir/src/stereobm_node.cpp.o] Error 1
gmake[1]: *** [CMakeFiles/Makefile2:137: CMakeFiles/stereobm_node.dir/all] Error 2
gmake: *** [Makefile:146: all] Error 2
