-- The C compiler identification is GNU 11.4.0
-- The CXX compiler identification is GNU 11.4.0
-- Detecting C compiler ABI info
-- Detecting C compiler ABI info - done
-- Check for working C compiler: /usr/bin/cc - skipped
-- Detecting C compile features
-- Detecting C compile features - done
-- Detecting CXX compiler ABI info
-- Detecting CXX compiler ABI info - done
-- Check for working CXX compiler: /usr/bin/c++ - skipped
-- Detecting CXX compile features
-- Detecting CXX compile features - done
-- Found ament_cmake: 1.3.11 (/opt/ros/humble/share/ament_cmake/cmake)
-- Found Python3: /usr/bin/python3 (found version "3.10.12") found components: Interpreter 
-- Found rclcpp: 16.0.11 (/opt/ros/humble/share/rclcpp/cmake)
-- Found rosidl_generator_c: 3.1.6 (/opt/ros/humble/share/rosidl_generator_c/cmake)
-- Found rosidl_adapter: 3.1.6 (/opt/ros/humble/share/rosidl_adapter/cmake)
-- Found rosidl_generator_cpp: 3.1.6 (/opt/ros/humble/share/rosidl_generator_cpp/cmake)
-- Using all available rosidl_typesupport_c: rosidl_typesupport_fastrtps_c;rosidl_typesupport_introspection_c
-- Using all available rosidl_typesupport_cpp: rosidl_typesupport_fastrtps_cpp;rosidl_typesupport_introspection_cpp
-- Found rmw_implementation_cmake: 6.1.2 (/opt/ros/humble/share/rmw_implementation_cmake/cmake)
-- Found rmw_fastrtps_cpp: 6.2.7 (/opt/ros/humble/share/rmw_fastrtps_cpp/cmake)
-- Found OpenSSL: /usr/lib/x86_64-linux-gnu/libcrypto.so (found version "3.0.2")  
-- Found FastRTPS: /opt/ros/humble/include  
-- Using RMW implementation 'rmw_fastrtps_cpp' as default
-- Looking for pthread.h
-- Looking for pthread.h - found
-- Performing Test CMAKE_HAVE_LIBC_PTHREAD
-- Performing Test CMAKE_HAVE_LIBC_PTHREAD - Success
-- Found Threads: TRUE  
-- Found sensor_msgs: 4.2.4 (/opt/ros/humble/share/sensor_msgs/cmake)
-- Found cv_bridge: 3.2.1 (/opt/ros/humble/share/cv_bridge/cmake)
-- Found message_filters: 4.3.5 (/opt/ros/humble/share/message_filters/cmake)
-- Found OpenCV: /usr (found version "4.5.4") 
-- Configuring done
-- Generating done
-- Build files have been written to: /home/nunnari/ros2_ws/build/elas_ros2_cpp
[ 25%] [32mBuilding CXX object CMakeFiles/elas_node.dir/src/elas_node.cpp.o[0m
[ 25%] [32mBuilding CXX object CMakeFiles/elas_node.dir/third_party/libelas/triangle.cpp.o[0m
[ 37%] [32mBuilding CXX object CMakeFiles/elas_node.dir/third_party/libelas/descriptor.cpp.o[0m
[ 50%] [32mBuilding CXX object CMakeFiles/elas_node.dir/src/main.cpp.o[0m
[ 75%] [32mBuilding CXX object CMakeFiles/elas_node.dir/third_party/libelas/filter.cpp.o[0m
[ 75%] [32mBuilding CXX object CMakeFiles/elas_node.dir/third_party/libelas/elas.cpp.o[0m
[ 87%] [32mBuilding CXX object CMakeFiles/elas_node.dir/third_party/libelas/matrix.cpp.o[0m
In file included from [01m[K/home/nunnari/ros2_ws/src/elas_ros2_cpp/src/main.cpp:1[m[K:
[01m[K/home/nunnari/ros2_ws/src/elas_ros2_cpp/include/elas_ros2_cpp/elas_node.hpp:37:22:[m[K [01;31m[Kerror: [m[Kmissing template arguments after ‘[01m[KApproximateTime<...auto...>[m[K’
   37 |   using SyncPolicy = [01;31m[Kmessage_filters[m[K::sync_policies::ApproximateTime
      |                      [01;31m[K^~~~~~~~~~~~~~~[m[K
In file included from [01m[K/home/nunnari/ros2_ws/src/elas_ros2_cpp/include/elas_ros2_cpp/elas_node.hpp:11[m[K,
                 from [01m[K/home/nunnari/ros2_ws/src/elas_ros2_cpp/src/main.cpp:1[m[K:
[01m[K/opt/ros/humble/include/message_filters/message_filters/sync_policies/approximate_time.h:77:8:[m[K [01;36m[Knote: [m[K‘[01m[Ktemplate<class M0, class M1, class M2, class M3, class M4, class M5, class M6, class M7, class M8> struct message_filters::sync_policies::ApproximateTime[m[K’ declared here
   77 | struct [01;36m[KApproximateTime[m[K : public PolicyBase<M0, M1, M2, M3, M4, M5, M6, M7, M8>
      |        [01;36m[K^~~~~~~~~~~~~~~[m[K
In file included from [01m[K/home/nunnari/ros2_ws/src/elas_ros2_cpp/src/main.cpp:1[m[K:
[01m[K/home/nunnari/ros2_ws/src/elas_ros2_cpp/include/elas_ros2_cpp/elas_node.hpp:39:49:[m[K [01;31m[Kerror: [m[K‘[01m[KSyncPolicy[m[K’ was not declared in this scope
   39 |   std::shared_ptr<message_filters::Synchronizer<[01;31m[KSyncPolicy[m[K>> sync_;
      |                                                 [01;31m[K^~~~~~~~~~[m[K
[01m[K/home/nunnari/ros2_ws/src/elas_ros2_cpp/include/elas_ros2_cpp/elas_node.hpp:39:49:[m[K [01;31m[Kerror: [m[Ktemplate argument 1 is invalid
[01m[K/home/nunnari/ros2_ws/src/elas_ros2_cpp/include/elas_ros2_cpp/elas_node.hpp:39:59:[m[K [01;31m[Kerror: [m[Ktemplate argument 1 is invalid
   39 |   std::shared_ptr<message_filters::Synchronizer<SyncPolicy[01;31m[K>>[m[K sync_;
      |                                                           [01;31m[K^~[m[K
In file included from [01m[K/home/nunnari/ros2_ws/src/elas_ros2_cpp/src/elas_node.cpp:1[m[K:
[01m[K/home/nunnari/ros2_ws/src/elas_ros2_cpp/include/elas_ros2_cpp/elas_node.hpp:37:22:[m[K [01;31m[Kerror: [m[Kmissing template arguments after ‘[01m[KApproximateTime<...auto...>[m[K’
   37 |   using SyncPolicy = [01;31m[Kmessage_filters[m[K::sync_policies::ApproximateTime
      |                      [01;31m[K^~~~~~~~~~~~~~~[m[K
In file included from [01m[K/home/nunnari/ros2_ws/src/elas_ros2_cpp/include/elas_ros2_cpp/elas_node.hpp:11[m[K,
                 from [01m[K/home/nunnari/ros2_ws/src/elas_ros2_cpp/src/elas_node.cpp:1[m[K:
[01m[K/opt/ros/humble/include/message_filters/message_filters/sync_policies/approximate_time.h:77:8:[m[K [01;36m[Knote: [m[K‘[01m[Ktemplate<class M0, class M1, class M2, class M3, class M4, class M5, class M6, class M7, class M8> struct message_filters::sync_policies::ApproximateTime[m[K’ declared here
   77 | struct [01;36m[KApproximateTime[m[K : public PolicyBase<M0, M1, M2, M3, M4, M5, M6, M7, M8>
      |        [01;36m[K^~~~~~~~~~~~~~~[m[K
In file included from [01m[K/home/nunnari/ros2_ws/src/elas_ros2_cpp/src/elas_node.cpp:1[m[K:
[01m[K/home/nunnari/ros2_ws/src/elas_ros2_cpp/include/elas_ros2_cpp/elas_node.hpp:39:49:[m[K [01;31m[Kerror: [m[K‘[01m[KSyncPolicy[m[K’ was not declared in this scope
   39 |   std::shared_ptr<message_filters::Synchronizer<[01;31m[KSyncPolicy[m[K>> sync_;
      |                                                 [01;31m[K^~~~~~~~~~[m[K
[01m[K/home/nunnari/ros2_ws/src/elas_ros2_cpp/include/elas_ros2_cpp/elas_node.hpp:39:49:[m[K [01;31m[Kerror: [m[Ktemplate argument 1 is invalid
[01m[K/home/nunnari/ros2_ws/src/elas_ros2_cpp/include/elas_ros2_cpp/elas_node.hpp:39:59:[m[K [01;31m[Kerror: [m[Ktemplate argument 1 is invalid
   39 |   std::shared_ptr<message_filters::Synchronizer<SyncPolicy[01;31m[K>>[m[K sync_;
      |                                                           [01;31m[K^~[m[K
[01m[K/home/nunnari/ros2_ws/src/elas_ros2_cpp/src/elas_node.cpp:[m[K In constructor ‘[01m[Kelas_ros2_cpp::ELASNode::ELASNode()[m[K’:
[01m[K/home/nunnari/ros2_ws/src/elas_ros2_cpp/src/elas_node.cpp:18:58:[m[K [01;31m[Kerror: [m[K‘[01m[KSyncPolicy[m[K’ was not declared in this scope
   18 |   sync_ = std::make_shared<message_filters::Synchronizer<[01;31m[KSyncPolicy[m[K>>(
      |                                                          [01;31m[K^~~~~~~~~~[m[K
[01m[K/home/nunnari/ros2_ws/src/elas_ros2_cpp/src/elas_node.cpp:18:58:[m[K [01;31m[Kerror: [m[Ktemplate argument 1 is invalid
[01m[K/home/nunnari/ros2_ws/src/elas_ros2_cpp/src/elas_node.cpp:20:8:[m[K [01;31m[Kerror: [m[Kbase operand of ‘[01m[K->[m[K’ is not a pointer
   20 |   sync_[01;31m[K->[m[KsetMaxIntervalDuration(rclcpp::Duration::from_seconds(0.1));
      |        [01;31m[K^~[m[K
[01m[K/home/nunnari/ros2_ws/src/elas_ros2_cpp/src/elas_node.cpp:21:8:[m[K [01;31m[Kerror: [m[Kbase operand of ‘[01m[K->[m[K’ is not a pointer
   21 |   sync_[01;31m[K->[m[KregisterCallback(
      |        [01;31m[K^~[m[K
gmake[2]: *** [CMakeFiles/elas_node.dir/build.make:76: CMakeFiles/elas_node.dir/src/main.cpp.o] Error 1
gmake[2]: *** Waiting for unfinished jobs....
gmake[2]: *** [CMakeFiles/elas_node.dir/build.make:90: CMakeFiles/elas_node.dir/src/elas_node.cpp.o] Error 1
gmake[1]: *** [CMakeFiles/Makefile2:137: CMakeFiles/elas_node.dir/all] Error 2
gmake: *** [Makefile:146: all] Error 2
