[0.009s] Invoking command in '/home/nunnari/ros2_ws/build/elas_ros2_cpp': CMAKE_PREFIX_PATH=${CMAKE_PREFIX_PATH}:/opt/ros/humble /usr/bin/cmake /home/nunnari/ros2_ws/src/elas_ros2_cpp -DCMAKE_INSTALL_PREFIX=/home/nunnari/ros2_ws/install/elas_ros2_cpp
[0.057s] -- The C compiler identification is GNU 11.4.0
[0.105s] -- The CXX compiler identification is GNU 11.4.0
[0.111s] -- Detecting C compiler ABI info
[0.166s] -- Detecting C compiler ABI info - done
[0.172s] -- Check for working C compiler: /usr/bin/cc - skipped
[0.172s] -- Detecting C compile features
[0.172s] -- Detecting C compile features - done
[0.175s] -- Detecting CXX compiler ABI info
[0.240s] -- Detecting CXX compiler ABI info - done
[0.247s] -- Check for working CXX compiler: /usr/bin/c++ - skipped
[0.247s] -- Detecting CXX compile features
[0.247s] -- Detecting CXX compile features - done
[0.249s] -- Found ament_cmake: 1.3.11 (/opt/ros/humble/share/ament_cmake/cmake)
[0.375s] -- Found Python3: /usr/bin/python3 (found version "3.10.12") found components: Interpreter 
[0.453s] -- Found rclcpp: 16.0.11 (/opt/ros/humble/share/rclcpp/cmake)
[0.490s] -- Found rosidl_generator_c: 3.1.6 (/opt/ros/humble/share/rosidl_generator_c/cmake)
[0.495s] -- Found rosidl_adapter: 3.1.6 (/opt/ros/humble/share/rosidl_adapter/cmake)
[0.502s] -- Found rosidl_generator_cpp: 3.1.6 (/opt/ros/humble/share/rosidl_generator_cpp/cmake)
[0.513s] -- Using all available rosidl_typesupport_c: rosidl_typesupport_fastrtps_c;rosidl_typesupport_introspection_c
[0.528s] -- Using all available rosidl_typesupport_cpp: rosidl_typesupport_fastrtps_cpp;rosidl_typesupport_introspection_cpp
[0.567s] -- Found rmw_implementation_cmake: 6.1.2 (/opt/ros/humble/share/rmw_implementation_cmake/cmake)
[0.569s] -- Found rmw_fastrtps_cpp: 6.2.7 (/opt/ros/humble/share/rmw_fastrtps_cpp/cmake)
[0.641s] -- Found OpenSSL: /usr/lib/x86_64-linux-gnu/libcrypto.so (found version "3.0.2")  
[0.674s] -- Found FastRTPS: /opt/ros/humble/include  
[0.711s] -- Using RMW implementation 'rmw_fastrtps_cpp' as default
[0.718s] -- Looking for pthread.h
[0.777s] -- Looking for pthread.h - found
[0.778s] -- Performing Test CMAKE_HAVE_LIBC_PTHREAD
[0.839s] -- Performing Test CMAKE_HAVE_LIBC_PTHREAD - Success
[0.840s] -- Found Threads: TRUE  
[0.887s] -- Found sensor_msgs: 4.2.4 (/opt/ros/humble/share/sensor_msgs/cmake)
[0.915s] -- Found cv_bridge: 3.2.1 (/opt/ros/humble/share/cv_bridge/cmake)
[0.927s] -- Found message_filters: 4.3.5 (/opt/ros/humble/share/message_filters/cmake)
[0.933s] -- Found OpenCV: /usr (found version "4.5.4") 
[0.990s] -- Configuring done
[1.001s] -- Generating done
[1.004s] -- Build files have been written to: /home/nunnari/ros2_ws/build/elas_ros2_cpp
[1.014s] Invoked command in '/home/nunnari/ros2_ws/build/elas_ros2_cpp' returned '0': CMAKE_PREFIX_PATH=${CMAKE_PREFIX_PATH}:/opt/ros/humble /usr/bin/cmake /home/nunnari/ros2_ws/src/elas_ros2_cpp -DCMAKE_INSTALL_PREFIX=/home/nunnari/ros2_ws/install/elas_ros2_cpp
[1.016s] Invoking command in '/home/nunnari/ros2_ws/build/elas_ros2_cpp': CMAKE_PREFIX_PATH=${CMAKE_PREFIX_PATH}:/opt/ros/humble /usr/bin/cmake --build /home/nunnari/ros2_ws/build/elas_ros2_cpp -- -j12 -l12
[1.058s] [ 25%] [32mBuilding CXX object CMakeFiles/elas_node.dir/src/elas_node.cpp.o[0m
[1.058s] [ 25%] [32mBuilding CXX object CMakeFiles/elas_node.dir/third_party/libelas/triangle.cpp.o[0m
[1.058s] [ 37%] [32mBuilding CXX object CMakeFiles/elas_node.dir/third_party/libelas/descriptor.cpp.o[0m
[1.058s] [ 50%] [32mBuilding CXX object CMakeFiles/elas_node.dir/src/main.cpp.o[0m
[1.059s] [ 75%] [32mBuilding CXX object CMakeFiles/elas_node.dir/third_party/libelas/filter.cpp.o[0m
[1.059s] [ 75%] [32mBuilding CXX object CMakeFiles/elas_node.dir/third_party/libelas/elas.cpp.o[0m
[1.059s] [ 87%] [32mBuilding CXX object CMakeFiles/elas_node.dir/third_party/libelas/matrix.cpp.o[0m
[4.103s] In file included from [01m[K/home/nunnari/ros2_ws/src/elas_ros2_cpp/src/main.cpp:1[m[K:
[4.103s] [01m[K/home/nunnari/ros2_ws/src/elas_ros2_cpp/include/elas_ros2_cpp/elas_node.hpp:37:22:[m[K [01;31m[Kerror: [m[Kmissing template arguments after ‘[01m[KApproximateTime<...auto...>[m[K’
[4.103s]    37 |   using SyncPolicy = [01;31m[Kmessage_filters[m[K::sync_policies::ApproximateTime
[4.103s]       |                      [01;31m[K^~~~~~~~~~~~~~~[m[K
[4.103s] In file included from [01m[K/home/nunnari/ros2_ws/src/elas_ros2_cpp/include/elas_ros2_cpp/elas_node.hpp:11[m[K,
[4.103s]                  from [01m[K/home/nunnari/ros2_ws/src/elas_ros2_cpp/src/main.cpp:1[m[K:
[4.104s] [01m[K/opt/ros/humble/include/message_filters/message_filters/sync_policies/approximate_time.h:77:8:[m[K [01;36m[Knote: [m[K‘[01m[Ktemplate<class M0, class M1, class M2, class M3, class M4, class M5, class M6, class M7, class M8> struct message_filters::sync_policies::ApproximateTime[m[K’ declared here
[4.104s]    77 | struct [01;36m[KApproximateTime[m[K : public PolicyBase<M0, M1, M2, M3, M4, M5, M6, M7, M8>
[4.104s]       |        [01;36m[K^~~~~~~~~~~~~~~[m[K
[4.112s] In file included from [01m[K/home/nunnari/ros2_ws/src/elas_ros2_cpp/src/main.cpp:1[m[K:
[4.112s] [01m[K/home/nunnari/ros2_ws/src/elas_ros2_cpp/include/elas_ros2_cpp/elas_node.hpp:39:49:[m[K [01;31m[Kerror: [m[K‘[01m[KSyncPolicy[m[K’ was not declared in this scope
[4.112s]    39 |   std::shared_ptr<message_filters::Synchronizer<[01;31m[KSyncPolicy[m[K>> sync_;
[4.112s]       |                                                 [01;31m[K^~~~~~~~~~[m[K
[4.112s] [01m[K/home/nunnari/ros2_ws/src/elas_ros2_cpp/include/elas_ros2_cpp/elas_node.hpp:39:49:[m[K [01;31m[Kerror: [m[Ktemplate argument 1 is invalid
[4.112s] [01m[K/home/nunnari/ros2_ws/src/elas_ros2_cpp/include/elas_ros2_cpp/elas_node.hpp:39:59:[m[K [01;31m[Kerror: [m[Ktemplate argument 1 is invalid
[4.112s]    39 |   std::shared_ptr<message_filters::Synchronizer<SyncPolicy[01;31m[K>>[m[K sync_;
[4.112s]       |                                                           [01;31m[K^~[m[K
[4.212s] In file included from [01m[K/home/nunnari/ros2_ws/src/elas_ros2_cpp/src/elas_node.cpp:1[m[K:
[4.213s] [01m[K/home/nunnari/ros2_ws/src/elas_ros2_cpp/include/elas_ros2_cpp/elas_node.hpp:37:22:[m[K [01;31m[Kerror: [m[Kmissing template arguments after ‘[01m[KApproximateTime<...auto...>[m[K’
[4.213s]    37 |   using SyncPolicy = [01;31m[Kmessage_filters[m[K::sync_policies::ApproximateTime
[4.213s]       |                      [01;31m[K^~~~~~~~~~~~~~~[m[K
[4.213s] In file included from [01m[K/home/nunnari/ros2_ws/src/elas_ros2_cpp/include/elas_ros2_cpp/elas_node.hpp:11[m[K,
[4.213s]                  from [01m[K/home/nunnari/ros2_ws/src/elas_ros2_cpp/src/elas_node.cpp:1[m[K:
[4.213s] [01m[K/opt/ros/humble/include/message_filters/message_filters/sync_policies/approximate_time.h:77:8:[m[K [01;36m[Knote: [m[K‘[01m[Ktemplate<class M0, class M1, class M2, class M3, class M4, class M5, class M6, class M7, class M8> struct message_filters::sync_policies::ApproximateTime[m[K’ declared here
[4.213s]    77 | struct [01;36m[KApproximateTime[m[K : public PolicyBase<M0, M1, M2, M3, M4, M5, M6, M7, M8>
[4.213s]       |        [01;36m[K^~~~~~~~~~~~~~~[m[K
[4.222s] In file included from [01m[K/home/nunnari/ros2_ws/src/elas_ros2_cpp/src/elas_node.cpp:1[m[K:
[4.223s] [01m[K/home/nunnari/ros2_ws/src/elas_ros2_cpp/include/elas_ros2_cpp/elas_node.hpp:39:49:[m[K [01;31m[Kerror: [m[K‘[01m[KSyncPolicy[m[K’ was not declared in this scope
[4.223s]    39 |   std::shared_ptr<message_filters::Synchronizer<[01;31m[KSyncPolicy[m[K>> sync_;
[4.223s]       |                                                 [01;31m[K^~~~~~~~~~[m[K
[4.223s] [01m[K/home/nunnari/ros2_ws/src/elas_ros2_cpp/include/elas_ros2_cpp/elas_node.hpp:39:49:[m[K [01;31m[Kerror: [m[Ktemplate argument 1 is invalid
[4.223s] [01m[K/home/nunnari/ros2_ws/src/elas_ros2_cpp/include/elas_ros2_cpp/elas_node.hpp:39:59:[m[K [01;31m[Kerror: [m[Ktemplate argument 1 is invalid
[4.223s]    39 |   std::shared_ptr<message_filters::Synchronizer<SyncPolicy[01;31m[K>>[m[K sync_;
[4.223s]       |                                                           [01;31m[K^~[m[K
[4.256s] [01m[K/home/nunnari/ros2_ws/src/elas_ros2_cpp/src/elas_node.cpp:[m[K In constructor ‘[01m[Kelas_ros2_cpp::ELASNode::ELASNode()[m[K’:
[4.256s] [01m[K/home/nunnari/ros2_ws/src/elas_ros2_cpp/src/elas_node.cpp:18:58:[m[K [01;31m[Kerror: [m[K‘[01m[KSyncPolicy[m[K’ was not declared in this scope
[4.256s]    18 |   sync_ = std::make_shared<message_filters::Synchronizer<[01;31m[KSyncPolicy[m[K>>(
[4.256s]       |                                                          [01;31m[K^~~~~~~~~~[m[K
[4.256s] [01m[K/home/nunnari/ros2_ws/src/elas_ros2_cpp/src/elas_node.cpp:18:58:[m[K [01;31m[Kerror: [m[Ktemplate argument 1 is invalid
[4.300s] [01m[K/home/nunnari/ros2_ws/src/elas_ros2_cpp/src/elas_node.cpp:20:8:[m[K [01;31m[Kerror: [m[Kbase operand of ‘[01m[K->[m[K’ is not a pointer
[4.300s]    20 |   sync_[01;31m[K->[m[KsetMaxIntervalDuration(rclcpp::Duration::from_seconds(0.1));
[4.300s]       |        [01;31m[K^~[m[K
[4.300s] [01m[K/home/nunnari/ros2_ws/src/elas_ros2_cpp/src/elas_node.cpp:21:8:[m[K [01;31m[Kerror: [m[Kbase operand of ‘[01m[K->[m[K’ is not a pointer
[4.300s]    21 |   sync_[01;31m[K->[m[KregisterCallback(
[4.300s]       |        [01;31m[K^~[m[K
[5.298s] gmake[2]: *** [CMakeFiles/elas_node.dir/build.make:76: CMakeFiles/elas_node.dir/src/main.cpp.o] Error 1
[5.298s] gmake[2]: *** Waiting for unfinished jobs....
[8.365s] gmake[2]: *** [CMakeFiles/elas_node.dir/build.make:90: CMakeFiles/elas_node.dir/src/elas_node.cpp.o] Error 1
[8.365s] gmake[1]: *** [CMakeFiles/Makefile2:137: CMakeFiles/elas_node.dir/all] Error 2
[8.365s] gmake: *** [Makefile:146: all] Error 2
[8.368s] Invoked command in '/home/nunnari/ros2_ws/build/elas_ros2_cpp' returned '2': CMAKE_PREFIX_PATH=${CMAKE_PREFIX_PATH}:/opt/ros/humble /usr/bin/cmake --build /home/nunnari/ros2_ws/build/elas_ros2_cpp -- -j12 -l12
