[0.009s] Invoking command in '/mnt/hs2/SLAM-nav2/ros2_ws_stereo/build/stereo_depth_cpp': CMAKE_PREFIX_PATH=${CMAKE_PREFIX_PATH}:/opt/ros/humble /usr/bin/cmake --build /mnt/hs2/SLAM-nav2/ros2_ws_stereo/build/stereo_depth_cpp -- -j12 -l12
[0.044s] [35m[1mConsolidate compiler generated dependencies of target stereobm_node[0m
[0.080s] [ 33%] [32mBuilding CXX object CMakeFiles/stereobm_node.dir/src/main.cpp.o[0m
[0.080s] [ 66%] [32mBuilding CXX object CMakeFiles/stereobm_node.dir/src/stereobm_node.cpp.o[0m
[12.702s] [100%] [32m[1mLinking CXX executable stereobm_node[0m
[13.664s] [100%] Built target stereobm_node
[13.672s] Invoked command in '/mnt/hs2/SLAM-nav2/ros2_ws_stereo/build/stereo_depth_cpp' returned '0': CMAKE_PREFIX_PATH=${CMAKE_PREFIX_PATH}:/opt/ros/humble /usr/bin/cmake --build /mnt/hs2/SLAM-nav2/ros2_ws_stereo/build/stereo_depth_cpp -- -j12 -l12
[13.680s] Invoking command in '/mnt/hs2/SLAM-nav2/ros2_ws_stereo/build/stereo_depth_cpp': CMAKE_PREFIX_PATH=${CMAKE_PREFIX_PATH}:/opt/ros/humble /usr/bin/cmake --install /mnt/hs2/SLAM-nav2/ros2_ws_stereo/build/stereo_depth_cpp
[13.686s] -- Install configuration: ""
[13.715s] -- Installing: /mnt/hs2/SLAM-nav2/ros2_ws_stereo/install/stereo_depth_cpp/lib/stereo_depth_cpp/stereobm_node
[13.719s] -- Set runtime path of "/mnt/hs2/SLAM-nav2/ros2_ws_stereo/install/stereo_depth_cpp/lib/stereo_depth_cpp/stereobm_node" to ""
[13.719s] -- Up-to-date: /mnt/hs2/SLAM-nav2/ros2_ws_stereo/install/stereo_depth_cpp/share/ament_index/resource_index/package_run_dependencies/stereo_depth_cpp
[13.720s] -- Up-to-date: /mnt/hs2/SLAM-nav2/ros2_ws_stereo/install/stereo_depth_cpp/share/ament_index/resource_index/parent_prefix_path/stereo_depth_cpp
[13.720s] -- Up-to-date: /mnt/hs2/SLAM-nav2/ros2_ws_stereo/install/stereo_depth_cpp/share/stereo_depth_cpp/environment/ament_prefix_path.sh
[13.720s] -- Up-to-date: /mnt/hs2/SLAM-nav2/ros2_ws_stereo/install/stereo_depth_cpp/share/stereo_depth_cpp/environment/ament_prefix_path.dsv
[13.720s] -- Up-to-date: /mnt/hs2/SLAM-nav2/ros2_ws_stereo/install/stereo_depth_cpp/share/stereo_depth_cpp/environment/path.sh
[13.720s] -- Up-to-date: /mnt/hs2/SLAM-nav2/ros2_ws_stereo/install/stereo_depth_cpp/share/stereo_depth_cpp/environment/path.dsv
[13.720s] -- Up-to-date: /mnt/hs2/SLAM-nav2/ros2_ws_stereo/install/stereo_depth_cpp/share/stereo_depth_cpp/local_setup.bash
[13.720s] -- Up-to-date: /mnt/hs2/SLAM-nav2/ros2_ws_stereo/install/stereo_depth_cpp/share/stereo_depth_cpp/local_setup.sh
[13.720s] -- Up-to-date: /mnt/hs2/SLAM-nav2/ros2_ws_stereo/install/stereo_depth_cpp/share/stereo_depth_cpp/local_setup.zsh
[13.720s] -- Up-to-date: /mnt/hs2/SLAM-nav2/ros2_ws_stereo/install/stereo_depth_cpp/share/stereo_depth_cpp/local_setup.dsv
[13.720s] -- Installing: /mnt/hs2/SLAM-nav2/ros2_ws_stereo/install/stereo_depth_cpp/share/stereo_depth_cpp/package.dsv
[13.720s] -- Up-to-date: /mnt/hs2/SLAM-nav2/ros2_ws_stereo/install/stereo_depth_cpp/share/ament_index/resource_index/packages/stereo_depth_cpp
[13.720s] -- Up-to-date: /mnt/hs2/SLAM-nav2/ros2_ws_stereo/install/stereo_depth_cpp/share/stereo_depth_cpp/cmake/stereo_depth_cppConfig.cmake
[13.720s] -- Up-to-date: /mnt/hs2/SLAM-nav2/ros2_ws_stereo/install/stereo_depth_cpp/share/stereo_depth_cpp/cmake/stereo_depth_cppConfig-version.cmake
[13.720s] -- Up-to-date: /mnt/hs2/SLAM-nav2/ros2_ws_stereo/install/stereo_depth_cpp/share/stereo_depth_cpp/package.xml
[13.722s] Invoked command in '/mnt/hs2/SLAM-nav2/ros2_ws_stereo/build/stereo_depth_cpp' returned '0': CMAKE_PREFIX_PATH=${CMAKE_PREFIX_PATH}:/opt/ros/humble /usr/bin/cmake --install /mnt/hs2/SLAM-nav2/ros2_ws_stereo/build/stereo_depth_cpp
