[0.092s] DEBUG:colcon:Command line arguments: ['/usr/bin/colcon', 'build', '--packages-select', 'stereo_depth_cpp']
[0.092s] DEBUG:colcon:Parsed command line arguments: Namespace(log_base=None, log_level=None, verb_name='build', build_base='build', install_base='install', merge_install=False, symlink_install=False, test_result_base=None, continue_on_error=False, executor='parallel', parallel_workers=12, event_handlers=None, ignore_user_meta=False, metas=['./colcon.meta'], base_paths=['.'], packages_ignore=None, packages_ignore_regex=None, paths=None, packages_up_to=None, packages_up_to_regex=None, packages_above=None, packages_above_and_dependencies=None, packages_above_depth=None, packages_select_by_dep=None, packages_skip_by_dep=None, packages_skip_up_to=None, packages_select_build_failed=False, packages_skip_build_finished=False, packages_select_test_failures=False, packages_skip_test_passed=False, packages_select=['stereo_depth_cpp'], packages_skip=None, packages_select_regex=None, packages_skip_regex=None, packages_start=None, packages_end=None, allow_overriding=[], cmake_args=None, cmake_target=None, cmake_target_skip_unavailable=False, cmake_clean_cache=False, cmake_clean_first=False, cmake_force_configure=False, ament_cmake_args=None, catkin_cmake_args=None, catkin_skip_building_tests=False, mixin_files=None, mixin=None, verb_parser=<colcon_mixin.mixin.mixin_argument.MixinArgumentDecorator object at 0x743c15772410>, verb_extension=<colcon_core.verb.build.BuildVerb object at 0x743c15771d80>, main=<bound method BuildVerb.main of <colcon_core.verb.build.BuildVerb object at 0x743c15771d80>>, mixin_verb=('build',))
[0.254s] Level 1:colcon.colcon_core.package_discovery:discover_packages(colcon_meta) check parameters
[0.254s] Level 1:colcon.colcon_core.package_discovery:discover_packages(recursive) check parameters
[0.254s] Level 1:colcon.colcon_core.package_discovery:discover_packages(ignore) check parameters
[0.254s] Level 1:colcon.colcon_core.package_discovery:discover_packages(path) check parameters
[0.254s] Level 1:colcon.colcon_core.package_discovery:discover_packages(colcon_meta) discover
[0.254s] Level 1:colcon.colcon_core.package_discovery:discover_packages(recursive) discover
[0.254s] INFO:colcon.colcon_core.package_discovery:Crawling recursively for packages in '/mnt/hs2/SLAM-nav2/ros2_ws_stereo'
[0.254s] Level 1:colcon.colcon_core.package_identification:_identify(.) by extensions ['ignore', 'ignore_ament_install']
[0.254s] Level 1:colcon.colcon_core.package_identification:_identify(.) by extension 'ignore'
[0.254s] Level 1:colcon.colcon_core.package_identification:_identify(.) by extension 'ignore_ament_install'
[0.254s] Level 1:colcon.colcon_core.package_identification:_identify(.) by extensions ['colcon_pkg']
[0.254s] Level 1:colcon.colcon_core.package_identification:_identify(.) by extension 'colcon_pkg'
[0.254s] Level 1:colcon.colcon_core.package_identification:_identify(.) by extensions ['colcon_meta']
[0.254s] Level 1:colcon.colcon_core.package_identification:_identify(.) by extension 'colcon_meta'
[0.254s] Level 1:colcon.colcon_core.package_identification:_identify(.) by extensions ['ros']
[0.254s] Level 1:colcon.colcon_core.package_identification:_identify(.) by extension 'ros'
[0.273s] Level 1:colcon.colcon_core.package_identification:_identify(.) by extensions ['cmake', 'python']
[0.273s] Level 1:colcon.colcon_core.package_identification:_identify(.) by extension 'cmake'
[0.273s] Level 1:colcon.colcon_core.package_identification:_identify(.) by extension 'python'
[0.273s] Level 1:colcon.colcon_core.package_identification:_identify(.) by extensions ['python_setup_py']
[0.273s] Level 1:colcon.colcon_core.package_identification:_identify(.) by extension 'python_setup_py'
[0.273s] Level 1:colcon.colcon_core.package_identification:_identify(build) by extensions ['ignore', 'ignore_ament_install']
[0.273s] Level 1:colcon.colcon_core.package_identification:_identify(build) by extension 'ignore'
[0.273s] Level 1:colcon.colcon_core.package_identification:_identify(build) ignored
[0.273s] Level 1:colcon.colcon_core.package_identification:_identify(install) by extensions ['ignore', 'ignore_ament_install']
[0.273s] Level 1:colcon.colcon_core.package_identification:_identify(install) by extension 'ignore'
[0.273s] Level 1:colcon.colcon_core.package_identification:_identify(install) ignored
[0.273s] Level 1:colcon.colcon_core.package_identification:_identify(log) by extensions ['ignore', 'ignore_ament_install']
[0.273s] Level 1:colcon.colcon_core.package_identification:_identify(log) by extension 'ignore'
[0.273s] Level 1:colcon.colcon_core.package_identification:_identify(log) ignored
[0.273s] Level 1:colcon.colcon_core.package_identification:_identify(src) by extensions ['ignore', 'ignore_ament_install']
[0.274s] Level 1:colcon.colcon_core.package_identification:_identify(src) by extension 'ignore'
[0.274s] Level 1:colcon.colcon_core.package_identification:_identify(src) by extension 'ignore_ament_install'
[0.274s] Level 1:colcon.colcon_core.package_identification:_identify(src) by extensions ['colcon_pkg']
[0.274s] Level 1:colcon.colcon_core.package_identification:_identify(src) by extension 'colcon_pkg'
[0.274s] Level 1:colcon.colcon_core.package_identification:_identify(src) by extensions ['colcon_meta']
[0.274s] Level 1:colcon.colcon_core.package_identification:_identify(src) by extension 'colcon_meta'
[0.274s] Level 1:colcon.colcon_core.package_identification:_identify(src) by extensions ['ros']
[0.274s] Level 1:colcon.colcon_core.package_identification:_identify(src) by extension 'ros'
[0.274s] Level 1:colcon.colcon_core.package_identification:_identify(src) by extensions ['cmake', 'python']
[0.274s] Level 1:colcon.colcon_core.package_identification:_identify(src) by extension 'cmake'
[0.274s] Level 1:colcon.colcon_core.package_identification:_identify(src) by extension 'python'
[0.274s] Level 1:colcon.colcon_core.package_identification:_identify(src) by extensions ['python_setup_py']
[0.274s] Level 1:colcon.colcon_core.package_identification:_identify(src) by extension 'python_setup_py'
[0.274s] Level 1:colcon.colcon_core.package_identification:_identify(src/stereo_depth_cpp) by extensions ['ignore', 'ignore_ament_install']
[0.274s] Level 1:colcon.colcon_core.package_identification:_identify(src/stereo_depth_cpp) by extension 'ignore'
[0.274s] Level 1:colcon.colcon_core.package_identification:_identify(src/stereo_depth_cpp) by extension 'ignore_ament_install'
[0.274s] Level 1:colcon.colcon_core.package_identification:_identify(src/stereo_depth_cpp) by extensions ['colcon_pkg']
[0.274s] Level 1:colcon.colcon_core.package_identification:_identify(src/stereo_depth_cpp) by extension 'colcon_pkg'
[0.274s] Level 1:colcon.colcon_core.package_identification:_identify(src/stereo_depth_cpp) by extensions ['colcon_meta']
[0.274s] Level 1:colcon.colcon_core.package_identification:_identify(src/stereo_depth_cpp) by extension 'colcon_meta'
[0.274s] Level 1:colcon.colcon_core.package_identification:_identify(src/stereo_depth_cpp) by extensions ['ros']
[0.274s] Level 1:colcon.colcon_core.package_identification:_identify(src/stereo_depth_cpp) by extension 'ros'
[0.277s] DEBUG:colcon.colcon_core.package_identification:Package 'src/stereo_depth_cpp' with type 'ros.ament_cmake' and name 'stereo_depth_cpp'
[0.277s] Level 1:colcon.colcon_core.package_discovery:discover_packages(recursive) using defaults
[0.277s] Level 1:colcon.colcon_core.package_discovery:discover_packages(ignore) discover
[0.277s] Level 1:colcon.colcon_core.package_discovery:discover_packages(ignore) using defaults
[0.277s] Level 1:colcon.colcon_core.package_discovery:discover_packages(path) discover
[0.277s] Level 1:colcon.colcon_core.package_discovery:discover_packages(path) using defaults
[0.292s] Level 1:colcon.colcon_core.package_discovery:discover_packages(prefix_path) check parameters
[0.292s] Level 1:colcon.colcon_core.package_discovery:discover_packages(prefix_path) discover
[0.293s] WARNING:colcon.colcon_ros.prefix_path.ament:The path '/usr' in the environment variable AMENT_PREFIX_PATH doesn't contain any 'local_setup.*' files.
[0.294s] DEBUG:colcon.colcon_installed_package_information.package_discovery:Found 1 installed packages in /mnt/hs2/SLAM-nav2/ros2_ws_stereo/install
[0.294s] DEBUG:colcon.colcon_installed_package_information.package_discovery:Found 1 installed packages in /home/nunnari/elas_ws/install
[0.294s] Level 1:colcon.colcon_core.package_discovery:discover_packages(prefix_path) using defaults
[0.295s] Level 5:colcon.colcon_core.verb:set package 'stereo_depth_cpp' build argument 'cmake_args' from command line to 'None'
[0.295s] Level 5:colcon.colcon_core.verb:set package 'stereo_depth_cpp' build argument 'cmake_target' from command line to 'None'
[0.295s] Level 5:colcon.colcon_core.verb:set package 'stereo_depth_cpp' build argument 'cmake_target_skip_unavailable' from command line to 'False'
[0.295s] Level 5:colcon.colcon_core.verb:set package 'stereo_depth_cpp' build argument 'cmake_clean_cache' from command line to 'False'
[0.295s] Level 5:colcon.colcon_core.verb:set package 'stereo_depth_cpp' build argument 'cmake_clean_first' from command line to 'False'
[0.295s] Level 5:colcon.colcon_core.verb:set package 'stereo_depth_cpp' build argument 'cmake_force_configure' from command line to 'False'
[0.295s] Level 5:colcon.colcon_core.verb:set package 'stereo_depth_cpp' build argument 'ament_cmake_args' from command line to 'None'
[0.296s] Level 5:colcon.colcon_core.verb:set package 'stereo_depth_cpp' build argument 'catkin_cmake_args' from command line to 'None'
[0.296s] Level 5:colcon.colcon_core.verb:set package 'stereo_depth_cpp' build argument 'catkin_skip_building_tests' from command line to 'False'
[0.296s] DEBUG:colcon.colcon_core.verb:Building package 'stereo_depth_cpp' with the following arguments: {'ament_cmake_args': None, 'build_base': '/mnt/hs2/SLAM-nav2/ros2_ws_stereo/build/stereo_depth_cpp', 'catkin_cmake_args': None, 'catkin_skip_building_tests': False, 'cmake_args': None, 'cmake_clean_cache': False, 'cmake_clean_first': False, 'cmake_force_configure': False, 'cmake_target': None, 'cmake_target_skip_unavailable': False, 'install_base': '/mnt/hs2/SLAM-nav2/ros2_ws_stereo/install/stereo_depth_cpp', 'merge_install': False, 'path': '/mnt/hs2/SLAM-nav2/ros2_ws_stereo/src/stereo_depth_cpp', 'symlink_install': False, 'test_result_base': None}
[0.296s] INFO:colcon.colcon_core.executor:Executing jobs using 'parallel' executor
[0.296s] DEBUG:colcon.colcon_parallel_executor.executor.parallel:run_until_complete
[0.297s] INFO:colcon.colcon_ros.task.ament_cmake.build:Building ROS package in '/mnt/hs2/SLAM-nav2/ros2_ws_stereo/src/stereo_depth_cpp' with build type 'ament_cmake'
[0.297s] INFO:colcon.colcon_cmake.task.cmake.build:Building CMake package in '/mnt/hs2/SLAM-nav2/ros2_ws_stereo/src/stereo_depth_cpp'
[0.298s] INFO:colcon.colcon_core.plugin_system:Skipping extension 'colcon_core.shell.bat': Not used on non-Windows systems
[0.298s] INFO:colcon.colcon_core.shell:Skip shell extension 'powershell' for command environment: Not usable outside of PowerShell
[0.298s] DEBUG:colcon.colcon_core.shell:Skip shell extension 'dsv' for command environment
[0.305s] DEBUG:colcon.colcon_core.event_handler.log_command:Invoking command in '/mnt/hs2/SLAM-nav2/ros2_ws_stereo/build/stereo_depth_cpp': /usr/bin/cmake --build /mnt/hs2/SLAM-nav2/ros2_ws_stereo/build/stereo_depth_cpp -- -j12 -l12
[14.560s] DEBUG:colcon.colcon_core.event_handler.log_command:Invoked command in '/mnt/hs2/SLAM-nav2/ros2_ws_stereo/build/stereo_depth_cpp' returned '0': /usr/bin/cmake --build /mnt/hs2/SLAM-nav2/ros2_ws_stereo/build/stereo_depth_cpp -- -j12 -l12
[14.568s] DEBUG:colcon.colcon_core.event_handler.log_command:Invoking command in '/mnt/hs2/SLAM-nav2/ros2_ws_stereo/build/stereo_depth_cpp': /usr/bin/cmake --install /mnt/hs2/SLAM-nav2/ros2_ws_stereo/build/stereo_depth_cpp
[14.580s] Level 1:colcon.colcon_core.environment:create_environment_scripts_only(stereo_depth_cpp)
[14.581s] DEBUG:colcon.colcon_core.event_handler.log_command:Invoked command in '/mnt/hs2/SLAM-nav2/ros2_ws_stereo/build/stereo_depth_cpp' returned '0': /usr/bin/cmake --install /mnt/hs2/SLAM-nav2/ros2_ws_stereo/build/stereo_depth_cpp
[14.582s] Level 1:colcon.colcon_core.environment:checking '/mnt/hs2/SLAM-nav2/ros2_ws_stereo/install/stereo_depth_cpp' for CMake module files
[14.583s] Level 1:colcon.colcon_core.environment:checking '/mnt/hs2/SLAM-nav2/ros2_ws_stereo/install/stereo_depth_cpp' for CMake config files
[14.583s] Level 1:colcon.colcon_core.shell:create_environment_hook('stereo_depth_cpp', 'cmake_prefix_path')
[14.583s] INFO:colcon.colcon_core.shell:Creating environment hook '/mnt/hs2/SLAM-nav2/ros2_ws_stereo/install/stereo_depth_cpp/share/stereo_depth_cpp/hook/cmake_prefix_path.ps1'
[14.584s] INFO:colcon.colcon_core.shell:Creating environment descriptor '/mnt/hs2/SLAM-nav2/ros2_ws_stereo/install/stereo_depth_cpp/share/stereo_depth_cpp/hook/cmake_prefix_path.dsv'
[14.585s] INFO:colcon.colcon_core.shell:Creating environment hook '/mnt/hs2/SLAM-nav2/ros2_ws_stereo/install/stereo_depth_cpp/share/stereo_depth_cpp/hook/cmake_prefix_path.sh'
[14.585s] Level 1:colcon.colcon_core.environment:checking '/mnt/hs2/SLAM-nav2/ros2_ws_stereo/install/stereo_depth_cpp/lib'
[14.585s] Level 1:colcon.colcon_core.environment:checking '/mnt/hs2/SLAM-nav2/ros2_ws_stereo/install/stereo_depth_cpp/bin'
[14.585s] Level 1:colcon.colcon_core.environment:checking '/mnt/hs2/SLAM-nav2/ros2_ws_stereo/install/stereo_depth_cpp/lib/pkgconfig/stereo_depth_cpp.pc'
[14.586s] Level 1:colcon.colcon_core.environment:checking '/mnt/hs2/SLAM-nav2/ros2_ws_stereo/install/stereo_depth_cpp/lib/python3.10/site-packages'
[14.586s] Level 1:colcon.colcon_core.environment:checking '/mnt/hs2/SLAM-nav2/ros2_ws_stereo/install/stereo_depth_cpp/bin'
[14.587s] INFO:colcon.colcon_core.shell:Creating package script '/mnt/hs2/SLAM-nav2/ros2_ws_stereo/install/stereo_depth_cpp/share/stereo_depth_cpp/package.ps1'
[14.587s] INFO:colcon.colcon_core.shell:Creating package descriptor '/mnt/hs2/SLAM-nav2/ros2_ws_stereo/install/stereo_depth_cpp/share/stereo_depth_cpp/package.dsv'
[14.588s] INFO:colcon.colcon_core.shell:Creating package script '/mnt/hs2/SLAM-nav2/ros2_ws_stereo/install/stereo_depth_cpp/share/stereo_depth_cpp/package.sh'
[14.588s] INFO:colcon.colcon_core.shell:Creating package script '/mnt/hs2/SLAM-nav2/ros2_ws_stereo/install/stereo_depth_cpp/share/stereo_depth_cpp/package.bash'
[14.589s] INFO:colcon.colcon_core.shell:Creating package script '/mnt/hs2/SLAM-nav2/ros2_ws_stereo/install/stereo_depth_cpp/share/stereo_depth_cpp/package.zsh'
[14.590s] Level 1:colcon.colcon_core.environment:create_file_with_runtime_dependencies(/mnt/hs2/SLAM-nav2/ros2_ws_stereo/install/stereo_depth_cpp/share/colcon-core/packages/stereo_depth_cpp)
[14.591s] Level 1:colcon.colcon_core.environment:create_environment_scripts_only(stereo_depth_cpp)
[14.591s] Level 1:colcon.colcon_core.environment:checking '/mnt/hs2/SLAM-nav2/ros2_ws_stereo/install/stereo_depth_cpp' for CMake module files
[14.591s] Level 1:colcon.colcon_core.environment:checking '/mnt/hs2/SLAM-nav2/ros2_ws_stereo/install/stereo_depth_cpp' for CMake config files
[14.591s] Level 1:colcon.colcon_core.shell:create_environment_hook('stereo_depth_cpp', 'cmake_prefix_path')
[14.591s] INFO:colcon.colcon_core.shell:Creating environment hook '/mnt/hs2/SLAM-nav2/ros2_ws_stereo/install/stereo_depth_cpp/share/stereo_depth_cpp/hook/cmake_prefix_path.ps1'
[14.592s] INFO:colcon.colcon_core.shell:Creating environment descriptor '/mnt/hs2/SLAM-nav2/ros2_ws_stereo/install/stereo_depth_cpp/share/stereo_depth_cpp/hook/cmake_prefix_path.dsv'
[14.592s] INFO:colcon.colcon_core.shell:Creating environment hook '/mnt/hs2/SLAM-nav2/ros2_ws_stereo/install/stereo_depth_cpp/share/stereo_depth_cpp/hook/cmake_prefix_path.sh'
[14.592s] Level 1:colcon.colcon_core.environment:checking '/mnt/hs2/SLAM-nav2/ros2_ws_stereo/install/stereo_depth_cpp/lib'
[14.592s] Level 1:colcon.colcon_core.environment:checking '/mnt/hs2/SLAM-nav2/ros2_ws_stereo/install/stereo_depth_cpp/bin'
[14.592s] Level 1:colcon.colcon_core.environment:checking '/mnt/hs2/SLAM-nav2/ros2_ws_stereo/install/stereo_depth_cpp/lib/pkgconfig/stereo_depth_cpp.pc'
[14.593s] Level 1:colcon.colcon_core.environment:checking '/mnt/hs2/SLAM-nav2/ros2_ws_stereo/install/stereo_depth_cpp/lib/python3.10/site-packages'
[14.593s] Level 1:colcon.colcon_core.environment:checking '/mnt/hs2/SLAM-nav2/ros2_ws_stereo/install/stereo_depth_cpp/bin'
[14.593s] INFO:colcon.colcon_core.shell:Creating package script '/mnt/hs2/SLAM-nav2/ros2_ws_stereo/install/stereo_depth_cpp/share/stereo_depth_cpp/package.ps1'
[14.593s] INFO:colcon.colcon_core.shell:Creating package descriptor '/mnt/hs2/SLAM-nav2/ros2_ws_stereo/install/stereo_depth_cpp/share/stereo_depth_cpp/package.dsv'
[14.594s] INFO:colcon.colcon_core.shell:Creating package script '/mnt/hs2/SLAM-nav2/ros2_ws_stereo/install/stereo_depth_cpp/share/stereo_depth_cpp/package.sh'
[14.594s] INFO:colcon.colcon_core.shell:Creating package script '/mnt/hs2/SLAM-nav2/ros2_ws_stereo/install/stereo_depth_cpp/share/stereo_depth_cpp/package.bash'
[14.594s] INFO:colcon.colcon_core.shell:Creating package script '/mnt/hs2/SLAM-nav2/ros2_ws_stereo/install/stereo_depth_cpp/share/stereo_depth_cpp/package.zsh'
[14.595s] Level 1:colcon.colcon_core.environment:create_file_with_runtime_dependencies(/mnt/hs2/SLAM-nav2/ros2_ws_stereo/install/stereo_depth_cpp/share/colcon-core/packages/stereo_depth_cpp)
[14.595s] DEBUG:colcon.colcon_parallel_executor.executor.parallel:closing loop
[14.595s] DEBUG:colcon.colcon_parallel_executor.executor.parallel:loop closed
[14.595s] DEBUG:colcon.colcon_parallel_executor.executor.parallel:run_until_complete finished with '0'
[14.595s] DEBUG:colcon.colcon_core.event_reactor:joining thread
[14.599s] INFO:colcon.colcon_core.plugin_system:Skipping extension 'colcon_notification.desktop_notification.terminal_notifier': Not used on non-Darwin systems
[14.599s] INFO:colcon.colcon_core.plugin_system:Skipping extension 'colcon_notification.desktop_notification.win32': Not used on non-Windows systems
[14.599s] INFO:colcon.colcon_notification.desktop_notification:Sending desktop notification using 'notify2'
[14.609s] DEBUG:colcon.colcon_core.event_reactor:joined thread
[14.609s] INFO:colcon.colcon_core.shell:Creating prefix script '/mnt/hs2/SLAM-nav2/ros2_ws_stereo/install/local_setup.ps1'
[14.610s] INFO:colcon.colcon_core.shell:Creating prefix util module '/mnt/hs2/SLAM-nav2/ros2_ws_stereo/install/_local_setup_util_ps1.py'
[14.611s] INFO:colcon.colcon_core.shell:Creating prefix chain script '/mnt/hs2/SLAM-nav2/ros2_ws_stereo/install/setup.ps1'
[14.612s] INFO:colcon.colcon_core.shell:Creating prefix script '/mnt/hs2/SLAM-nav2/ros2_ws_stereo/install/local_setup.sh'
[14.613s] INFO:colcon.colcon_core.shell:Creating prefix util module '/mnt/hs2/SLAM-nav2/ros2_ws_stereo/install/_local_setup_util_sh.py'
[14.613s] INFO:colcon.colcon_core.shell:Creating prefix chain script '/mnt/hs2/SLAM-nav2/ros2_ws_stereo/install/setup.sh'
[14.614s] INFO:colcon.colcon_core.shell:Creating prefix script '/mnt/hs2/SLAM-nav2/ros2_ws_stereo/install/local_setup.bash'
[14.614s] INFO:colcon.colcon_core.shell:Creating prefix chain script '/mnt/hs2/SLAM-nav2/ros2_ws_stereo/install/setup.bash'
[14.615s] INFO:colcon.colcon_core.shell:Creating prefix script '/mnt/hs2/SLAM-nav2/ros2_ws_stereo/install/local_setup.zsh'
[14.625s] INFO:colcon.colcon_core.shell:Creating prefix chain script '/mnt/hs2/SLAM-nav2/ros2_ws_stereo/install/setup.zsh'
