[0.009s] Invoking command in '/mnt/hs2/SLAM-nav2/ros2_ws_stereo/build/stereo_depth_cpp': CMAKE_PREFIX_PATH=${CMAKE_PREFIX_PATH}:/opt/ros/humble /usr/bin/cmake --build /mnt/hs2/SLAM-nav2/ros2_ws_stereo/build/stereo_depth_cpp -- -j12 -l12
[0.053s] [ 33%] [32mBuilding CXX object CMakeFiles/stereobm_node.dir/src/stereobm_node.cpp.o[0m
[12.212s] [ 66%] [32m[1mLinking CXX executable stereobm_node[0m
[13.178s] [100%] Built target stereobm_node
[13.186s] Invoked command in '/mnt/hs2/SLAM-nav2/ros2_ws_stereo/build/stereo_depth_cpp' returned '0': CMAKE_PREFIX_PATH=${CMAKE_PREFIX_PATH}:/opt/ros/humble /usr/bin/cmake --build /mnt/hs2/SLAM-nav2/ros2_ws_stereo/build/stereo_depth_cpp -- -j12 -l12
[13.193s] Invoking command in '/mnt/hs2/SLAM-nav2/ros2_ws_stereo/build/stereo_depth_cpp': CMAKE_PREFIX_PATH=${CMAKE_PREFIX_PATH}:/opt/ros/humble /usr/bin/cmake --install /mnt/hs2/SLAM-nav2/ros2_ws_stereo/build/stereo_depth_cpp
[13.232s] -- Install configuration: ""
[13.264s] -- Installing: /mnt/hs2/SLAM-nav2/ros2_ws_stereo/install/stereo_depth_cpp/lib/stereo_depth_cpp/stereobm_node
[13.269s] -- Set runtime path of "/mnt/hs2/SLAM-nav2/ros2_ws_stereo/install/stereo_depth_cpp/lib/stereo_depth_cpp/stereobm_node" to ""
[13.269s] -- Up-to-date: /mnt/hs2/SLAM-nav2/ros2_ws_stereo/install/stereo_depth_cpp/share/ament_index/resource_index/package_run_dependencies/stereo_depth_cpp
[13.270s] -- Up-to-date: /mnt/hs2/SLAM-nav2/ros2_ws_stereo/install/stereo_depth_cpp/share/ament_index/resource_index/parent_prefix_path/stereo_depth_cpp
[13.270s] -- Up-to-date: /mnt/hs2/SLAM-nav2/ros2_ws_stereo/install/stereo_depth_cpp/share/stereo_depth_cpp/environment/ament_prefix_path.sh
[13.270s] -- Up-to-date: /mnt/hs2/SLAM-nav2/ros2_ws_stereo/install/stereo_depth_cpp/share/stereo_depth_cpp/environment/ament_prefix_path.dsv
[13.270s] -- Up-to-date: /mnt/hs2/SLAM-nav2/ros2_ws_stereo/install/stereo_depth_cpp/share/stereo_depth_cpp/environment/path.sh
[13.270s] -- Up-to-date: /mnt/hs2/SLAM-nav2/ros2_ws_stereo/install/stereo_depth_cpp/share/stereo_depth_cpp/environment/path.dsv
[13.270s] -- Up-to-date: /mnt/hs2/SLAM-nav2/ros2_ws_stereo/install/stereo_depth_cpp/share/stereo_depth_cpp/local_setup.bash
[13.270s] -- Up-to-date: /mnt/hs2/SLAM-nav2/ros2_ws_stereo/install/stereo_depth_cpp/share/stereo_depth_cpp/local_setup.sh
[13.270s] -- Up-to-date: /mnt/hs2/SLAM-nav2/ros2_ws_stereo/install/stereo_depth_cpp/share/stereo_depth_cpp/local_setup.zsh
[13.270s] -- Up-to-date: /mnt/hs2/SLAM-nav2/ros2_ws_stereo/install/stereo_depth_cpp/share/stereo_depth_cpp/local_setup.dsv
[13.270s] -- Installing: /mnt/hs2/SLAM-nav2/ros2_ws_stereo/install/stereo_depth_cpp/share/stereo_depth_cpp/package.dsv
[13.288s] -- Up-to-date: /mnt/hs2/SLAM-nav2/ros2_ws_stereo/install/stereo_depth_cpp/share/ament_index/resource_index/packages/stereo_depth_cpp
[13.289s] -- Up-to-date: /mnt/hs2/SLAM-nav2/ros2_ws_stereo/install/stereo_depth_cpp/share/stereo_depth_cpp/cmake/stereo_depth_cppConfig.cmake
[13.289s] -- Up-to-date: /mnt/hs2/SLAM-nav2/ros2_ws_stereo/install/stereo_depth_cpp/share/stereo_depth_cpp/cmake/stereo_depth_cppConfig-version.cmake
[13.289s] -- Up-to-date: /mnt/hs2/SLAM-nav2/ros2_ws_stereo/install/stereo_depth_cpp/share/stereo_depth_cpp/package.xml
[13.291s] Invoked command in '/mnt/hs2/SLAM-nav2/ros2_ws_stereo/build/stereo_depth_cpp' returned '0': CMAKE_PREFIX_PATH=${CMAKE_PREFIX_PATH}:/opt/ros/humble /usr/bin/cmake --install /mnt/hs2/SLAM-nav2/ros2_ws_stereo/build/stereo_depth_cpp
