[35m[1mConsolidate compiler generated dependencies of target elas_node[0m
[ 25%] [32mBuilding CXX object CMakeFiles/elas_node.dir/src/elas_node.cpp.o[0m
[ 25%] [32mBuilding CXX object CMakeFiles/elas_node.dir/src/main.cpp.o[0m
[ 37%] [32m[1mLinking CXX executable elas_node[0m
[100%] Built target elas_node
-- Install configuration: ""
-- Installing: /home/nunnari/ros2_ws/install/elas_ros2_cpp/lib/elas_ros2_cpp/elas_node
-- Set runtime path of "/home/nunnari/ros2_ws/install/elas_ros2_cpp/lib/elas_ros2_cpp/elas_node" to ""
-- Installing: /home/nunnari/ros2_ws/install/elas_ros2_cpp/share/ament_index/resource_index/package_run_dependencies/elas_ros2_cpp
-- Installing: /home/nunnari/ros2_ws/install/elas_ros2_cpp/share/ament_index/resource_index/parent_prefix_path/elas_ros2_cpp
-- Installing: /home/nunnari/ros2_ws/install/elas_ros2_cpp/share/elas_ros2_cpp/environment/ament_prefix_path.sh
-- Installing: /home/nunnari/ros2_ws/install/elas_ros2_cpp/share/elas_ros2_cpp/environment/ament_prefix_path.dsv
-- Installing: /home/nunnari/ros2_ws/install/elas_ros2_cpp/share/elas_ros2_cpp/environment/path.sh
-- Installing: /home/nunnari/ros2_ws/install/elas_ros2_cpp/share/elas_ros2_cpp/environment/path.dsv
-- Installing: /home/nunnari/ros2_ws/install/elas_ros2_cpp/share/elas_ros2_cpp/local_setup.bash
-- Installing: /home/nunnari/ros2_ws/install/elas_ros2_cpp/share/elas_ros2_cpp/local_setup.sh
-- Installing: /home/nunnari/ros2_ws/install/elas_ros2_cpp/share/elas_ros2_cpp/local_setup.zsh
-- Installing: /home/nunnari/ros2_ws/install/elas_ros2_cpp/share/elas_ros2_cpp/local_setup.dsv
-- Installing: /home/nunnari/ros2_ws/install/elas_ros2_cpp/share/elas_ros2_cpp/package.dsv
-- Installing: /home/nunnari/ros2_ws/install/elas_ros2_cpp/share/ament_index/resource_index/packages/elas_ros2_cpp
-- Installing: /home/nunnari/ros2_ws/install/elas_ros2_cpp/share/elas_ros2_cpp/cmake/elas_ros2_cppConfig.cmake
-- Installing: /home/nunnari/ros2_ws/install/elas_ros2_cpp/share/elas_ros2_cpp/cmake/elas_ros2_cppConfig-version.cmake
-- Installing: /home/nunnari/ros2_ws/install/elas_ros2_cpp/share/elas_ros2_cpp/package.xml
