[0.100s] DEBUG:colcon:Command line arguments: ['/usr/bin/colcon', 'build', '--packages-select', 'elas_ros2_cpp']
[0.100s] DEBUG:colcon:Parsed command line arguments: Namespace(log_base=None, log_level=None, verb_name='build', build_base='build', install_base='install', merge_install=False, symlink_install=False, test_result_base=None, continue_on_error=False, executor='parallel', parallel_workers=12, event_handlers=None, ignore_user_meta=False, metas=['./colcon.meta'], base_paths=['.'], packages_ignore=None, packages_ignore_regex=None, paths=None, packages_up_to=None, packages_up_to_regex=None, packages_above=None, packages_above_and_dependencies=None, packages_above_depth=None, packages_select_by_dep=None, packages_skip_by_dep=None, packages_skip_up_to=None, packages_select_build_failed=False, packages_skip_build_finished=False, packages_select_test_failures=False, packages_skip_test_passed=False, packages_select=['elas_ros2_cpp'], packages_skip=None, packages_select_regex=None, packages_skip_regex=None, packages_start=None, packages_end=None, allow_overriding=[], cmake_args=None, cmake_target=None, cmake_target_skip_unavailable=False, cmake_clean_cache=False, cmake_clean_first=False, cmake_force_configure=False, ament_cmake_args=None, catkin_cmake_args=None, catkin_skip_building_tests=False, mixin_files=None, mixin=None, verb_parser=<colcon_mixin.mixin.mixin_argument.MixinArgumentDecorator object at 0x7c55ac96e200>, verb_extension=<colcon_core.verb.build.BuildVerb object at 0x7c55ac96db70>, main=<bound method BuildVerb.main of <colcon_core.verb.build.BuildVerb object at 0x7c55ac96db70>>, mixin_verb=('build',))
[0.272s] Level 1:colcon.colcon_core.package_discovery:discover_packages(colcon_meta) check parameters
[0.272s] Level 1:colcon.colcon_core.package_discovery:discover_packages(recursive) check parameters
[0.272s] Level 1:colcon.colcon_core.package_discovery:discover_packages(ignore) check parameters
[0.272s] Level 1:colcon.colcon_core.package_discovery:discover_packages(path) check parameters
[0.272s] Level 1:colcon.colcon_core.package_discovery:discover_packages(colcon_meta) discover
[0.272s] Level 1:colcon.colcon_core.package_discovery:discover_packages(recursive) discover
[0.272s] INFO:colcon.colcon_core.package_discovery:Crawling recursively for packages in '/home/nunnari/ros2_ws'
[0.273s] Level 1:colcon.colcon_core.package_identification:_identify(.) by extensions ['ignore', 'ignore_ament_install']
[0.273s] Level 1:colcon.colcon_core.package_identification:_identify(.) by extension 'ignore'
[0.273s] Level 1:colcon.colcon_core.package_identification:_identify(.) by extension 'ignore_ament_install'
[0.273s] Level 1:colcon.colcon_core.package_identification:_identify(.) by extensions ['colcon_pkg']
[0.273s] Level 1:colcon.colcon_core.package_identification:_identify(.) by extension 'colcon_pkg'
[0.273s] Level 1:colcon.colcon_core.package_identification:_identify(.) by extensions ['colcon_meta']
[0.273s] Level 1:colcon.colcon_core.package_identification:_identify(.) by extension 'colcon_meta'
[0.273s] Level 1:colcon.colcon_core.package_identification:_identify(.) by extensions ['ros']
[0.273s] Level 1:colcon.colcon_core.package_identification:_identify(.) by extension 'ros'
[0.293s] Level 1:colcon.colcon_core.package_identification:_identify(.) by extensions ['cmake', 'python']
[0.293s] Level 1:colcon.colcon_core.package_identification:_identify(.) by extension 'cmake'
[0.293s] Level 1:colcon.colcon_core.package_identification:_identify(.) by extension 'python'
[0.293s] Level 1:colcon.colcon_core.package_identification:_identify(.) by extensions ['python_setup_py']
[0.293s] Level 1:colcon.colcon_core.package_identification:_identify(.) by extension 'python_setup_py'
[0.293s] Level 1:colcon.colcon_core.package_identification:_identify(build) by extensions ['ignore', 'ignore_ament_install']
[0.294s] Level 1:colcon.colcon_core.package_identification:_identify(build) by extension 'ignore'
[0.294s] Level 1:colcon.colcon_core.package_identification:_identify(build) ignored
[0.294s] Level 1:colcon.colcon_core.package_identification:_identify(install) by extensions ['ignore', 'ignore_ament_install']
[0.294s] Level 1:colcon.colcon_core.package_identification:_identify(install) by extension 'ignore'
[0.294s] Level 1:colcon.colcon_core.package_identification:_identify(install) ignored
[0.294s] Level 1:colcon.colcon_core.package_identification:_identify(log) by extensions ['ignore', 'ignore_ament_install']
[0.294s] Level 1:colcon.colcon_core.package_identification:_identify(log) by extension 'ignore'
[0.294s] Level 1:colcon.colcon_core.package_identification:_identify(log) ignored
[0.294s] Level 1:colcon.colcon_core.package_identification:_identify(src) by extensions ['ignore', 'ignore_ament_install']
[0.294s] Level 1:colcon.colcon_core.package_identification:_identify(src) by extension 'ignore'
[0.294s] Level 1:colcon.colcon_core.package_identification:_identify(src) by extension 'ignore_ament_install'
[0.294s] Level 1:colcon.colcon_core.package_identification:_identify(src) by extensions ['colcon_pkg']
[0.294s] Level 1:colcon.colcon_core.package_identification:_identify(src) by extension 'colcon_pkg'
[0.294s] Level 1:colcon.colcon_core.package_identification:_identify(src) by extensions ['colcon_meta']
[0.294s] Level 1:colcon.colcon_core.package_identification:_identify(src) by extension 'colcon_meta'
[0.294s] Level 1:colcon.colcon_core.package_identification:_identify(src) by extensions ['ros']
[0.294s] Level 1:colcon.colcon_core.package_identification:_identify(src) by extension 'ros'
[0.294s] Level 1:colcon.colcon_core.package_identification:_identify(src) by extensions ['cmake', 'python']
[0.295s] Level 1:colcon.colcon_core.package_identification:_identify(src) by extension 'cmake'
[0.295s] Level 1:colcon.colcon_core.package_identification:_identify(src) by extension 'python'
[0.295s] Level 1:colcon.colcon_core.package_identification:_identify(src) by extensions ['python_setup_py']
[0.295s] Level 1:colcon.colcon_core.package_identification:_identify(src) by extension 'python_setup_py'
[0.295s] Level 1:colcon.colcon_core.package_identification:_identify(src/elas_ros2_cpp) by extensions ['ignore', 'ignore_ament_install']
[0.295s] Level 1:colcon.colcon_core.package_identification:_identify(src/elas_ros2_cpp) by extension 'ignore'
[0.295s] Level 1:colcon.colcon_core.package_identification:_identify(src/elas_ros2_cpp) by extension 'ignore_ament_install'
[0.295s] Level 1:colcon.colcon_core.package_identification:_identify(src/elas_ros2_cpp) by extensions ['colcon_pkg']
[0.295s] Level 1:colcon.colcon_core.package_identification:_identify(src/elas_ros2_cpp) by extension 'colcon_pkg'
[0.295s] Level 1:colcon.colcon_core.package_identification:_identify(src/elas_ros2_cpp) by extensions ['colcon_meta']
[0.295s] Level 1:colcon.colcon_core.package_identification:_identify(src/elas_ros2_cpp) by extension 'colcon_meta'
[0.295s] Level 1:colcon.colcon_core.package_identification:_identify(src/elas_ros2_cpp) by extensions ['ros']
[0.295s] Level 1:colcon.colcon_core.package_identification:_identify(src/elas_ros2_cpp) by extension 'ros'
[0.298s] DEBUG:colcon.colcon_core.package_identification:Package 'src/elas_ros2_cpp' with type 'ros.ament_cmake' and name 'elas_ros2_cpp'
[0.298s] Level 1:colcon.colcon_core.package_discovery:discover_packages(recursive) using defaults
[0.298s] Level 1:colcon.colcon_core.package_discovery:discover_packages(ignore) discover
[0.298s] Level 1:colcon.colcon_core.package_discovery:discover_packages(ignore) using defaults
[0.298s] Level 1:colcon.colcon_core.package_discovery:discover_packages(path) discover
[0.298s] Level 1:colcon.colcon_core.package_discovery:discover_packages(path) using defaults
[0.315s] Level 1:colcon.colcon_core.package_discovery:discover_packages(prefix_path) check parameters
[0.315s] Level 1:colcon.colcon_core.package_discovery:discover_packages(prefix_path) discover
[0.316s] DEBUG:colcon.colcon_installed_package_information.package_discovery:Found 1 installed packages in /home/nunnari/elas_ws/install
[0.318s] DEBUG:colcon.colcon_installed_package_information.package_discovery:Found 483 installed packages in /opt/ros/humble
[0.321s] Level 1:colcon.colcon_core.package_discovery:discover_packages(prefix_path) using defaults
[0.371s] Level 5:colcon.colcon_core.verb:set package 'elas_ros2_cpp' build argument 'cmake_args' from command line to 'None'
[0.371s] Level 5:colcon.colcon_core.verb:set package 'elas_ros2_cpp' build argument 'cmake_target' from command line to 'None'
[0.371s] Level 5:colcon.colcon_core.verb:set package 'elas_ros2_cpp' build argument 'cmake_target_skip_unavailable' from command line to 'False'
[0.371s] Level 5:colcon.colcon_core.verb:set package 'elas_ros2_cpp' build argument 'cmake_clean_cache' from command line to 'False'
[0.371s] Level 5:colcon.colcon_core.verb:set package 'elas_ros2_cpp' build argument 'cmake_clean_first' from command line to 'False'
[0.371s] Level 5:colcon.colcon_core.verb:set package 'elas_ros2_cpp' build argument 'cmake_force_configure' from command line to 'False'
[0.371s] Level 5:colcon.colcon_core.verb:set package 'elas_ros2_cpp' build argument 'ament_cmake_args' from command line to 'None'
[0.371s] Level 5:colcon.colcon_core.verb:set package 'elas_ros2_cpp' build argument 'catkin_cmake_args' from command line to 'None'
[0.371s] Level 5:colcon.colcon_core.verb:set package 'elas_ros2_cpp' build argument 'catkin_skip_building_tests' from command line to 'False'
[0.371s] DEBUG:colcon.colcon_core.verb:Building package 'elas_ros2_cpp' with the following arguments: {'ament_cmake_args': None, 'build_base': '/home/nunnari/ros2_ws/build/elas_ros2_cpp', 'catkin_cmake_args': None, 'catkin_skip_building_tests': False, 'cmake_args': None, 'cmake_clean_cache': False, 'cmake_clean_first': False, 'cmake_force_configure': False, 'cmake_target': None, 'cmake_target_skip_unavailable': False, 'install_base': '/home/nunnari/ros2_ws/install/elas_ros2_cpp', 'merge_install': False, 'path': '/home/nunnari/ros2_ws/src/elas_ros2_cpp', 'symlink_install': False, 'test_result_base': None}
[0.371s] INFO:colcon.colcon_core.executor:Executing jobs using 'parallel' executor
[0.372s] DEBUG:colcon.colcon_parallel_executor.executor.parallel:run_until_complete
[0.373s] INFO:colcon.colcon_ros.task.ament_cmake.build:Building ROS package in '/home/nunnari/ros2_ws/src/elas_ros2_cpp' with build type 'ament_cmake'
[0.373s] INFO:colcon.colcon_cmake.task.cmake.build:Building CMake package in '/home/nunnari/ros2_ws/src/elas_ros2_cpp'
[0.374s] INFO:colcon.colcon_core.plugin_system:Skipping extension 'colcon_core.shell.bat': Not used on non-Windows systems
[0.375s] INFO:colcon.colcon_core.shell:Skip shell extension 'powershell' for command environment: Not usable outside of PowerShell
[0.375s] DEBUG:colcon.colcon_core.shell:Skip shell extension 'dsv' for command environment
[0.382s] DEBUG:colcon.colcon_core.event_handler.log_command:Invoking command in '/home/nunnari/ros2_ws/build/elas_ros2_cpp': CMAKE_PREFIX_PATH=${CMAKE_PREFIX_PATH}:/opt/ros/humble /usr/bin/cmake /home/nunnari/ros2_ws/src/elas_ros2_cpp -DCMAKE_INSTALL_PREFIX=/home/nunnari/ros2_ws/install/elas_ros2_cpp
[1.387s] DEBUG:colcon.colcon_core.event_handler.log_command:Invoked command in '/home/nunnari/ros2_ws/build/elas_ros2_cpp' returned '0': CMAKE_PREFIX_PATH=${CMAKE_PREFIX_PATH}:/opt/ros/humble /usr/bin/cmake /home/nunnari/ros2_ws/src/elas_ros2_cpp -DCMAKE_INSTALL_PREFIX=/home/nunnari/ros2_ws/install/elas_ros2_cpp
[1.389s] DEBUG:colcon.colcon_core.event_handler.log_command:Invoking command in '/home/nunnari/ros2_ws/build/elas_ros2_cpp': CMAKE_PREFIX_PATH=${CMAKE_PREFIX_PATH}:/opt/ros/humble /usr/bin/cmake --build /home/nunnari/ros2_ws/build/elas_ros2_cpp -- -j12 -l12
[8.741s] Level 1:colcon.colcon_core.environment:create_environment_scripts_only(elas_ros2_cpp)
[8.741s] DEBUG:colcon.colcon_core.event_handler.log_command:Invoked command in '/home/nunnari/ros2_ws/build/elas_ros2_cpp' returned '2': CMAKE_PREFIX_PATH=${CMAKE_PREFIX_PATH}:/opt/ros/humble /usr/bin/cmake --build /home/nunnari/ros2_ws/build/elas_ros2_cpp -- -j12 -l12
[8.743s] Level 1:colcon.colcon_core.environment:checking '/home/nunnari/ros2_ws/install/elas_ros2_cpp' for CMake module files
[8.743s] Level 1:colcon.colcon_core.environment:checking '/home/nunnari/ros2_ws/install/elas_ros2_cpp' for CMake config files
[8.744s] Level 1:colcon.colcon_core.environment:checking '/home/nunnari/ros2_ws/install/elas_ros2_cpp/bin'
[8.744s] Level 1:colcon.colcon_core.environment:checking '/home/nunnari/ros2_ws/install/elas_ros2_cpp/lib/pkgconfig/elas_ros2_cpp.pc'
[8.744s] Level 1:colcon.colcon_core.environment:checking '/home/nunnari/ros2_ws/install/elas_ros2_cpp/lib/python3.10/site-packages'
[8.744s] Level 1:colcon.colcon_core.environment:checking '/home/nunnari/ros2_ws/install/elas_ros2_cpp/bin'
[8.744s] INFO:colcon.colcon_core.shell:Creating package script '/home/nunnari/ros2_ws/install/elas_ros2_cpp/share/elas_ros2_cpp/package.ps1'
[8.745s] INFO:colcon.colcon_core.shell:Creating package descriptor '/home/nunnari/ros2_ws/install/elas_ros2_cpp/share/elas_ros2_cpp/package.dsv'
[8.745s] INFO:colcon.colcon_core.shell:Creating package script '/home/nunnari/ros2_ws/install/elas_ros2_cpp/share/elas_ros2_cpp/package.sh'
[8.746s] INFO:colcon.colcon_core.shell:Creating package script '/home/nunnari/ros2_ws/install/elas_ros2_cpp/share/elas_ros2_cpp/package.bash'
[8.747s] INFO:colcon.colcon_core.shell:Creating package script '/home/nunnari/ros2_ws/install/elas_ros2_cpp/share/elas_ros2_cpp/package.zsh'
[8.747s] Level 1:colcon.colcon_core.environment:create_file_with_runtime_dependencies(/home/nunnari/ros2_ws/install/elas_ros2_cpp/share/colcon-core/packages/elas_ros2_cpp)
[8.759s] DEBUG:colcon.colcon_parallel_executor.executor.parallel:closing loop
[8.759s] DEBUG:colcon.colcon_parallel_executor.executor.parallel:loop closed
[8.759s] DEBUG:colcon.colcon_parallel_executor.executor.parallel:run_until_complete finished with '2'
[8.759s] DEBUG:colcon.colcon_core.event_reactor:joining thread
[8.763s] INFO:colcon.colcon_core.plugin_system:Skipping extension 'colcon_notification.desktop_notification.terminal_notifier': Not used on non-Darwin systems
[8.763s] INFO:colcon.colcon_core.plugin_system:Skipping extension 'colcon_notification.desktop_notification.win32': Not used on non-Windows systems
[8.764s] INFO:colcon.colcon_notification.desktop_notification:Sending desktop notification using 'notify2'
[8.774s] DEBUG:colcon.colcon_core.event_reactor:joined thread
[8.775s] INFO:colcon.colcon_core.shell:Creating prefix script '/home/nunnari/ros2_ws/install/local_setup.ps1'
[8.776s] INFO:colcon.colcon_core.shell:Creating prefix util module '/home/nunnari/ros2_ws/install/_local_setup_util_ps1.py'
[8.777s] INFO:colcon.colcon_core.shell:Creating prefix chain script '/home/nunnari/ros2_ws/install/setup.ps1'
[8.778s] INFO:colcon.colcon_core.shell:Creating prefix script '/home/nunnari/ros2_ws/install/local_setup.sh'
[8.778s] INFO:colcon.colcon_core.shell:Creating prefix util module '/home/nunnari/ros2_ws/install/_local_setup_util_sh.py'
[8.779s] INFO:colcon.colcon_core.shell:Creating prefix chain script '/home/nunnari/ros2_ws/install/setup.sh'
[8.780s] INFO:colcon.colcon_core.shell:Creating prefix script '/home/nunnari/ros2_ws/install/local_setup.bash'
[8.780s] INFO:colcon.colcon_core.shell:Creating prefix chain script '/home/nunnari/ros2_ws/install/setup.bash'
[8.781s] INFO:colcon.colcon_core.shell:Creating prefix script '/home/nunnari/ros2_ws/install/local_setup.zsh'
[8.781s] INFO:colcon.colcon_core.shell:Creating prefix chain script '/home/nunnari/ros2_ws/install/setup.zsh'
