-- Found ament_cmake: 1.3.11 (/opt/ros/humble/share/ament_cmake/cmake)
-- Found rclcpp: 16.0.11 (/opt/ros/humble/share/rclcpp/cmake)
-- Found rosidl_generator_c: 3.1.6 (/opt/ros/humble/share/rosidl_generator_c/cmake)
-- Found rosidl_adapter: 3.1.6 (/opt/ros/humble/share/rosidl_adapter/cmake)
-- Found rosidl_generator_cpp: 3.1.6 (/opt/ros/humble/share/rosidl_generator_cpp/cmake)
-- Using all available rosidl_typesupport_c: rosidl_typesupport_fastrtps_c;rosidl_typesupport_introspection_c
-- Using all available rosidl_typesupport_cpp: rosidl_typesupport_fastrtps_cpp;rosidl_typesupport_introspection_cpp
-- Found rmw_implementation_cmake: 6.1.2 (/opt/ros/humble/share/rmw_implementation_cmake/cmake)
-- Found rmw_fastrtps_cpp: 6.2.7 (/opt/ros/humble/share/rmw_fastrtps_cpp/cmake)
-- Using RMW implementation 'rmw_fastrtps_cpp' as default
-- Found sensor_msgs: 4.2.4 (/opt/ros/humble/share/sensor_msgs/cmake)
-- Found cv_bridge: 3.2.1 (/opt/ros/humble/share/cv_bridge/cmake)
-- Found message_filters: 4.3.5 (/opt/ros/humble/share/message_filters/cmake)
-- Configuring done
-- Generating done
-- Build files have been written to: /mnt/hs2/SLAM-nav2/ros2_ws_stereo/build/stereo_depth_cpp
[35m[1mConsolidate compiler generated dependencies of target stereobm_node[0m
[ 33%] [32mBuilding CXX object CMakeFiles/stereobm_node.dir/src/stereobm_node.cpp.o[0m
[ 66%] [32mBuilding CXX object CMakeFiles/stereobm_node.dir/src/main.cpp.o[0m
[100%] [32m[1mLinking CXX executable stereobm_node[0m
[100%] Built target stereobm_node
-- Install configuration: ""
-- Installing: /mnt/hs2/SLAM-nav2/ros2_ws_stereo/install/stereo_depth_cpp/lib/stereo_depth_cpp/stereobm_node
-- Set runtime path of "/mnt/hs2/SLAM-nav2/ros2_ws_stereo/install/stereo_depth_cpp/lib/stereo_depth_cpp/stereobm_node" to ""
-- Up-to-date: /mnt/hs2/SLAM-nav2/ros2_ws_stereo/install/stereo_depth_cpp/share/ament_index/resource_index/package_run_dependencies/stereo_depth_cpp
-- Installing: /mnt/hs2/SLAM-nav2/ros2_ws_stereo/install/stereo_depth_cpp/share/ament_index/resource_index/parent_prefix_path/stereo_depth_cpp
-- Installing: /mnt/hs2/SLAM-nav2/ros2_ws_stereo/install/stereo_depth_cpp/share/stereo_depth_cpp/environment/ament_prefix_path.sh
-- Installing: /mnt/hs2/SLAM-nav2/ros2_ws_stereo/install/stereo_depth_cpp/share/stereo_depth_cpp/environment/ament_prefix_path.dsv
-- Installing: /mnt/hs2/SLAM-nav2/ros2_ws_stereo/install/stereo_depth_cpp/share/stereo_depth_cpp/environment/path.sh
-- Installing: /mnt/hs2/SLAM-nav2/ros2_ws_stereo/install/stereo_depth_cpp/share/stereo_depth_cpp/environment/path.dsv
-- Up-to-date: /mnt/hs2/SLAM-nav2/ros2_ws_stereo/install/stereo_depth_cpp/share/stereo_depth_cpp/local_setup.bash
-- Up-to-date: /mnt/hs2/SLAM-nav2/ros2_ws_stereo/install/stereo_depth_cpp/share/stereo_depth_cpp/local_setup.sh
-- Up-to-date: /mnt/hs2/SLAM-nav2/ros2_ws_stereo/install/stereo_depth_cpp/share/stereo_depth_cpp/local_setup.zsh
-- Installing: /mnt/hs2/SLAM-nav2/ros2_ws_stereo/install/stereo_depth_cpp/share/stereo_depth_cpp/local_setup.dsv
-- Installing: /mnt/hs2/SLAM-nav2/ros2_ws_stereo/install/stereo_depth_cpp/share/stereo_depth_cpp/package.dsv
-- Up-to-date: /mnt/hs2/SLAM-nav2/ros2_ws_stereo/install/stereo_depth_cpp/share/ament_index/resource_index/packages/stereo_depth_cpp
-- Up-to-date: /mnt/hs2/SLAM-nav2/ros2_ws_stereo/install/stereo_depth_cpp/share/stereo_depth_cpp/cmake/stereo_depth_cppConfig.cmake
-- Up-to-date: /mnt/hs2/SLAM-nav2/ros2_ws_stereo/install/stereo_depth_cpp/share/stereo_depth_cpp/cmake/stereo_depth_cppConfig-version.cmake
-- Installing: /mnt/hs2/SLAM-nav2/ros2_ws_stereo/install/stereo_depth_cpp/share/stereo_depth_cpp/package.xml
