[0.009s] Invoking command in '/mnt/hs2/SLAM-nav2/ros2_ws_stereo/build/stereo_depth_cpp': CMAKE_PREFIX_PATH=/opt/ros/humble /usr/bin/cmake --build /mnt/hs2/SLAM-nav2/ros2_ws_stereo/build/stereo_depth_cpp -- -j12 -l12
[0.027s] -- Found ament_cmake: 1.3.11 (/opt/ros/humble/share/ament_cmake/cmake)
[0.126s] -- Found rclcpp: 16.0.11 (/opt/ros/humble/share/rclcpp/cmake)
[0.150s] -- Found rosidl_generator_c: 3.1.6 (/opt/ros/humble/share/rosidl_generator_c/cmake)
[0.152s] -- Found rosidl_adapter: 3.1.6 (/opt/ros/humble/share/rosidl_adapter/cmake)
[0.157s] -- Found rosidl_generator_cpp: 3.1.6 (/opt/ros/humble/share/rosidl_generator_cpp/cmake)
[0.165s] -- Using all available rosidl_typesupport_c: rosidl_typesupport_fastrtps_c;rosidl_typesupport_introspection_c
[0.181s] -- Using all available rosidl_typesupport_cpp: rosidl_typesupport_fastrtps_cpp;rosidl_typesupport_introspection_cpp
[0.221s] -- Found rmw_implementation_cmake: 6.1.2 (/opt/ros/humble/share/rmw_implementation_cmake/cmake)
[0.223s] -- Found rmw_fastrtps_cpp: 6.2.7 (/opt/ros/humble/share/rmw_fastrtps_cpp/cmake)
[0.325s] -- Using RMW implementation 'rmw_fastrtps_cpp' as default
[0.384s] -- Found sensor_msgs: 4.2.4 (/opt/ros/humble/share/sensor_msgs/cmake)
[0.416s] -- Found cv_bridge: 3.2.1 (/opt/ros/humble/share/cv_bridge/cmake)
[0.425s] -- Found message_filters: 4.3.5 (/opt/ros/humble/share/message_filters/cmake)
[0.485s] -- Configuring done
[0.497s] -- Generating done
[0.501s] -- Build files have been written to: /mnt/hs2/SLAM-nav2/ros2_ws_stereo/build/stereo_depth_cpp
[0.521s] [35m[1mConsolidate compiler generated dependencies of target stereobm_node[0m
[0.543s] [ 33%] [32mBuilding CXX object CMakeFiles/stereobm_node.dir/src/stereobm_node.cpp.o[0m
[0.543s] [ 66%] [32mBuilding CXX object CMakeFiles/stereobm_node.dir/src/main.cpp.o[0m
[13.025s] [100%] [32m[1mLinking CXX executable stereobm_node[0m
[13.956s] [100%] Built target stereobm_node
[13.965s] Invoked command in '/mnt/hs2/SLAM-nav2/ros2_ws_stereo/build/stereo_depth_cpp' returned '0': CMAKE_PREFIX_PATH=/opt/ros/humble /usr/bin/cmake --build /mnt/hs2/SLAM-nav2/ros2_ws_stereo/build/stereo_depth_cpp -- -j12 -l12
[13.972s] Invoking command in '/mnt/hs2/SLAM-nav2/ros2_ws_stereo/build/stereo_depth_cpp': CMAKE_PREFIX_PATH=/opt/ros/humble /usr/bin/cmake --install /mnt/hs2/SLAM-nav2/ros2_ws_stereo/build/stereo_depth_cpp
[13.978s] -- Install configuration: ""
[13.978s] -- Installing: /mnt/hs2/SLAM-nav2/ros2_ws_stereo/install/stereo_depth_cpp/lib/stereo_depth_cpp/stereobm_node
[13.983s] -- Set runtime path of "/mnt/hs2/SLAM-nav2/ros2_ws_stereo/install/stereo_depth_cpp/lib/stereo_depth_cpp/stereobm_node" to ""
[13.983s] -- Up-to-date: /mnt/hs2/SLAM-nav2/ros2_ws_stereo/install/stereo_depth_cpp/share/ament_index/resource_index/package_run_dependencies/stereo_depth_cpp
[13.983s] -- Installing: /mnt/hs2/SLAM-nav2/ros2_ws_stereo/install/stereo_depth_cpp/share/ament_index/resource_index/parent_prefix_path/stereo_depth_cpp
[13.983s] -- Installing: /mnt/hs2/SLAM-nav2/ros2_ws_stereo/install/stereo_depth_cpp/share/stereo_depth_cpp/environment/ament_prefix_path.sh
[13.983s] -- Installing: /mnt/hs2/SLAM-nav2/ros2_ws_stereo/install/stereo_depth_cpp/share/stereo_depth_cpp/environment/ament_prefix_path.dsv
[13.983s] -- Installing: /mnt/hs2/SLAM-nav2/ros2_ws_stereo/install/stereo_depth_cpp/share/stereo_depth_cpp/environment/path.sh
[13.983s] -- Installing: /mnt/hs2/SLAM-nav2/ros2_ws_stereo/install/stereo_depth_cpp/share/stereo_depth_cpp/environment/path.dsv
[13.983s] -- Up-to-date: /mnt/hs2/SLAM-nav2/ros2_ws_stereo/install/stereo_depth_cpp/share/stereo_depth_cpp/local_setup.bash
[13.983s] -- Up-to-date: /mnt/hs2/SLAM-nav2/ros2_ws_stereo/install/stereo_depth_cpp/share/stereo_depth_cpp/local_setup.sh
[13.983s] -- Up-to-date: /mnt/hs2/SLAM-nav2/ros2_ws_stereo/install/stereo_depth_cpp/share/stereo_depth_cpp/local_setup.zsh
[13.983s] -- Installing: /mnt/hs2/SLAM-nav2/ros2_ws_stereo/install/stereo_depth_cpp/share/stereo_depth_cpp/local_setup.dsv
[13.984s] -- Installing: /mnt/hs2/SLAM-nav2/ros2_ws_stereo/install/stereo_depth_cpp/share/stereo_depth_cpp/package.dsv
[13.984s] -- Up-to-date: /mnt/hs2/SLAM-nav2/ros2_ws_stereo/install/stereo_depth_cpp/share/ament_index/resource_index/packages/stereo_depth_cpp
[13.984s] -- Up-to-date: /mnt/hs2/SLAM-nav2/ros2_ws_stereo/install/stereo_depth_cpp/share/stereo_depth_cpp/cmake/stereo_depth_cppConfig.cmake
[13.984s] -- Up-to-date: /mnt/hs2/SLAM-nav2/ros2_ws_stereo/install/stereo_depth_cpp/share/stereo_depth_cpp/cmake/stereo_depth_cppConfig-version.cmake
[13.984s] -- Installing: /mnt/hs2/SLAM-nav2/ros2_ws_stereo/install/stereo_depth_cpp/share/stereo_depth_cpp/package.xml
[13.986s] Invoked command in '/mnt/hs2/SLAM-nav2/ros2_ws_stereo/build/stereo_depth_cpp' returned '0': CMAKE_PREFIX_PATH=/opt/ros/humble /usr/bin/cmake --install /mnt/hs2/SLAM-nav2/ros2_ws_stereo/build/stereo_depth_cpp
