In file included from [01m[K/opt/ros/humble/include/message_filters/message_filters/sync_policies/approximate_time.h:52[m[K,
                 from [01m[K/mnt/hs2/SLAM-nav2/ros2_ws_stereo/src/stereo_depth_cpp/include/stereo_depth_cpp/stereobm_node.hpp:69[m[K,
                 from [01m[K/mnt/hs2/SLAM-nav2/ros2_ws_stereo/src/stereo_depth_cpp/src/stereobm_node.cpp:158[m[K:
/opt/ros/humble/include/message_filters/message_filters/signal9.h: In instantiation of ‘[01m[Kmessage_filters::Connection message_filters::Signal9<M0, M1, M2, M3, M4, M5, M6, M7, M8>::addCallback(C&) [with C = const std::_Bind<void (stereo_depth_cpp::StereoBMNode::*(stereo_depth_cpp::StereoBMNode*, std::_Placeholder<1>, std::_Placeholder<2>, std::_Placeholder<3>))(const std::shared_ptr<const sensor_msgs::msg::Image_<std::allocator<void> > >&, const std::shared_ptr<const sensor_msgs::msg::Image_<std::allocator<void> > >&, const std::shared_ptr<const sensor_msgs::msg::Image_<std::allocator<void> > >&)>; M0 = sensor_msgs::msg::Image_<std::allocator<void> >; M1 = sensor_msgs::msg::Image_<std::allocator<void> >; M2 = message_filters::NullType; M3 = message_filters::NullType; M4 = message_filters::NullType; M5 = message_filters::NullType; M6 = message_filters::NullType; M7 = message_filters::NullType; M8 = message_filters::NullType][m[K’:
[01m[K/opt/ros/humble/include/message_filters/message_filters/synchronizer.h:298:31:[m[K   required from ‘[01m[Kmessage_filters::Connection message_filters::Synchronizer<Policy>::registerCallback(const C&) [with C = std::_Bind<void (stereo_depth_cpp::StereoBMNode::*(stereo_depth_cpp::StereoBMNode*, std::_Placeholder<1>, std::_Placeholder<2>, std::_Placeholder<3>))(const std::shared_ptr<const sensor_msgs::msg::Image_<std::allocator<void> > >&, const std::shared_ptr<const sensor_msgs::msg::Image_<std::allocator<void> > >&, const std::shared_ptr<const sensor_msgs::msg::Image_<std::allocator<void> > >&)>; Policy = message_filters::sync_policies::ApproximateTime<sensor_msgs::msg::Image_<std::allocator<void> >, sensor_msgs::msg::Image_<std::allocator<void> > >][m[K’
[01m[K/mnt/hs2/SLAM-nav2/ros2_ws_stereo/src/stereo_depth_cpp/src/stereobm_node.cpp:186:26:[m[K   required from here
[01m[K/opt/ros/humble/include/message_filters/message_filters/signal9.h:280:40:[m[K [01;31m[Kerror: [m[Kno matching function for call to ‘[01m[Kmessage_filters::Signal9<sensor_msgs::msg::Image_<std::allocator<void> >, sensor_msgs::msg::Image_<std::allocator<void> >, message_filters::NullType, message_filters::NullType, message_filters::NullType, message_filters::NullType, message_filters::NullType, message_filters::NullType, message_filters::NullType>::addCallback<const M0ConstPtr&, const M1ConstPtr&, const M2ConstPtr&, const M3ConstPtr&, const M4ConstPtr&, const M5ConstPtr&, const M6ConstPtr&, const M7ConstPtr&, const M8ConstPtr&>(std::_Bind_helper<false, const std::_Bind<void (stereo_depth_cpp::StereoBMNode::*(stereo_depth_cpp::StereoBMNode*, std::_Placeholder<1>, std::_Placeholder<2>, std::_Placeholder<3>))(const std::shared_ptr<const sensor_msgs::msg::Image_<std::allocator<void> > >&, const std::shared_ptr<const sensor_msgs::msg::Image_<std::allocator<void> > >&, const std::shared_ptr<const sensor_msgs::msg::Image_<std::allocator<void> > >&)>&, const std::_Placeholder<1>&, const std::_Placeholder<2>&, const std::_Placeholder<3>&, const std::_Placeholder<4>&, const std::_Placeholder<5>&, const std::_Placeholder<6>&, const std::_Placeholder<7>&, const std::_Placeholder<8>&, const std::_Placeholder<9>&>::type)[m[K’
  272 |     return [01;31m[KaddCallback<const M0ConstPtr&,[m[K
      |            [01;31m[K~~~~~~~~~~~~~~~~~~~~~~~~~~~~~~[m[K
  273 | [01;31m[K                     const M1ConstPtr&,[m[K
      |                      [01;31m[K~~~~~~~~~~~~~~~~~~[m[K 
  274 | [01;31m[K                     const M2ConstPtr&,[m[K
      |                      [01;31m[K~~~~~~~~~~~~~~~~~~[m[K 
  275 | [01;31m[K                     const M3ConstPtr&,[m[K
      |                      [01;31m[K~~~~~~~~~~~~~~~~~~[m[K 
  276 | [01;31m[K                     const M4ConstPtr&,[m[K
      |                      [01;31m[K~~~~~~~~~~~~~~~~~~[m[K 
  277 | [01;31m[K                     const M5ConstPtr&,[m[K
      |                      [01;31m[K~~~~~~~~~~~~~~~~~~[m[K 
  278 | [01;31m[K                     const M6ConstPtr&,[m[K
      |                      [01;31m[K~~~~~~~~~~~~~~~~~~[m[K 
  279 | [01;31m[K                     const M7ConstPtr&,[m[K
      |                      [01;31m[K~~~~~~~~~~~~~~~~~~[m[K 
  280 | [01;31m[K                     const M8ConstPtr&>(std::bind(callback, std::placeholders::_1, std::placeholders::_2, std::placeholders::_3, std::placeholders::_4, std::placeholders::_5, std::placeholders::_6, std::placeholders::_7, std::placeholders::_8, std::placeholders::_9))[m[K;
      |                      [01;31m[K~~~~~~~~~~~~~~~~~~^~~~~~~~~~~~~~~~~~~~~~~~~~~~~~~~~~~~~~~~~~~~~~~~~~~~~~~~~~~~~~~~~~~~~~~~~~~~~~~~~~~~~~~~~~~~~~~~~~~~~~~~~~~~~~~~~~~~~~~~~~~~~~~~~~~~~~~~~~~~~~~~~~~~~~~~~~~~~~~~~~~~~~~~~~~~~~~~~~~~~~~~~~~~~~~~~~~~~~~~~~~~~~~~~~~~~~~~~~~~~~~~~~~~[m[K
In file included from [01m[K/opt/ros/humble/include/message_filters/message_filters/sync_policies/approximate_time.h:52[m[K,
                 from [01m[K/mnt/hs2/SLAM-nav2/ros2_ws_stereo/src/stereo_depth_cpp/include/stereo_depth_cpp/stereobm_node.hpp:69[m[K,
                 from [01m[K/mnt/hs2/SLAM-nav2/ros2_ws_stereo/src/stereo_depth_cpp/src/stereobm_node.cpp:158[m[K:
[01m[K/opt/ros/humble/include/message_filters/message_filters/signal9.h:170:14:[m[K [01;36m[Knote: [m[Kcandidate: ‘[01m[Kmessage_filters::Connection message_filters::Signal9<M0, M1, M2, M3, M4, M5, M6, M7, M8>::addCallback(const std::function<void(P0, P1, P2, P3, P4, P5, P6, P7, P8)>&) [with P0 = const std::shared_ptr<const sensor_msgs::msg::Image_<std::allocator<void> > >&; P1 = const std::shared_ptr<const sensor_msgs::msg::Image_<std::allocator<void> > >&; P2 = const std::shared_ptr<const message_filters::NullType>&; P3 = const std::shared_ptr<const message_filters::NullType>&; P4 = const std::shared_ptr<const message_filters::NullType>&; P5 = const std::shared_ptr<const message_filters::NullType>&; P6 = const std::shared_ptr<const message_filters::NullType>&; P7 = const std::shared_ptr<const message_filters::NullType>&; P8 = const std::shared_ptr<const message_filters::NullType>&; M0 = sensor_msgs::msg::Image_<std::allocator<void> >; M1 = sensor_msgs::msg::Image_<std::allocator<void> >; M2 = message_filters::NullType; M3 = message_filters::NullType; M4 = message_filters::NullType; M5 = message_filters::NullType; M6 = message_filters::NullType; M7 = message_filters::NullType; M8 = message_filters::NullType][m[K’
  170 |   Connection [01;36m[KaddCallback[m[K(const std::function<void(P0, P1, P2, P3, P4, P5, P6, P7, P8)>& callback)
      |              [01;36m[K^~~~~~~~~~~[m[K
[01m[K/opt/ros/humble/include/message_filters/message_filters/signal9.h:170:89:[m[K [01;36m[Knote: [m[K  no known conversion for argument 1 from ‘[01m[Kstd::_Bind_helper<false, const std::_Bind<void (stereo_depth_cpp::StereoBMNode::*(stereo_depth_cpp::StereoBMNode*, std::_Placeholder<1>, std::_Placeholder<2>, std::_Placeholder<3>))(const std::shared_ptr<const sensor_msgs::msg::Image_<std::allocator<void> > >&, const std::shared_ptr<const sensor_msgs::msg::Image_<std::allocator<void> > >&, const std::shared_ptr<const sensor_msgs::msg::Image_<std::allocator<void> > >&)>&, const std::_Placeholder<1>&, const std::_Placeholder<2>&, const std::_Placeholder<3>&, const std::_Placeholder<4>&, const std::_Placeholder<5>&, const std::_Placeholder<6>&, const std::_Placeholder<7>&, const std::_Placeholder<8>&, const std::_Placeholder<9>&>::type[m[K’ to ‘[01m[Kconst std::function<void(const std::shared_ptr<const sensor_msgs::msg::Image_<std::allocator<void> > >&, const std::shared_ptr<const sensor_msgs::msg::Image_<std::allocator<void> > >&, const std::shared_ptr<const message_filters::NullType>&, const std::shared_ptr<const message_filters::NullType>&, const std::shared_ptr<const message_filters::NullType>&, const std::shared_ptr<const message_filters::NullType>&, const std::shared_ptr<const message_filters::NullType>&, const std::shared_ptr<const message_filters::NullType>&, const std::shared_ptr<const message_filters::NullType>&)>&[m[K’
  170 |   Connection addCallback([01;36m[Kconst std::function<void(P0, P1, P2, P3, P4, P5, P6, P7, P8)>& callback[m[K)
      |                          [01;36m[K~~~~~~~~~~~~~~~~~~~~~~~~~~~~~~~~~~~~~~~~~~~~~~~~~~~~~~~~~~~~~~~^~~~~~~~[m[K
[01m[K/opt/ros/humble/include/message_filters/message_filters/signal9.h:180:14:[m[K [01;36m[Knote: [m[Kcandidate: ‘[01m[Ktemplate<class P0, class P1> message_filters::Connection message_filters::Signal9<M0, M1, M2, M3, M4, M5, M6, M7, M8>::addCallback(void (*)(P0, P1)) [with P0 = P0; P1 = P1; M0 = sensor_msgs::msg::Image_<std::allocator<void> >; M1 = sensor_msgs::msg::Image_<std::allocator<void> >; M2 = message_filters::NullType; M3 = message_filters::NullType; M4 = message_filters::NullType; M5 = message_filters::NullType; M6 = message_filters::NullType; M7 = message_filters::NullType; M8 = message_filters::NullType][m[K’
  180 |   Connection [01;36m[KaddCallback[m[K(void(*callback)(P0, P1))
      |              [01;36m[K^~~~~~~~~~~[m[K
[01m[K/opt/ros/humble/include/message_filters/message_filters/signal9.h:180:14:[m[K [01;36m[Knote: [m[K  template argument deduction/substitution failed:
In file included from [01m[K/opt/ros/humble/include/message_filters/message_filters/sync_policies/approximate_time.h:52[m[K,
                 from [01m[K/mnt/hs2/SLAM-nav2/ros2_ws_stereo/src/stereo_depth_cpp/include/stereo_depth_cpp/stereobm_node.hpp:69[m[K,
                 from [01m[K/mnt/hs2/SLAM-nav2/ros2_ws_stereo/src/stereo_depth_cpp/src/stereobm_node.cpp:158[m[K:
[01m[K/opt/ros/humble/include/message_filters/message_filters/signal9.h:280:40:[m[K [01;31m[Kerror: [m[Kwrong number of template arguments (9, should be 2)
  272 |     return [01;31m[KaddCallback<const M0ConstPtr&,[m[K
      |            [01;31m[K~~~~~~~~~~~~~~~~~~~~~~~~~~~~~~[m[K
  273 | [01;31m[K                     const M1ConstPtr&,[m[K
      |                      [01;31m[K~~~~~~~~~~~~~~~~~~[m[K 
  274 | [01;31m[K                     const M2ConstPtr&,[m[K
      |                      [01;31m[K~~~~~~~~~~~~~~~~~~[m[K 
  275 | [01;31m[K                     const M3ConstPtr&,[m[K
      |                      [01;31m[K~~~~~~~~~~~~~~~~~~[m[K 
  276 | [01;31m[K                     const M4ConstPtr&,[m[K
      |                      [01;31m[K~~~~~~~~~~~~~~~~~~[m[K 
  277 | [01;31m[K                     const M5ConstPtr&,[m[K
      |                      [01;31m[K~~~~~~~~~~~~~~~~~~[m[K 
  278 | [01;31m[K                     const M6ConstPtr&,[m[K
      |                      [01;31m[K~~~~~~~~~~~~~~~~~~[m[K 
  279 | [01;31m[K                     const M7ConstPtr&,[m[K
      |                      [01;31m[K~~~~~~~~~~~~~~~~~~[m[K 
  280 | [01;31m[K                     const M8ConstPtr&>(std::bind(callback, std::placeholders::_1, std::placeholders::_2, std::placeholders::_3, std::placeholders::_4, std::placeholders::_5, std::placeholders::_6, std::placeholders::_7, std::placeholders::_8, std::placeholders::_9))[m[K;
      |                      [01;31m[K~~~~~~~~~~~~~~~~~~^~~~~~~~~~~~~~~~~~~~~~~~~~~~~~~~~~~~~~~~~~~~~~~~~~~~~~~~~~~~~~~~~~~~~~~~~~~~~~~~~~~~~~~~~~~~~~~~~~~~~~~~~~~~~~~~~~~~~~~~~~~~~~~~~~~~~~~~~~~~~~~~~~~~~~~~~~~~~~~~~~~~~~~~~~~~~~~~~~~~~~~~~~~~~~~~~~~~~~~~~~~~~~~~~~~~~~~~~~~~~~~~~~~~[m[K
In file included from [01m[K/opt/ros/humble/include/message_filters/message_filters/sync_policies/approximate_time.h:52[m[K,
                 from [01m[K/mnt/hs2/SLAM-nav2/ros2_ws_stereo/src/stereo_depth_cpp/include/stereo_depth_cpp/stereobm_node.hpp:69[m[K,
                 from [01m[K/mnt/hs2/SLAM-nav2/ros2_ws_stereo/src/stereo_depth_cpp/src/stereobm_node.cpp:158[m[K:
[01m[K/opt/ros/humble/include/message_filters/message_filters/signal9.h:180:14:[m[K [01;36m[Knote: [m[Kprovided for ‘[01m[Ktemplate<class P0, class P1> message_filters::Connection message_filters::Signal9<M0, M1, M2, M3, M4, M5, M6, M7, M8>::addCallback(void (*)(P0, P1)) [with P0 = P0; P1 = P1; M0 = sensor_msgs::msg::Image_<std::allocator<void> >; M1 = sensor_msgs::msg::Image_<std::allocator<void> >; M2 = message_filters::NullType; M3 = message_filters::NullType; M4 = message_filters::NullType; M5 = message_filters::NullType; M6 = message_filters::NullType; M7 = message_filters::NullType; M8 = message_filters::NullType][m[K’
  180 |   Connection [01;36m[KaddCallback[m[K(void(*callback)(P0, P1))
      |              [01;36m[K^~~~~~~~~~~[m[K
[01m[K/opt/ros/humble/include/message_filters/message_filters/signal9.h:186:14:[m[K [01;36m[Knote: [m[Kcandidate: ‘[01m[Ktemplate<class P0, class P1, class P2> message_filters::Connection message_filters::Signal9<M0, M1, M2, M3, M4, M5, M6, M7, M8>::addCallback(void (*)(P0, P1, P2)) [with P0 = P0; P1 = P1; P2 = P2; M0 = sensor_msgs::msg::Image_<std::allocator<void> >; M1 = sensor_msgs::msg::Image_<std::allocator<void> >; M2 = message_filters::NullType; M3 = message_filters::NullType; M4 = message_filters::NullType; M5 = message_filters::NullType; M6 = message_filters::NullType; M7 = message_filters::NullType; M8 = message_filters::NullType][m[K’
  186 |   Connection [01;36m[KaddCallback[m[K(void(*callback)(P0, P1, P2))
      |              [01;36m[K^~~~~~~~~~~[m[K
[01m[K/opt/ros/humble/include/message_filters/message_filters/signal9.h:186:14:[m[K [01;36m[Knote: [m[K  template argument deduction/substitution failed:
In file included from [01m[K/opt/ros/humble/include/message_filters/message_filters/sync_policies/approximate_time.h:52[m[K,
                 from [01m[K/mnt/hs2/SLAM-nav2/ros2_ws_stereo/src/stereo_depth_cpp/include/stereo_depth_cpp/stereobm_node.hpp:69[m[K,
                 from [01m[K/mnt/hs2/SLAM-nav2/ros2_ws_stereo/src/stereo_depth_cpp/src/stereobm_node.cpp:158[m[K:
[01m[K/opt/ros/humble/include/message_filters/message_filters/signal9.h:280:40:[m[K [01;31m[Kerror: [m[Kwrong number of template arguments (9, should be 3)
  272 |     return [01;31m[KaddCallback<const M0ConstPtr&,[m[K
      |            [01;31m[K~~~~~~~~~~~~~~~~~~~~~~~~~~~~~~[m[K
  273 | [01;31m[K                     const M1ConstPtr&,[m[K
      |                      [01;31m[K~~~~~~~~~~~~~~~~~~[m[K 
  274 | [01;31m[K                     const M2ConstPtr&,[m[K
      |                      [01;31m[K~~~~~~~~~~~~~~~~~~[m[K 
  275 | [01;31m[K                     const M3ConstPtr&,[m[K
      |                      [01;31m[K~~~~~~~~~~~~~~~~~~[m[K 
  276 | [01;31m[K                     const M4ConstPtr&,[m[K
      |                      [01;31m[K~~~~~~~~~~~~~~~~~~[m[K 
  277 | [01;31m[K                     const M5ConstPtr&,[m[K
      |                      [01;31m[K~~~~~~~~~~~~~~~~~~[m[K 
  278 | [01;31m[K                     const M6ConstPtr&,[m[K
      |                      [01;31m[K~~~~~~~~~~~~~~~~~~[m[K 
  279 | [01;31m[K                     const M7ConstPtr&,[m[K
      |                      [01;31m[K~~~~~~~~~~~~~~~~~~[m[K 
  280 | [01;31m[K                     const M8ConstPtr&>(std::bind(callback, std::placeholders::_1, std::placeholders::_2, std::placeholders::_3, std::placeholders::_4, std::placeholders::_5, std::placeholders::_6, std::placeholders::_7, std::placeholders::_8, std::placeholders::_9))[m[K;
      |                      [01;31m[K~~~~~~~~~~~~~~~~~~^~~~~~~~~~~~~~~~~~~~~~~~~~~~~~~~~~~~~~~~~~~~~~~~~~~~~~~~~~~~~~~~~~~~~~~~~~~~~~~~~~~~~~~~~~~~~~~~~~~~~~~~~~~~~~~~~~~~~~~~~~~~~~~~~~~~~~~~~~~~~~~~~~~~~~~~~~~~~~~~~~~~~~~~~~~~~~~~~~~~~~~~~~~~~~~~~~~~~~~~~~~~~~~~~~~~~~~~~~~~~~~~~~~~[m[K
In file included from [01m[K/opt/ros/humble/include/message_filters/message_filters/sync_policies/approximate_time.h:52[m[K,
                 from [01m[K/mnt/hs2/SLAM-nav2/ros2_ws_stereo/src/stereo_depth_cpp/include/stereo_depth_cpp/stereobm_node.hpp:69[m[K,
                 from [01m[K/mnt/hs2/SLAM-nav2/ros2_ws_stereo/src/stereo_depth_cpp/src/stereobm_node.cpp:158[m[K:
[01m[K/opt/ros/humble/include/message_filters/message_filters/signal9.h:186:14:[m[K [01;36m[Knote: [m[Kprovided for ‘[01m[Ktemplate<class P0, class P1, class P2> message_filters::Connection message_filters::Signal9<M0, M1, M2, M3, M4, M5, M6, M7, M8>::addCallback(void (*)(P0, P1, P2)) [with P0 = P0; P1 = P1; P2 = P2; M0 = sensor_msgs::msg::Image_<std::allocator<void> >; M1 = sensor_msgs::msg::Image_<std::allocator<void> >; M2 = message_filters::NullType; M3 = message_filters::NullType; M4 = message_filters::NullType; M5 = message_filters::NullType; M6 = message_filters::NullType; M7 = message_filters::NullType; M8 = message_filters::NullType][m[K’
  186 |   Connection [01;36m[KaddCallback[m[K(void(*callback)(P0, P1, P2))
      |              [01;36m[K^~~~~~~~~~~[m[K
[01m[K/opt/ros/humble/include/message_filters/message_filters/signal9.h:192:14:[m[K [01;36m[Knote: [m[Kcandidate: ‘[01m[Ktemplate<class P0, class P1, class P2, class P3> message_filters::Connection message_filters::Signal9<M0, M1, M2, M3, M4, M5, M6, M7, M8>::addCallback(void (*)(P0, P1, P2, P3)) [with P0 = P0; P1 = P1; P2 = P2; P3 = P3; M0 = sensor_msgs::msg::Image_<std::allocator<void> >; M1 = sensor_msgs::msg::Image_<std::allocator<void> >; M2 = message_filters::NullType; M3 = message_filters::NullType; M4 = message_filters::NullType; M5 = message_filters::NullType; M6 = message_filters::NullType; M7 = message_filters::NullType; M8 = message_filters::NullType][m[K’
  192 |   Connection [01;36m[KaddCallback[m[K(void(*callback)(P0, P1, P2, P3))
      |              [01;36m[K^~~~~~~~~~~[m[K
[01m[K/opt/ros/humble/include/message_filters/message_filters/signal9.h:192:14:[m[K [01;36m[Knote: [m[K  template argument deduction/substitution failed:
In file included from [01m[K/opt/ros/humble/include/message_filters/message_filters/sync_policies/approximate_time.h:52[m[K,
                 from [01m[K/mnt/hs2/SLAM-nav2/ros2_ws_stereo/src/stereo_depth_cpp/include/stereo_depth_cpp/stereobm_node.hpp:69[m[K,
                 from [01m[K/mnt/hs2/SLAM-nav2/ros2_ws_stereo/src/stereo_depth_cpp/src/stereobm_node.cpp:158[m[K:
[01m[K/opt/ros/humble/include/message_filters/message_filters/signal9.h:280:40:[m[K [01;31m[Kerror: [m[Kwrong number of template arguments (9, should be 4)
  272 |     return [01;31m[KaddCallback<const M0ConstPtr&,[m[K
      |            [01;31m[K~~~~~~~~~~~~~~~~~~~~~~~~~~~~~~[m[K
  273 | [01;31m[K                     const M1ConstPtr&,[m[K
      |                      [01;31m[K~~~~~~~~~~~~~~~~~~[m[K 
  274 | [01;31m[K                     const M2ConstPtr&,[m[K
      |                      [01;31m[K~~~~~~~~~~~~~~~~~~[m[K 
  275 | [01;31m[K                     const M3ConstPtr&,[m[K
      |                      [01;31m[K~~~~~~~~~~~~~~~~~~[m[K 
  276 | [01;31m[K                     const M4ConstPtr&,[m[K
      |                      [01;31m[K~~~~~~~~~~~~~~~~~~[m[K 
  277 | [01;31m[K                     const M5ConstPtr&,[m[K
      |                      [01;31m[K~~~~~~~~~~~~~~~~~~[m[K 
  278 | [01;31m[K                     const M6ConstPtr&,[m[K
      |                      [01;31m[K~~~~~~~~~~~~~~~~~~[m[K 
  279 | [01;31m[K                     const M7ConstPtr&,[m[K
      |                      [01;31m[K~~~~~~~~~~~~~~~~~~[m[K 
  280 | [01;31m[K                     const M8ConstPtr&>(std::bind(callback, std::placeholders::_1, std::placeholders::_2, std::placeholders::_3, std::placeholders::_4, std::placeholders::_5, std::placeholders::_6, std::placeholders::_7, std::placeholders::_8, std::placeholders::_9))[m[K;
      |                      [01;31m[K~~~~~~~~~~~~~~~~~~^~~~~~~~~~~~~~~~~~~~~~~~~~~~~~~~~~~~~~~~~~~~~~~~~~~~~~~~~~~~~~~~~~~~~~~~~~~~~~~~~~~~~~~~~~~~~~~~~~~~~~~~~~~~~~~~~~~~~~~~~~~~~~~~~~~~~~~~~~~~~~~~~~~~~~~~~~~~~~~~~~~~~~~~~~~~~~~~~~~~~~~~~~~~~~~~~~~~~~~~~~~~~~~~~~~~~~~~~~~~~~~~~~~~[m[K
In file included from [01m[K/opt/ros/humble/include/message_filters/message_filters/sync_policies/approximate_time.h:52[m[K,
                 from [01m[K/mnt/hs2/SLAM-nav2/ros2_ws_stereo/src/stereo_depth_cpp/include/stereo_depth_cpp/stereobm_node.hpp:69[m[K,
                 from [01m[K/mnt/hs2/SLAM-nav2/ros2_ws_stereo/src/stereo_depth_cpp/src/stereobm_node.cpp:158[m[K:
[01m[K/opt/ros/humble/include/message_filters/message_filters/signal9.h:192:14:[m[K [01;36m[Knote: [m[Kprovided for ‘[01m[Ktemplate<class P0, class P1, class P2, class P3> message_filters::Connection message_filters::Signal9<M0, M1, M2, M3, M4, M5, M6, M7, M8>::addCallback(void (*)(P0, P1, P2, P3)) [with P0 = P0; P1 = P1; P2 = P2; P3 = P3; M0 = sensor_msgs::msg::Image_<std::allocator<void> >; M1 = sensor_msgs::msg::Image_<std::allocator<void> >; M2 = message_filters::NullType; M3 = message_filters::NullType; M4 = message_filters::NullType; M5 = message_filters::NullType; M6 = message_filters::NullType; M7 = message_filters::NullType; M8 = message_filters::NullType][m[K’
  192 |   Connection [01;36m[KaddCallback[m[K(void(*callback)(P0, P1, P2, P3))
      |              [01;36m[K^~~~~~~~~~~[m[K
[01m[K/opt/ros/humble/include/message_filters/message_filters/signal9.h:198:14:[m[K [01;36m[Knote: [m[Kcandidate: ‘[01m[Ktemplate<class P0, class P1, class P2, class P3, class P4> message_filters::Connection message_filters::Signal9<M0, M1, M2, M3, M4, M5, M6, M7, M8>::addCallback(void (*)(P0, P1, P2, P3, P4)) [with P0 = P0; P1 = P1; P2 = P2; P3 = P3; P4 = P4; M0 = sensor_msgs::msg::Image_<std::allocator<void> >; M1 = sensor_msgs::msg::Image_<std::allocator<void> >; M2 = message_filters::NullType; M3 = message_filters::NullType; M4 = message_filters::NullType; M5 = message_filters::NullType; M6 = message_filters::NullType; M7 = message_filters::NullType; M8 = message_filters::NullType][m[K’
  198 |   Connection [01;36m[KaddCallback[m[K(void(*callback)(P0, P1, P2, P3, P4))
      |              [01;36m[K^~~~~~~~~~~[m[K
[01m[K/opt/ros/humble/include/message_filters/message_filters/signal9.h:198:14:[m[K [01;36m[Knote: [m[K  template argument deduction/substitution failed:
In file included from [01m[K/opt/ros/humble/include/message_filters/message_filters/sync_policies/approximate_time.h:52[m[K,
                 from [01m[K/mnt/hs2/SLAM-nav2/ros2_ws_stereo/src/stereo_depth_cpp/include/stereo_depth_cpp/stereobm_node.hpp:69[m[K,
                 from [01m[K/mnt/hs2/SLAM-nav2/ros2_ws_stereo/src/stereo_depth_cpp/src/stereobm_node.cpp:158[m[K:
[01m[K/opt/ros/humble/include/message_filters/message_filters/signal9.h:280:40:[m[K [01;31m[Kerror: [m[Kwrong number of template arguments (9, should be 5)
  272 |     return [01;31m[KaddCallback<const M0ConstPtr&,[m[K
      |            [01;31m[K~~~~~~~~~~~~~~~~~~~~~~~~~~~~~~[m[K
  273 | [01;31m[K                     const M1ConstPtr&,[m[K
      |                      [01;31m[K~~~~~~~~~~~~~~~~~~[m[K 
  274 | [01;31m[K                     const M2ConstPtr&,[m[K
      |                      [01;31m[K~~~~~~~~~~~~~~~~~~[m[K 
  275 | [01;31m[K                     const M3ConstPtr&,[m[K
      |                      [01;31m[K~~~~~~~~~~~~~~~~~~[m[K 
  276 | [01;31m[K                     const M4ConstPtr&,[m[K
      |                      [01;31m[K~~~~~~~~~~~~~~~~~~[m[K 
  277 | [01;31m[K                     const M5ConstPtr&,[m[K
      |                      [01;31m[K~~~~~~~~~~~~~~~~~~[m[K 
  278 | [01;31m[K                     const M6ConstPtr&,[m[K
      |                      [01;31m[K~~~~~~~~~~~~~~~~~~[m[K 
  279 | [01;31m[K                     const M7ConstPtr&,[m[K
      |                      [01;31m[K~~~~~~~~~~~~~~~~~~[m[K 
  280 | [01;31m[K                     const M8ConstPtr&>(std::bind(callback, std::placeholders::_1, std::placeholders::_2, std::placeholders::_3, std::placeholders::_4, std::placeholders::_5, std::placeholders::_6, std::placeholders::_7, std::placeholders::_8, std::placeholders::_9))[m[K;
      |                      [01;31m[K~~~~~~~~~~~~~~~~~~^~~~~~~~~~~~~~~~~~~~~~~~~~~~~~~~~~~~~~~~~~~~~~~~~~~~~~~~~~~~~~~~~~~~~~~~~~~~~~~~~~~~~~~~~~~~~~~~~~~~~~~~~~~~~~~~~~~~~~~~~~~~~~~~~~~~~~~~~~~~~~~~~~~~~~~~~~~~~~~~~~~~~~~~~~~~~~~~~~~~~~~~~~~~~~~~~~~~~~~~~~~~~~~~~~~~~~~~~~~~~~~~~~~~[m[K
In file included from [01m[K/opt/ros/humble/include/message_filters/message_filters/sync_policies/approximate_time.h:52[m[K,
                 from [01m[K/mnt/hs2/SLAM-nav2/ros2_ws_stereo/src/stereo_depth_cpp/include/stereo_depth_cpp/stereobm_node.hpp:69[m[K,
                 from [01m[K/mnt/hs2/SLAM-nav2/ros2_ws_stereo/src/stereo_depth_cpp/src/stereobm_node.cpp:158[m[K:
[01m[K/opt/ros/humble/include/message_filters/message_filters/signal9.h:198:14:[m[K [01;36m[Knote: [m[Kprovided for ‘[01m[Ktemplate<class P0, class P1, class P2, class P3, class P4> message_filters::Connection message_filters::Signal9<M0, M1, M2, M3, M4, M5, M6, M7, M8>::addCallback(void (*)(P0, P1, P2, P3, P4)) [with P0 = P0; P1 = P1; P2 = P2; P3 = P3; P4 = P4; M0 = sensor_msgs::msg::Image_<std::allocator<void> >; M1 = sensor_msgs::msg::Image_<std::allocator<void> >; M2 = message_filters::NullType; M3 = message_filters::NullType; M4 = message_filters::NullType; M5 = message_filters::NullType; M6 = message_filters::NullType; M7 = message_filters::NullType; M8 = message_filters::NullType][m[K’
  198 |   Connection [01;36m[KaddCallback[m[K(void(*callback)(P0, P1, P2, P3, P4))
      |              [01;36m[K^~~~~~~~~~~[m[K
[01m[K/opt/ros/humble/include/message_filters/message_filters/signal9.h:204:14:[m[K [01;36m[Knote: [m[Kcandidate: ‘[01m[Ktemplate<class P0, class P1, class P2, class P3, class P4, class P5> message_filters::Connection message_filters::Signal9<M0, M1, M2, M3, M4, M5, M6, M7, M8>::addCallback(void (*)(P0, P1, P2, P3, P4, P5)) [with P0 = P0; P1 = P1; P2 = P2; P3 = P3; P4 = P4; P5 = P5; M0 = sensor_msgs::msg::Image_<std::allocator<void> >; M1 = sensor_msgs::msg::Image_<std::allocator<void> >; M2 = message_filters::NullType; M3 = message_filters::NullType; M4 = message_filters::NullType; M5 = message_filters::NullType; M6 = message_filters::NullType; M7 = message_filters::NullType; M8 = message_filters::NullType][m[K’
  204 |   Connection [01;36m[KaddCallback[m[K(void(*callback)(P0, P1, P2, P3, P4, P5))
      |              [01;36m[K^~~~~~~~~~~[m[K
[01m[K/opt/ros/humble/include/message_filters/message_filters/signal9.h:204:14:[m[K [01;36m[Knote: [m[K  template argument deduction/substitution failed:
In file included from [01m[K/opt/ros/humble/include/message_filters/message_filters/sync_policies/approximate_time.h:52[m[K,
                 from [01m[K/mnt/hs2/SLAM-nav2/ros2_ws_stereo/src/stereo_depth_cpp/include/stereo_depth_cpp/stereobm_node.hpp:69[m[K,
                 from [01m[K/mnt/hs2/SLAM-nav2/ros2_ws_stereo/src/stereo_depth_cpp/src/stereobm_node.cpp:158[m[K:
[01m[K/opt/ros/humble/include/message_filters/message_filters/signal9.h:280:40:[m[K [01;31m[Kerror: [m[Kwrong number of template arguments (9, should be 6)
  272 |     return [01;31m[KaddCallback<const M0ConstPtr&,[m[K
      |            [01;31m[K~~~~~~~~~~~~~~~~~~~~~~~~~~~~~~[m[K
  273 | [01;31m[K                     const M1ConstPtr&,[m[K
      |                      [01;31m[K~~~~~~~~~~~~~~~~~~[m[K 
  274 | [01;31m[K                     const M2ConstPtr&,[m[K
      |                      [01;31m[K~~~~~~~~~~~~~~~~~~[m[K 
  275 | [01;31m[K                     const M3ConstPtr&,[m[K
      |                      [01;31m[K~~~~~~~~~~~~~~~~~~[m[K 
  276 | [01;31m[K                     const M4ConstPtr&,[m[K
      |                      [01;31m[K~~~~~~~~~~~~~~~~~~[m[K 
  277 | [01;31m[K                     const M5ConstPtr&,[m[K
      |                      [01;31m[K~~~~~~~~~~~~~~~~~~[m[K 
  278 | [01;31m[K                     const M6ConstPtr&,[m[K
      |                      [01;31m[K~~~~~~~~~~~~~~~~~~[m[K 
  279 | [01;31m[K                     const M7ConstPtr&,[m[K
      |                      [01;31m[K~~~~~~~~~~~~~~~~~~[m[K 
  280 | [01;31m[K                     const M8ConstPtr&>(std::bind(callback, std::placeholders::_1, std::placeholders::_2, std::placeholders::_3, std::placeholders::_4, std::placeholders::_5, std::placeholders::_6, std::placeholders::_7, std::placeholders::_8, std::placeholders::_9))[m[K;
      |                      [01;31m[K~~~~~~~~~~~~~~~~~~^~~~~~~~~~~~~~~~~~~~~~~~~~~~~~~~~~~~~~~~~~~~~~~~~~~~~~~~~~~~~~~~~~~~~~~~~~~~~~~~~~~~~~~~~~~~~~~~~~~~~~~~~~~~~~~~~~~~~~~~~~~~~~~~~~~~~~~~~~~~~~~~~~~~~~~~~~~~~~~~~~~~~~~~~~~~~~~~~~~~~~~~~~~~~~~~~~~~~~~~~~~~~~~~~~~~~~~~~~~~~~~~~~~~[m[K
In file included from [01m[K/opt/ros/humble/include/message_filters/message_filters/sync_policies/approximate_time.h:52[m[K,
                 from [01m[K/mnt/hs2/SLAM-nav2/ros2_ws_stereo/src/stereo_depth_cpp/include/stereo_depth_cpp/stereobm_node.hpp:69[m[K,
                 from [01m[K/mnt/hs2/SLAM-nav2/ros2_ws_stereo/src/stereo_depth_cpp/src/stereobm_node.cpp:158[m[K:
[01m[K/opt/ros/humble/include/message_filters/message_filters/signal9.h:204:14:[m[K [01;36m[Knote: [m[Kprovided for ‘[01m[Ktemplate<class P0, class P1, class P2, class P3, class P4, class P5> message_filters::Connection message_filters::Signal9<M0, M1, M2, M3, M4, M5, M6, M7, M8>::addCallback(void (*)(P0, P1, P2, P3, P4, P5)) [with P0 = P0; P1 = P1; P2 = P2; P3 = P3; P4 = P4; P5 = P5; M0 = sensor_msgs::msg::Image_<std::allocator<void> >; M1 = sensor_msgs::msg::Image_<std::allocator<void> >; M2 = message_filters::NullType; M3 = message_filters::NullType; M4 = message_filters::NullType; M5 = message_filters::NullType; M6 = message_filters::NullType; M7 = message_filters::NullType; M8 = message_filters::NullType][m[K’
  204 |   Connection [01;36m[KaddCallback[m[K(void(*callback)(P0, P1, P2, P3, P4, P5))
      |              [01;36m[K^~~~~~~~~~~[m[K
[01m[K/opt/ros/humble/include/message_filters/message_filters/signal9.h:210:14:[m[K [01;36m[Knote: [m[Kcandidate: ‘[01m[Ktemplate<class P0, class P1, class P2, class P3, class P4, class P5, class P6> message_filters::Connection message_filters::Signal9<M0, M1, M2, M3, M4, M5, M6, M7, M8>::addCallback(void (*)(P0, P1, P2, P3, P4, P5, P6)) [with P0 = P0; P1 = P1; P2 = P2; P3 = P3; P4 = P4; P5 = P5; P6 = P6; M0 = sensor_msgs::msg::Image_<std::allocator<void> >; M1 = sensor_msgs::msg::Image_<std::allocator<void> >; M2 = message_filters::NullType; M3 = message_filters::NullType; M4 = message_filters::NullType; M5 = message_filters::NullType; M6 = message_filters::NullType; M7 = message_filters::NullType; M8 = message_filters::NullType][m[K’
  210 |   Connection [01;36m[KaddCallback[m[K(void(*callback)(P0, P1, P2, P3, P4, P5, P6))
      |              [01;36m[K^~~~~~~~~~~[m[K
[01m[K/opt/ros/humble/include/message_filters/message_filters/signal9.h:210:14:[m[K [01;36m[Knote: [m[K  template argument deduction/substitution failed:
In file included from [01m[K/opt/ros/humble/include/message_filters/message_filters/sync_policies/approximate_time.h:52[m[K,
                 from [01m[K/mnt/hs2/SLAM-nav2/ros2_ws_stereo/src/stereo_depth_cpp/include/stereo_depth_cpp/stereobm_node.hpp:69[m[K,
                 from [01m[K/mnt/hs2/SLAM-nav2/ros2_ws_stereo/src/stereo_depth_cpp/src/stereobm_node.cpp:158[m[K:
[01m[K/opt/ros/humble/include/message_filters/message_filters/signal9.h:280:40:[m[K [01;31m[Kerror: [m[Kwrong number of template arguments (9, should be 7)
  272 |     return [01;31m[KaddCallback<const M0ConstPtr&,[m[K
      |            [01;31m[K~~~~~~~~~~~~~~~~~~~~~~~~~~~~~~[m[K
  273 | [01;31m[K                     const M1ConstPtr&,[m[K
      |                      [01;31m[K~~~~~~~~~~~~~~~~~~[m[K 
  274 | [01;31m[K                     const M2ConstPtr&,[m[K
      |                      [01;31m[K~~~~~~~~~~~~~~~~~~[m[K 
  275 | [01;31m[K                     const M3ConstPtr&,[m[K
      |                      [01;31m[K~~~~~~~~~~~~~~~~~~[m[K 
  276 | [01;31m[K                     const M4ConstPtr&,[m[K
      |                      [01;31m[K~~~~~~~~~~~~~~~~~~[m[K 
  277 | [01;31m[K                     const M5ConstPtr&,[m[K
      |                      [01;31m[K~~~~~~~~~~~~~~~~~~[m[K 
  278 | [01;31m[K                     const M6ConstPtr&,[m[K
      |                      [01;31m[K~~~~~~~~~~~~~~~~~~[m[K 
  279 | [01;31m[K                     const M7ConstPtr&,[m[K
      |                      [01;31m[K~~~~~~~~~~~~~~~~~~[m[K 
  280 | [01;31m[K                     const M8ConstPtr&>(std::bind(callback, std::placeholders::_1, std::placeholders::_2, std::placeholders::_3, std::placeholders::_4, std::placeholders::_5, std::placeholders::_6, std::placeholders::_7, std::placeholders::_8, std::placeholders::_9))[m[K;
      |                      [01;31m[K~~~~~~~~~~~~~~~~~~^~~~~~~~~~~~~~~~~~~~~~~~~~~~~~~~~~~~~~~~~~~~~~~~~~~~~~~~~~~~~~~~~~~~~~~~~~~~~~~~~~~~~~~~~~~~~~~~~~~~~~~~~~~~~~~~~~~~~~~~~~~~~~~~~~~~~~~~~~~~~~~~~~~~~~~~~~~~~~~~~~~~~~~~~~~~~~~~~~~~~~~~~~~~~~~~~~~~~~~~~~~~~~~~~~~~~~~~~~~~~~~~~~~~[m[K
In file included from [01m[K/opt/ros/humble/include/message_filters/message_filters/sync_policies/approximate_time.h:52[m[K,
                 from [01m[K/mnt/hs2/SLAM-nav2/ros2_ws_stereo/src/stereo_depth_cpp/include/stereo_depth_cpp/stereobm_node.hpp:69[m[K,
                 from [01m[K/mnt/hs2/SLAM-nav2/ros2_ws_stereo/src/stereo_depth_cpp/src/stereobm_node.cpp:158[m[K:
[01m[K/opt/ros/humble/include/message_filters/message_filters/signal9.h:210:14:[m[K [01;36m[Knote: [m[Kprovided for ‘[01m[Ktemplate<class P0, class P1, class P2, class P3, class P4, class P5, class P6> message_filters::Connection message_filters::Signal9<M0, M1, M2, M3, M4, M5, M6, M7, M8>::addCallback(void (*)(P0, P1, P2, P3, P4, P5, P6)) [with P0 = P0; P1 = P1; P2 = P2; P3 = P3; P4 = P4; P5 = P5; P6 = P6; M0 = sensor_msgs::msg::Image_<std::allocator<void> >; M1 = sensor_msgs::msg::Image_<std::allocator<void> >; M2 = message_filters::NullType; M3 = message_filters::NullType; M4 = message_filters::NullType; M5 = message_filters::NullType; M6 = message_filters::NullType; M7 = message_filters::NullType; M8 = message_filters::NullType][m[K’
  210 |   Connection [01;36m[KaddCallback[m[K(void(*callback)(P0, P1, P2, P3, P4, P5, P6))
      |              [01;36m[K^~~~~~~~~~~[m[K
In file included from [01m[K/opt/ros/humble/include/message_filters/message_filters/sync_policies/approximate_time.h:52[m[K,
                 from [01m[K/mnt/hs2/SLAM-nav2/ros2_ws_stereo/src/stereo_depth_cpp/include/stereo_depth_cpp/stereobm_node.hpp:69[m[K,
                 from [01m[K/mnt/hs2/SLAM-nav2/ros2_ws_stereo/src/stereo_depth_cpp/src/stereobm_node.cpp:158[m[K:
[01m[K/opt/ros/humble/include/message_filters/message_filters/signal9.h:216:14:[m[K [01;36m[Knote: [m[Kcandidate: ‘[01m[Ktemplate<class P0, class P1, class P2, class P3, class P4, class P5, class P6, class P7> message_filters::Connection message_filters::Signal9<M0, M1, M2, M3, M4, M5, M6, M7, M8>::addCallback(void (*)(P0, P1, P2, P3, P4, P5, P6, P7)) [with P0 = P0; P1 = P1; P2 = P2; P3 = P3; P4 = P4; P5 = P5; P6 = P6; P7 = P7; M0 = sensor_msgs::msg::Image_<std::allocator<void> >; M1 = sensor_msgs::msg::Image_<std::allocator<void> >; M2 = message_filters::NullType; M3 = message_filters::NullType; M4 = message_filters::NullType; M5 = message_filters::NullType; M6 = message_filters::NullType; M7 = message_filters::NullType; M8 = message_filters::NullType][m[K’
  216 |   Connection [01;36m[KaddCallback[m[K(void(*callback)(P0, P1, P2, P3, P4, P5, P6, P7))
      |              [01;36m[K^~~~~~~~~~~[m[K
[01m[K/opt/ros/humble/include/message_filters/message_filters/signal9.h:216:14:[m[K [01;36m[Knote: [m[K  template argument deduction/substitution failed:
[01m[K/opt/ros/humble/include/message_filters/message_filters/signal9.h:280:40:[m[K [01;31m[Kerror: [m[Kwrong number of template arguments (9, should be 8)
  272 |     return [01;31m[KaddCallback<const M0ConstPtr&,[m[K
      |            [01;31m[K~~~~~~~~~~~~~~~~~~~~~~~~~~~~~~[m[K
  273 | [01;31m[K                     const M1ConstPtr&,[m[K
      |                      [01;31m[K~~~~~~~~~~~~~~~~~~[m[K 
  274 | [01;31m[K                     const M2ConstPtr&,[m[K
      |                      [01;31m[K~~~~~~~~~~~~~~~~~~[m[K 
  275 | [01;31m[K                     const M3ConstPtr&,[m[K
      |                      [01;31m[K~~~~~~~~~~~~~~~~~~[m[K 
  276 | [01;31m[K                     const M4ConstPtr&,[m[K
      |                      [01;31m[K~~~~~~~~~~~~~~~~~~[m[K 
  277 | [01;31m[K                     const M5ConstPtr&,[m[K
      |                      [01;31m[K~~~~~~~~~~~~~~~~~~[m[K 
  278 | [01;31m[K                     const M6ConstPtr&,[m[K
      |                      [01;31m[K~~~~~~~~~~~~~~~~~~[m[K 
  279 | [01;31m[K                     const M7ConstPtr&,[m[K
      |                      [01;31m[K~~~~~~~~~~~~~~~~~~[m[K 
  280 | [01;31m[K                     const M8ConstPtr&>(std::bind(callback, std::placeholders::_1, std::placeholders::_2, std::placeholders::_3, std::placeholders::_4, std::placeholders::_5, std::placeholders::_6, std::placeholders::_7, std::placeholders::_8, std::placeholders::_9))[m[K;
      |                      [01;31m[K~~~~~~~~~~~~~~~~~~^~~~~~~~~~~~~~~~~~~~~~~~~~~~~~~~~~~~~~~~~~~~~~~~~~~~~~~~~~~~~~~~~~~~~~~~~~~~~~~~~~~~~~~~~~~~~~~~~~~~~~~~~~~~~~~~~~~~~~~~~~~~~~~~~~~~~~~~~~~~~~~~~~~~~~~~~~~~~~~~~~~~~~~~~~~~~~~~~~~~~~~~~~~~~~~~~~~~~~~~~~~~~~~~~~~~~~~~~~~~~~~~~~~~[m[K
[01m[K/opt/ros/humble/include/message_filters/message_filters/signal9.h:216:14:[m[K [01;36m[Knote: [m[Kprovided for ‘[01m[Ktemplate<class P0, class P1, class P2, class P3, class P4, class P5, class P6, class P7> message_filters::Connection message_filters::Signal9<M0, M1, M2, M3, M4, M5, M6, M7, M8>::addCallback(void (*)(P0, P1, P2, P3, P4, P5, P6, P7)) [with P0 = P0; P1 = P1; P2 = P2; P3 = P3; P4 = P4; P5 = P5; P6 = P6; P7 = P7; M0 = sensor_msgs::msg::Image_<std::allocator<void> >; M1 = sensor_msgs::msg::Image_<std::allocator<void> >; M2 = message_filters::NullType; M3 = message_filters::NullType; M4 = message_filters::NullType; M5 = message_filters::NullType; M6 = message_filters::NullType; M7 = message_filters::NullType; M8 = message_filters::NullType][m[K’
  216 |   Connection [01;36m[KaddCallback[m[K(void(*callback)(P0, P1, P2, P3, P4, P5, P6, P7))
      |              [01;36m[K^~~~~~~~~~~[m[K
[01m[K/opt/ros/humble/include/message_filters/message_filters/signal9.h:222:14:[m[K [01;36m[Knote: [m[Kcandidate: ‘[01m[Kmessage_filters::Connection message_filters::Signal9<M0, M1, M2, M3, M4, M5, M6, M7, M8>::addCallback(void (*)(P0, P1, P2, P3, P4, P5, P6, P7, P8)) [with P0 = const std::shared_ptr<const sensor_msgs::msg::Image_<std::allocator<void> > >&; P1 = const std::shared_ptr<const sensor_msgs::msg::Image_<std::allocator<void> > >&; P2 = const std::shared_ptr<const message_filters::NullType>&; P3 = const std::shared_ptr<const message_filters::NullType>&; P4 = const std::shared_ptr<const message_filters::NullType>&; P5 = const std::shared_ptr<const message_filters::NullType>&; P6 = const std::shared_ptr<const message_filters::NullType>&; P7 = const std::shared_ptr<const message_filters::NullType>&; P8 = const std::shared_ptr<const message_filters::NullType>&; M0 = sensor_msgs::msg::Image_<std::allocator<void> >; M1 = sensor_msgs::msg::Image_<std::allocator<void> >; M2 = message_filters::NullType; M3 = message_filters::NullType; M4 = message_filters::NullType; M5 = message_filters::NullType; M6 = message_filters::NullType; M7 = message_filters::NullType; M8 = message_filters::NullType][m[K’
  222 |   Connection [01;36m[KaddCallback[m[K(void(*callback)(P0, P1, P2, P3, P4, P5, P6, P7, P8))
      |              [01;36m[K^~~~~~~~~~~[m[K
[01m[K/opt/ros/humble/include/message_filters/message_filters/signal9.h:222:32:[m[K [01;36m[Knote: [m[K  no known conversion for argument 1 from ‘[01m[Kstd::_Bind_helper<false, const std::_Bind<void (stereo_depth_cpp::StereoBMNode::*(stereo_depth_cpp::StereoBMNode*, std::_Placeholder<1>, std::_Placeholder<2>, std::_Placeholder<3>))(const std::shared_ptr<const sensor_msgs::msg::Image_<std::allocator<void> > >&, const std::shared_ptr<const sensor_msgs::msg::Image_<std::allocator<void> > >&, const std::shared_ptr<const sensor_msgs::msg::Image_<std::allocator<void> > >&)>&, const std::_Placeholder<1>&, const std::_Placeholder<2>&, const std::_Placeholder<3>&, const std::_Placeholder<4>&, const std::_Placeholder<5>&, const std::_Placeholder<6>&, const std::_Placeholder<7>&, const std::_Placeholder<8>&, const std::_Placeholder<9>&>::type[m[K’ to ‘[01m[Kvoid (*)(const std::shared_ptr<const sensor_msgs::msg::Image_<std::allocator<void> > >&, const std::shared_ptr<const sensor_msgs::msg::Image_<std::allocator<void> > >&, const std::shared_ptr<const message_filters::NullType>&, const std::shared_ptr<const message_filters::NullType>&, const std::shared_ptr<const message_filters::NullType>&, const std::shared_ptr<const message_filters::NullType>&, const std::shared_ptr<const message_filters::NullType>&, const std::shared_ptr<const message_filters::NullType>&, const std::shared_ptr<const message_filters::NullType>&)[m[K’
  222 |   Connection addCallback([01;36m[Kvoid(*callback)(P0, P1, P2, P3, P4, P5, P6, P7, P8)[m[K)
      |                          [01;36m[K~~~~~~^~~~~~~~~~~~~~~~~~~~~~~~~~~~~~~~~~~~~~~~~~~~~[m[K
[01m[K/opt/ros/humble/include/message_filters/message_filters/signal9.h:228:14:[m[K [01;36m[Knote: [m[Kcandidate: ‘[01m[Ktemplate<class T, class P0, class P1> message_filters::Connection message_filters::Signal9<M0, M1, M2, M3, M4, M5, M6, M7, M8>::addCallback(void (T::*)(P0, P1), T*) [with T = T; P0 = P0; P1 = P1; M0 = sensor_msgs::msg::Image_<std::allocator<void> >; M1 = sensor_msgs::msg::Image_<std::allocator<void> >; M2 = message_filters::NullType; M3 = message_filters::NullType; M4 = message_filters::NullType; M5 = message_filters::NullType; M6 = message_filters::NullType; M7 = message_filters::NullType; M8 = message_filters::NullType][m[K’
  228 |   Connection [01;36m[KaddCallback[m[K(void(T::*callback)(P0, P1), T* t)
      |              [01;36m[K^~~~~~~~~~~[m[K
[01m[K/opt/ros/humble/include/message_filters/message_filters/signal9.h:228:14:[m[K [01;36m[Knote: [m[K  template argument deduction/substitution failed:
[01m[K/opt/ros/humble/include/message_filters/message_filters/signal9.h:280:40:[m[K [01;31m[Kerror: [m[Kwrong number of template arguments (9, should be 3)
  272 |     return [01;31m[KaddCallback<const M0ConstPtr&,[m[K
      |            [01;31m[K~~~~~~~~~~~~~~~~~~~~~~~~~~~~~~[m[K
  273 | [01;31m[K                     const M1ConstPtr&,[m[K
      |                      [01;31m[K~~~~~~~~~~~~~~~~~~[m[K 
  274 | [01;31m[K                     const M2ConstPtr&,[m[K
      |                      [01;31m[K~~~~~~~~~~~~~~~~~~[m[K 
  275 | [01;31m[K                     const M3ConstPtr&,[m[K
      |                      [01;31m[K~~~~~~~~~~~~~~~~~~[m[K 
  276 | [01;31m[K                     const M4ConstPtr&,[m[K
      |                      [01;31m[K~~~~~~~~~~~~~~~~~~[m[K 
  277 | [01;31m[K                     const M5ConstPtr&,[m[K
      |                      [01;31m[K~~~~~~~~~~~~~~~~~~[m[K 
  278 | [01;31m[K                     const M6ConstPtr&,[m[K
      |                      [01;31m[K~~~~~~~~~~~~~~~~~~[m[K 
  279 | [01;31m[K                     const M7ConstPtr&,[m[K
      |                      [01;31m[K~~~~~~~~~~~~~~~~~~[m[K 
  280 | [01;31m[K                     const M8ConstPtr&>(std::bind(callback, std::placeholders::_1, std::placeholders::_2, std::placeholders::_3, std::placeholders::_4, std::placeholders::_5, std::placeholders::_6, std::placeholders::_7, std::placeholders::_8, std::placeholders::_9))[m[K;
      |                      [01;31m[K~~~~~~~~~~~~~~~~~~^~~~~~~~~~~~~~~~~~~~~~~~~~~~~~~~~~~~~~~~~~~~~~~~~~~~~~~~~~~~~~~~~~~~~~~~~~~~~~~~~~~~~~~~~~~~~~~~~~~~~~~~~~~~~~~~~~~~~~~~~~~~~~~~~~~~~~~~~~~~~~~~~~~~~~~~~~~~~~~~~~~~~~~~~~~~~~~~~~~~~~~~~~~~~~~~~~~~~~~~~~~~~~~~~~~~~~~~~~~~~~~~~~~~[m[K
[01m[K/opt/ros/humble/include/message_filters/message_filters/signal9.h:228:14:[m[K [01;36m[Knote: [m[Kprovided for ‘[01m[Ktemplate<class T, class P0, class P1> message_filters::Connection message_filters::Signal9<M0, M1, M2, M3, M4, M5, M6, M7, M8>::addCallback(void (T::*)(P0, P1), T*) [with T = T; P0 = P0; P1 = P1; M0 = sensor_msgs::msg::Image_<std::allocator<void> >; M1 = sensor_msgs::msg::Image_<std::allocator<void> >; M2 = message_filters::NullType; M3 = message_filters::NullType; M4 = message_filters::NullType; M5 = message_filters::NullType; M6 = message_filters::NullType; M7 = message_filters::NullType; M8 = message_filters::NullType][m[K’
  228 |   Connection [01;36m[KaddCallback[m[K(void(T::*callback)(P0, P1), T* t)
      |              [01;36m[K^~~~~~~~~~~[m[K
[01m[K/opt/ros/humble/include/message_filters/message_filters/signal9.h:234:14:[m[K [01;36m[Knote: [m[Kcandidate: ‘[01m[Ktemplate<class T, class P0, class P1, class P2> message_filters::Connection message_filters::Signal9<M0, M1, M2, M3, M4, M5, M6, M7, M8>::addCallback(void (T::*)(P0, P1, P2), T*) [with T = T; P0 = P0; P1 = P1; P2 = P2; M0 = sensor_msgs::msg::Image_<std::allocator<void> >; M1 = sensor_msgs::msg::Image_<std::allocator<void> >; M2 = message_filters::NullType; M3 = message_filters::NullType; M4 = message_filters::NullType; M5 = message_filters::NullType; M6 = message_filters::NullType; M7 = message_filters::NullType; M8 = message_filters::NullType][m[K’
  234 |   Connection [01;36m[KaddCallback[m[K(void(T::*callback)(P0, P1, P2), T* t)
      |              [01;36m[K^~~~~~~~~~~[m[K
[01m[K/opt/ros/humble/include/message_filters/message_filters/signal9.h:234:14:[m[K [01;36m[Knote: [m[K  template argument deduction/substitution failed:
[01m[K/opt/ros/humble/include/message_filters/message_filters/signal9.h:280:40:[m[K [01;31m[Kerror: [m[Kwrong number of template arguments (9, should be 4)
  272 |     return [01;31m[KaddCallback<const M0ConstPtr&,[m[K
      |            [01;31m[K~~~~~~~~~~~~~~~~~~~~~~~~~~~~~~[m[K
  273 | [01;31m[K                     const M1ConstPtr&,[m[K
      |                      [01;31m[K~~~~~~~~~~~~~~~~~~[m[K 
  274 | [01;31m[K                     const M2ConstPtr&,[m[K
      |                      [01;31m[K~~~~~~~~~~~~~~~~~~[m[K 
  275 | [01;31m[K                     const M3ConstPtr&,[m[K
      |                      [01;31m[K~~~~~~~~~~~~~~~~~~[m[K 
  276 | [01;31m[K                     const M4ConstPtr&,[m[K
      |                      [01;31m[K~~~~~~~~~~~~~~~~~~[m[K 
  277 | [01;31m[K                     const M5ConstPtr&,[m[K
      |                      [01;31m[K~~~~~~~~~~~~~~~~~~[m[K 
  278 | [01;31m[K                     const M6ConstPtr&,[m[K
      |                      [01;31m[K~~~~~~~~~~~~~~~~~~[m[K 
  279 | [01;31m[K                     const M7ConstPtr&,[m[K
      |                      [01;31m[K~~~~~~~~~~~~~~~~~~[m[K 
  280 | [01;31m[K                     const M8ConstPtr&>(std::bind(callback, std::placeholders::_1, std::placeholders::_2, std::placeholders::_3, std::placeholders::_4, std::placeholders::_5, std::placeholders::_6, std::placeholders::_7, std::placeholders::_8, std::placeholders::_9))[m[K;
      |                      [01;31m[K~~~~~~~~~~~~~~~~~~^~~~~~~~~~~~~~~~~~~~~~~~~~~~~~~~~~~~~~~~~~~~~~~~~~~~~~~~~~~~~~~~~~~~~~~~~~~~~~~~~~~~~~~~~~~~~~~~~~~~~~~~~~~~~~~~~~~~~~~~~~~~~~~~~~~~~~~~~~~~~~~~~~~~~~~~~~~~~~~~~~~~~~~~~~~~~~~~~~~~~~~~~~~~~~~~~~~~~~~~~~~~~~~~~~~~~~~~~~~~~~~~~~~~[m[K
[01m[K/opt/ros/humble/include/message_filters/message_filters/signal9.h:234:14:[m[K [01;36m[Knote: [m[Kprovided for ‘[01m[Ktemplate<class T, class P0, class P1, class P2> message_filters::Connection message_filters::Signal9<M0, M1, M2, M3, M4, M5, M6, M7, M8>::addCallback(void (T::*)(P0, P1, P2), T*) [with T = T; P0 = P0; P1 = P1; P2 = P2; M0 = sensor_msgs::msg::Image_<std::allocator<void> >; M1 = sensor_msgs::msg::Image_<std::allocator<void> >; M2 = message_filters::NullType; M3 = message_filters::NullType; M4 = message_filters::NullType; M5 = message_filters::NullType; M6 = message_filters::NullType; M7 = message_filters::NullType; M8 = message_filters::NullType][m[K’
  234 |   Connection [01;36m[KaddCallback[m[K(void(T::*callback)(P0, P1, P2), T* t)
      |              [01;36m[K^~~~~~~~~~~[m[K
[01m[K/opt/ros/humble/include/message_filters/message_filters/signal9.h:240:14:[m[K [01;36m[Knote: [m[Kcandidate: ‘[01m[Ktemplate<class T, class P0, class P1, class P2, class P3> message_filters::Connection message_filters::Signal9<M0, M1, M2, M3, M4, M5, M6, M7, M8>::addCallback(void (T::*)(P0, P1, P2, P3), T*) [with T = T; P0 = P0; P1 = P1; P2 = P2; P3 = P3; M0 = sensor_msgs::msg::Image_<std::allocator<void> >; M1 = sensor_msgs::msg::Image_<std::allocator<void> >; M2 = message_filters::NullType; M3 = message_filters::NullType; M4 = message_filters::NullType; M5 = message_filters::NullType; M6 = message_filters::NullType; M7 = message_filters::NullType; M8 = message_filters::NullType][m[K’
  240 |   Connection [01;36m[KaddCallback[m[K(void(T::*callback)(P0, P1, P2, P3), T* t)
      |              [01;36m[K^~~~~~~~~~~[m[K
[01m[K/opt/ros/humble/include/message_filters/message_filters/signal9.h:240:14:[m[K [01;36m[Knote: [m[K  template argument deduction/substitution failed:
[01m[K/opt/ros/humble/include/message_filters/message_filters/signal9.h:280:40:[m[K [01;31m[Kerror: [m[Kwrong number of template arguments (9, should be 5)
  272 |     return [01;31m[KaddCallback<const M0ConstPtr&,[m[K
      |            [01;31m[K~~~~~~~~~~~~~~~~~~~~~~~~~~~~~~[m[K
  273 | [01;31m[K                     const M1ConstPtr&,[m[K
      |                      [01;31m[K~~~~~~~~~~~~~~~~~~[m[K 
  274 | [01;31m[K                     const M2ConstPtr&,[m[K
      |                      [01;31m[K~~~~~~~~~~~~~~~~~~[m[K 
  275 | [01;31m[K                     const M3ConstPtr&,[m[K
      |                      [01;31m[K~~~~~~~~~~~~~~~~~~[m[K 
  276 | [01;31m[K                     const M4ConstPtr&,[m[K
      |                      [01;31m[K~~~~~~~~~~~~~~~~~~[m[K 
  277 | [01;31m[K                     const M5ConstPtr&,[m[K
      |                      [01;31m[K~~~~~~~~~~~~~~~~~~[m[K 
  278 | [01;31m[K                     const M6ConstPtr&,[m[K
      |                      [01;31m[K~~~~~~~~~~~~~~~~~~[m[K 
  279 | [01;31m[K                     const M7ConstPtr&,[m[K
      |                      [01;31m[K~~~~~~~~~~~~~~~~~~[m[K 
  280 | [01;31m[K                     const M8ConstPtr&>(std::bind(callback, std::placeholders::_1, std::placeholders::_2, std::placeholders::_3, std::placeholders::_4, std::placeholders::_5, std::placeholders::_6, std::placeholders::_7, std::placeholders::_8, std::placeholders::_9))[m[K;
      |                      [01;31m[K~~~~~~~~~~~~~~~~~~^~~~~~~~~~~~~~~~~~~~~~~~~~~~~~~~~~~~~~~~~~~~~~~~~~~~~~~~~~~~~~~~~~~~~~~~~~~~~~~~~~~~~~~~~~~~~~~~~~~~~~~~~~~~~~~~~~~~~~~~~~~~~~~~~~~~~~~~~~~~~~~~~~~~~~~~~~~~~~~~~~~~~~~~~~~~~~~~~~~~~~~~~~~~~~~~~~~~~~~~~~~~~~~~~~~~~~~~~~~~~~~~~~~~[m[K
[01m[K/opt/ros/humble/include/message_filters/message_filters/signal9.h:240:14:[m[K [01;36m[Knote: [m[Kprovided for ‘[01m[Ktemplate<class T, class P0, class P1, class P2, class P3> message_filters::Connection message_filters::Signal9<M0, M1, M2, M3, M4, M5, M6, M7, M8>::addCallback(void (T::*)(P0, P1, P2, P3), T*) [with T = T; P0 = P0; P1 = P1; P2 = P2; P3 = P3; M0 = sensor_msgs::msg::Image_<std::allocator<void> >; M1 = sensor_msgs::msg::Image_<std::allocator<void> >; M2 = message_filters::NullType; M3 = message_filters::NullType; M4 = message_filters::NullType; M5 = message_filters::NullType; M6 = message_filters::NullType; M7 = message_filters::NullType; M8 = message_filters::NullType][m[K’
  240 |   Connection [01;36m[KaddCallback[m[K(void(T::*callback)(P0, P1, P2, P3), T* t)
      |              [01;36m[K^~~~~~~~~~~[m[K
[01m[K/opt/ros/humble/include/message_filters/message_filters/signal9.h:246:14:[m[K [01;36m[Knote: [m[Kcandidate: ‘[01m[Ktemplate<class T, class P0, class P1, class P2, class P3, class P4> message_filters::Connection message_filters::Signal9<M0, M1, M2, M3, M4, M5, M6, M7, M8>::addCallback(void (T::*)(P0, P1, P2, P3, P4), T*) [with T = T; P0 = P0; P1 = P1; P2 = P2; P3 = P3; P4 = P4; M0 = sensor_msgs::msg::Image_<std::allocator<void> >; M1 = sensor_msgs::msg::Image_<std::allocator<void> >; M2 = message_filters::NullType; M3 = message_filters::NullType; M4 = message_filters::NullType; M5 = message_filters::NullType; M6 = message_filters::NullType; M7 = message_filters::NullType; M8 = message_filters::NullType][m[K’
  246 |   Connection [01;36m[KaddCallback[m[K(void(T::*callback)(P0, P1, P2, P3, P4), T* t)
      |              [01;36m[K^~~~~~~~~~~[m[K
[01m[K/opt/ros/humble/include/message_filters/message_filters/signal9.h:246:14:[m[K [01;36m[Knote: [m[K  template argument deduction/substitution failed:
[01m[K/opt/ros/humble/include/message_filters/message_filters/signal9.h:280:40:[m[K [01;31m[Kerror: [m[Kwrong number of template arguments (9, should be 6)
  272 |     return [01;31m[KaddCallback<const M0ConstPtr&,[m[K
      |            [01;31m[K~~~~~~~~~~~~~~~~~~~~~~~~~~~~~~[m[K
  273 | [01;31m[K                     const M1ConstPtr&,[m[K
      |                      [01;31m[K~~~~~~~~~~~~~~~~~~[m[K 
  274 | [01;31m[K                     const M2ConstPtr&,[m[K
      |                      [01;31m[K~~~~~~~~~~~~~~~~~~[m[K 
  275 | [01;31m[K                     const M3ConstPtr&,[m[K
      |                      [01;31m[K~~~~~~~~~~~~~~~~~~[m[K 
  276 | [01;31m[K                     const M4ConstPtr&,[m[K
      |                      [01;31m[K~~~~~~~~~~~~~~~~~~[m[K 
  277 | [01;31m[K                     const M5ConstPtr&,[m[K
      |                      [01;31m[K~~~~~~~~~~~~~~~~~~[m[K 
  278 | [01;31m[K                     const M6ConstPtr&,[m[K
      |                      [01;31m[K~~~~~~~~~~~~~~~~~~[m[K 
  279 | [01;31m[K                     const M7ConstPtr&,[m[K
      |                      [01;31m[K~~~~~~~~~~~~~~~~~~[m[K 
  280 | [01;31m[K                     const M8ConstPtr&>(std::bind(callback, std::placeholders::_1, std::placeholders::_2, std::placeholders::_3, std::placeholders::_4, std::placeholders::_5, std::placeholders::_6, std::placeholders::_7, std::placeholders::_8, std::placeholders::_9))[m[K;
      |                      [01;31m[K~~~~~~~~~~~~~~~~~~^~~~~~~~~~~~~~~~~~~~~~~~~~~~~~~~~~~~~~~~~~~~~~~~~~~~~~~~~~~~~~~~~~~~~~~~~~~~~~~~~~~~~~~~~~~~~~~~~~~~~~~~~~~~~~~~~~~~~~~~~~~~~~~~~~~~~~~~~~~~~~~~~~~~~~~~~~~~~~~~~~~~~~~~~~~~~~~~~~~~~~~~~~~~~~~~~~~~~~~~~~~~~~~~~~~~~~~~~~~~~~~~~~~~[m[K
[01m[K/opt/ros/humble/include/message_filters/message_filters/signal9.h:246:14:[m[K [01;36m[Knote: [m[Kprovided for ‘[01m[Ktemplate<class T, class P0, class P1, class P2, class P3, class P4> message_filters::Connection message_filters::Signal9<M0, M1, M2, M3, M4, M5, M6, M7, M8>::addCallback(void (T::*)(P0, P1, P2, P3, P4), T*) [with T = T; P0 = P0; P1 = P1; P2 = P2; P3 = P3; P4 = P4; M0 = sensor_msgs::msg::Image_<std::allocator<void> >; M1 = sensor_msgs::msg::Image_<std::allocator<void> >; M2 = message_filters::NullType; M3 = message_filters::NullType; M4 = message_filters::NullType; M5 = message_filters::NullType; M6 = message_filters::NullType; M7 = message_filters::NullType; M8 = message_filters::NullType][m[K’
  246 |   Connection [01;36m[KaddCallback[m[K(void(T::*callback)(P0, P1, P2, P3, P4), T* t)
      |              [01;36m[K^~~~~~~~~~~[m[K
[01m[K/opt/ros/humble/include/message_filters/message_filters/signal9.h:252:14:[m[K [01;36m[Knote: [m[Kcandidate: ‘[01m[Ktemplate<class T, class P0, class P1, class P2, class P3, class P4, class P5> message_filters::Connection message_filters::Signal9<M0, M1, M2, M3, M4, M5, M6, M7, M8>::addCallback(void (T::*)(P0, P1, P2, P3, P4, P5), T*) [with T = T; P0 = P0; P1 = P1; P2 = P2; P3 = P3; P4 = P4; P5 = P5; M0 = sensor_msgs::msg::Image_<std::allocator<void> >; M1 = sensor_msgs::msg::Image_<std::allocator<void> >; M2 = message_filters::NullType; M3 = message_filters::NullType; M4 = message_filters::NullType; M5 = message_filters::NullType; M6 = message_filters::NullType; M7 = message_filters::NullType; M8 = message_filters::NullType][m[K’
  252 |   Connection [01;36m[KaddCallback[m[K(void(T::*callback)(P0, P1, P2, P3, P4, P5), T* t)
      |              [01;36m[K^~~~~~~~~~~[m[K
[01m[K/opt/ros/humble/include/message_filters/message_filters/signal9.h:252:14:[m[K [01;36m[Knote: [m[K  template argument deduction/substitution failed:
[01m[K/opt/ros/humble/include/message_filters/message_filters/signal9.h:280:40:[m[K [01;31m[Kerror: [m[Kwrong number of template arguments (9, should be 7)
  272 |     return [01;31m[KaddCallback<const M0ConstPtr&,[m[K
      |            [01;31m[K~~~~~~~~~~~~~~~~~~~~~~~~~~~~~~[m[K
  273 | [01;31m[K                     const M1ConstPtr&,[m[K
      |                      [01;31m[K~~~~~~~~~~~~~~~~~~[m[K 
  274 | [01;31m[K                     const M2ConstPtr&,[m[K
      |                      [01;31m[K~~~~~~~~~~~~~~~~~~[m[K 
  275 | [01;31m[K                     const M3ConstPtr&,[m[K
      |                      [01;31m[K~~~~~~~~~~~~~~~~~~[m[K 
  276 | [01;31m[K                     const M4ConstPtr&,[m[K
      |                      [01;31m[K~~~~~~~~~~~~~~~~~~[m[K 
  277 | [01;31m[K                     const M5ConstPtr&,[m[K
      |                      [01;31m[K~~~~~~~~~~~~~~~~~~[m[K 
  278 | [01;31m[K                     const M6ConstPtr&,[m[K
      |                      [01;31m[K~~~~~~~~~~~~~~~~~~[m[K 
  279 | [01;31m[K                     const M7ConstPtr&,[m[K
      |                      [01;31m[K~~~~~~~~~~~~~~~~~~[m[K 
  280 | [01;31m[K                     const M8ConstPtr&>(std::bind(callback, std::placeholders::_1, std::placeholders::_2, std::placeholders::_3, std::placeholders::_4, std::placeholders::_5, std::placeholders::_6, std::placeholders::_7, std::placeholders::_8, std::placeholders::_9))[m[K;
      |                      [01;31m[K~~~~~~~~~~~~~~~~~~^~~~~~~~~~~~~~~~~~~~~~~~~~~~~~~~~~~~~~~~~~~~~~~~~~~~~~~~~~~~~~~~~~~~~~~~~~~~~~~~~~~~~~~~~~~~~~~~~~~~~~~~~~~~~~~~~~~~~~~~~~~~~~~~~~~~~~~~~~~~~~~~~~~~~~~~~~~~~~~~~~~~~~~~~~~~~~~~~~~~~~~~~~~~~~~~~~~~~~~~~~~~~~~~~~~~~~~~~~~~~~~~~~~~[m[K
[01m[K/opt/ros/humble/include/message_filters/message_filters/signal9.h:252:14:[m[K [01;36m[Knote: [m[Kprovided for ‘[01m[Ktemplate<class T, class P0, class P1, class P2, class P3, class P4, class P5> message_filters::Connection message_filters::Signal9<M0, M1, M2, M3, M4, M5, M6, M7, M8>::addCallback(void (T::*)(P0, P1, P2, P3, P4, P5), T*) [with T = T; P0 = P0; P1 = P1; P2 = P2; P3 = P3; P4 = P4; P5 = P5; M0 = sensor_msgs::msg::Image_<std::allocator<void> >; M1 = sensor_msgs::msg::Image_<std::allocator<void> >; M2 = message_filters::NullType; M3 = message_filters::NullType; M4 = message_filters::NullType; M5 = message_filters::NullType; M6 = message_filters::NullType; M7 = message_filters::NullType; M8 = message_filters::NullType][m[K’
  252 |   Connection [01;36m[KaddCallback[m[K(void(T::*callback)(P0, P1, P2, P3, P4, P5), T* t)
      |              [01;36m[K^~~~~~~~~~~[m[K
[01m[K/opt/ros/humble/include/message_filters/message_filters/signal9.h:258:14:[m[K [01;36m[Knote: [m[Kcandidate: ‘[01m[Ktemplate<class T, class P0, class P1, class P2, class P3, class P4, class P5, class P6> message_filters::Connection message_filters::Signal9<M0, M1, M2, M3, M4, M5, M6, M7, M8>::addCallback(void (T::*)(P0, P1, P2, P3, P4, P5, P6), T*) [with T = T; P0 = P0; P1 = P1; P2 = P2; P3 = P3; P4 = P4; P5 = P5; P6 = P6; M0 = sensor_msgs::msg::Image_<std::allocator<void> >; M1 = sensor_msgs::msg::Image_<std::allocator<void> >; M2 = message_filters::NullType; M3 = message_filters::NullType; M4 = message_filters::NullType; M5 = message_filters::NullType; M6 = message_filters::NullType; M7 = message_filters::NullType; M8 = message_filters::NullType][m[K’
  258 |   Connection [01;36m[KaddCallback[m[K(void(T::*callback)(P0, P1, P2, P3, P4, P5, P6), T* t)
      |              [01;36m[K^~~~~~~~~~~[m[K
[01m[K/opt/ros/humble/include/message_filters/message_filters/signal9.h:258:14:[m[K [01;36m[Knote: [m[K  template argument deduction/substitution failed:
[01m[K/opt/ros/humble/include/message_filters/message_filters/signal9.h:280:40:[m[K [01;31m[Kerror: [m[Kwrong number of template arguments (9, should be 8)
  272 |     return [01;31m[KaddCallback<const M0ConstPtr&,[m[K
      |            [01;31m[K~~~~~~~~~~~~~~~~~~~~~~~~~~~~~~[m[K
  273 | [01;31m[K                     const M1ConstPtr&,[m[K
      |                      [01;31m[K~~~~~~~~~~~~~~~~~~[m[K 
  274 | [01;31m[K                     const M2ConstPtr&,[m[K
      |                      [01;31m[K~~~~~~~~~~~~~~~~~~[m[K 
  275 | [01;31m[K                     const M3ConstPtr&,[m[K
      |                      [01;31m[K~~~~~~~~~~~~~~~~~~[m[K 
  276 | [01;31m[K                     const M4ConstPtr&,[m[K
      |                      [01;31m[K~~~~~~~~~~~~~~~~~~[m[K 
  277 | [01;31m[K                     const M5ConstPtr&,[m[K
      |                      [01;31m[K~~~~~~~~~~~~~~~~~~[m[K 
  278 | [01;31m[K                     const M6ConstPtr&,[m[K
      |                      [01;31m[K~~~~~~~~~~~~~~~~~~[m[K 
  279 | [01;31m[K                     const M7ConstPtr&,[m[K
      |                      [01;31m[K~~~~~~~~~~~~~~~~~~[m[K 
  280 | [01;31m[K                     const M8ConstPtr&>(std::bind(callback, std::placeholders::_1, std::placeholders::_2, std::placeholders::_3, std::placeholders::_4, std::placeholders::_5, std::placeholders::_6, std::placeholders::_7, std::placeholders::_8, std::placeholders::_9))[m[K;
      |                      [01;31m[K~~~~~~~~~~~~~~~~~~^~~~~~~~~~~~~~~~~~~~~~~~~~~~~~~~~~~~~~~~~~~~~~~~~~~~~~~~~~~~~~~~~~~~~~~~~~~~~~~~~~~~~~~~~~~~~~~~~~~~~~~~~~~~~~~~~~~~~~~~~~~~~~~~~~~~~~~~~~~~~~~~~~~~~~~~~~~~~~~~~~~~~~~~~~~~~~~~~~~~~~~~~~~~~~~~~~~~~~~~~~~~~~~~~~~~~~~~~~~~~~~~~~~~[m[K
[01m[K/opt/ros/humble/include/message_filters/message_filters/signal9.h:258:14:[m[K [01;36m[Knote: [m[Kprovided for ‘[01m[Ktemplate<class T, class P0, class P1, class P2, class P3, class P4, class P5, class P6> message_filters::Connection message_filters::Signal9<M0, M1, M2, M3, M4, M5, M6, M7, M8>::addCallback(void (T::*)(P0, P1, P2, P3, P4, P5, P6), T*) [with T = T; P0 = P0; P1 = P1; P2 = P2; P3 = P3; P4 = P4; P5 = P5; P6 = P6; M0 = sensor_msgs::msg::Image_<std::allocator<void> >; M1 = sensor_msgs::msg::Image_<std::allocator<void> >; M2 = message_filters::NullType; M3 = message_filters::NullType; M4 = message_filters::NullType; M5 = message_filters::NullType; M6 = message_filters::NullType; M7 = message_filters::NullType; M8 = message_filters::NullType][m[K’
  258 |   Connection [01;36m[KaddCallback[m[K(void(T::*callback)(P0, P1, P2, P3, P4, P5, P6), T* t)
      |              [01;36m[K^~~~~~~~~~~[m[K
[01m[K/opt/ros/humble/include/message_filters/message_filters/signal9.h:264:14:[m[K [01;36m[Knote: [m[Kcandidate: ‘[01m[Ktemplate<class T, class P0, class P1, class P2, class P3, class P4, class P5, class P6, class P7> message_filters::Connection message_filters::Signal9<M0, M1, M2, M3, M4, M5, M6, M7, M8>::addCallback(void (T::*)(P0, P1, P2, P3, P4, P5, P6, P7), T*) [with T = T; P0 = P0; P1 = P1; P2 = P2; P3 = P3; P4 = P4; P5 = P5; P6 = P6; P7 = P7; M0 = sensor_msgs::msg::Image_<std::allocator<void> >; M1 = sensor_msgs::msg::Image_<std::allocator<void> >; M2 = message_filters::NullType; M3 = message_filters::NullType; M4 = message_filters::NullType; M5 = message_filters::NullType; M6 = message_filters::NullType; M7 = message_filters::NullType; M8 = message_filters::NullType][m[K’
  264 |   Connection [01;36m[KaddCallback[m[K(void(T::*callback)(P0, P1, P2, P3, P4, P5, P6, P7), T* t)
      |              [01;36m[K^~~~~~~~~~~[m[K
[01m[K/opt/ros/humble/include/message_filters/message_filters/signal9.h:264:14:[m[K [01;36m[Knote: [m[K  template argument deduction/substitution failed:
/opt/ros/humble/include/message_filters/message_filters/signal9.h: In substitution of ‘[01m[Ktemplate<class T, class P0, class P1, class P2, class P3, class P4, class P5, class P6, class P7> message_filters::Connection message_filters::Signal9<sensor_msgs::msg::Image_<std::allocator<void> >, sensor_msgs::msg::Image_<std::allocator<void> >, message_filters::NullType, message_filters::NullType, message_filters::NullType, message_filters::NullType, message_filters::NullType, message_filters::NullType, message_filters::NullType>::addCallback<T, P0, P1, P2, P3, P4, P5, P6, P7>(void (T::*)(P0, P1, P2, P3, P4, P5, P6, P7), T*) [with T = const std::shared_ptr<const sensor_msgs::msg::Image_<std::allocator<void> > >&; P0 = const std::shared_ptr<const sensor_msgs::msg::Image_<std::allocator<void> > >&; P1 = const std::shared_ptr<const message_filters::NullType>&; P2 = const std::shared_ptr<const message_filters::NullType>&; P3 = const std::shared_ptr<const message_filters::NullType>&; P4 = const std::shared_ptr<const message_filters::NullType>&; P5 = const std::shared_ptr<const message_filters::NullType>&; P6 = const std::shared_ptr<const message_filters::NullType>&; P7 = const std::shared_ptr<const message_filters::NullType>&][m[K’:
[01m[K/opt/ros/humble/include/message_filters/message_filters/signal9.h:280:40:[m[K   required from ‘[01m[Kmessage_filters::Connection message_filters::Signal9<M0, M1, M2, M3, M4, M5, M6, M7, M8>::addCallback(C&) [with C = const std::_Bind<void (stereo_depth_cpp::StereoBMNode::*(stereo_depth_cpp::StereoBMNode*, std::_Placeholder<1>, std::_Placeholder<2>, std::_Placeholder<3>))(const std::shared_ptr<const sensor_msgs::msg::Image_<std::allocator<void> > >&, const std::shared_ptr<const sensor_msgs::msg::Image_<std::allocator<void> > >&, const std::shared_ptr<const sensor_msgs::msg::Image_<std::allocator<void> > >&)>; M0 = sensor_msgs::msg::Image_<std::allocator<void> >; M1 = sensor_msgs::msg::Image_<std::allocator<void> >; M2 = message_filters::NullType; M3 = message_filters::NullType; M4 = message_filters::NullType; M5 = message_filters::NullType; M6 = message_filters::NullType; M7 = message_filters::NullType; M8 = message_filters::NullType][m[K’
[01m[K/opt/ros/humble/include/message_filters/message_filters/synchronizer.h:298:31:[m[K   required from ‘[01m[Kmessage_filters::Connection message_filters::Synchronizer<Policy>::registerCallback(const C&) [with C = std::_Bind<void (stereo_depth_cpp::StereoBMNode::*(stereo_depth_cpp::StereoBMNode*, std::_Placeholder<1>, std::_Placeholder<2>, std::_Placeholder<3>))(const std::shared_ptr<const sensor_msgs::msg::Image_<std::allocator<void> > >&, const std::shared_ptr<const sensor_msgs::msg::Image_<std::allocator<void> > >&, const std::shared_ptr<const sensor_msgs::msg::Image_<std::allocator<void> > >&)>; Policy = message_filters::sync_policies::ApproximateTime<sensor_msgs::msg::Image_<std::allocator<void> >, sensor_msgs::msg::Image_<std::allocator<void> > >][m[K’
[01m[K/mnt/hs2/SLAM-nav2/ros2_ws_stereo/src/stereo_depth_cpp/src/stereobm_node.cpp:186:26:[m[K   required from here
[01m[K/opt/ros/humble/include/message_filters/message_filters/signal9.h:264:14:[m[K [01;31m[Kerror: [m[Kforming pointer to reference type ‘[01m[Kconst std::shared_ptr<const sensor_msgs::msg::Image_<std::allocator<void> > >&[m[K’
/opt/ros/humble/include/message_filters/message_filters/signal9.h: In instantiation of ‘[01m[Kmessage_filters::Connection message_filters::Signal9<M0, M1, M2, M3, M4, M5, M6, M7, M8>::addCallback(C&) [with C = const std::_Bind<void (stereo_depth_cpp::StereoBMNode::*(stereo_depth_cpp::StereoBMNode*, std::_Placeholder<1>, std::_Placeholder<2>, std::_Placeholder<3>))(const std::shared_ptr<const sensor_msgs::msg::Image_<std::allocator<void> > >&, const std::shared_ptr<const sensor_msgs::msg::Image_<std::allocator<void> > >&, const std::shared_ptr<const sensor_msgs::msg::Image_<std::allocator<void> > >&)>; M0 = sensor_msgs::msg::Image_<std::allocator<void> >; M1 = sensor_msgs::msg::Image_<std::allocator<void> >; M2 = message_filters::NullType; M3 = message_filters::NullType; M4 = message_filters::NullType; M5 = message_filters::NullType; M6 = message_filters::NullType; M7 = message_filters::NullType; M8 = message_filters::NullType][m[K’:
[01m[K/opt/ros/humble/include/message_filters/message_filters/synchronizer.h:298:31:[m[K   required from ‘[01m[Kmessage_filters::Connection message_filters::Synchronizer<Policy>::registerCallback(const C&) [with C = std::_Bind<void (stereo_depth_cpp::StereoBMNode::*(stereo_depth_cpp::StereoBMNode*, std::_Placeholder<1>, std::_Placeholder<2>, std::_Placeholder<3>))(const std::shared_ptr<const sensor_msgs::msg::Image_<std::allocator<void> > >&, const std::shared_ptr<const sensor_msgs::msg::Image_<std::allocator<void> > >&, const std::shared_ptr<const sensor_msgs::msg::Image_<std::allocator<void> > >&)>; Policy = message_filters::sync_policies::ApproximateTime<sensor_msgs::msg::Image_<std::allocator<void> >, sensor_msgs::msg::Image_<std::allocator<void> > >][m[K’
[01m[K/mnt/hs2/SLAM-nav2/ros2_ws_stereo/src/stereo_depth_cpp/src/stereobm_node.cpp:186:26:[m[K   required from here
[01m[K/opt/ros/humble/include/message_filters/message_filters/signal9.h:270:14:[m[K [01;36m[Knote: [m[Kcandidate: ‘[01m[Ktemplate<class C> message_filters::Connection message_filters::Signal9<M0, M1, M2, M3, M4, M5, M6, M7, M8>::addCallback(C&) [with C = C; M0 = sensor_msgs::msg::Image_<std::allocator<void> >; M1 = sensor_msgs::msg::Image_<std::allocator<void> >; M2 = message_filters::NullType; M3 = message_filters::NullType; M4 = message_filters::NullType; M5 = message_filters::NullType; M6 = message_filters::NullType; M7 = message_filters::NullType; M8 = message_filters::NullType][m[K’
  270 |   Connection [01;36m[KaddCallback[m[K( C& callback)
      |              [01;36m[K^~~~~~~~~~~[m[K
[01m[K/opt/ros/humble/include/message_filters/message_filters/signal9.h:270:14:[m[K [01;36m[Knote: [m[K  template argument deduction/substitution failed:
[01m[K/opt/ros/humble/include/message_filters/message_filters/signal9.h:280:40:[m[K [01;31m[Kerror: [m[Kwrong number of template arguments (9, should be 1)
  272 |     return [01;31m[KaddCallback<const M0ConstPtr&,[m[K
      |            [01;31m[K~~~~~~~~~~~~~~~~~~~~~~~~~~~~~~[m[K
  273 | [01;31m[K                     const M1ConstPtr&,[m[K
      |                      [01;31m[K~~~~~~~~~~~~~~~~~~[m[K 
  274 | [01;31m[K                     const M2ConstPtr&,[m[K
      |                      [01;31m[K~~~~~~~~~~~~~~~~~~[m[K 
  275 | [01;31m[K                     const M3ConstPtr&,[m[K
      |                      [01;31m[K~~~~~~~~~~~~~~~~~~[m[K 
  276 | [01;31m[K                     const M4ConstPtr&,[m[K
      |                      [01;31m[K~~~~~~~~~~~~~~~~~~[m[K 
  277 | [01;31m[K                     const M5ConstPtr&,[m[K
      |                      [01;31m[K~~~~~~~~~~~~~~~~~~[m[K 
  278 | [01;31m[K                     const M6ConstPtr&,[m[K
      |                      [01;31m[K~~~~~~~~~~~~~~~~~~[m[K 
  279 | [01;31m[K                     const M7ConstPtr&,[m[K
      |                      [01;31m[K~~~~~~~~~~~~~~~~~~[m[K 
  280 | [01;31m[K                     const M8ConstPtr&>(std::bind(callback, std::placeholders::_1, std::placeholders::_2, std::placeholders::_3, std::placeholders::_4, std::placeholders::_5, std::placeholders::_6, std::placeholders::_7, std::placeholders::_8, std::placeholders::_9))[m[K;
      |                      [01;31m[K~~~~~~~~~~~~~~~~~~^~~~~~~~~~~~~~~~~~~~~~~~~~~~~~~~~~~~~~~~~~~~~~~~~~~~~~~~~~~~~~~~~~~~~~~~~~~~~~~~~~~~~~~~~~~~~~~~~~~~~~~~~~~~~~~~~~~~~~~~~~~~~~~~~~~~~~~~~~~~~~~~~~~~~~~~~~~~~~~~~~~~~~~~~~~~~~~~~~~~~~~~~~~~~~~~~~~~~~~~~~~~~~~~~~~~~~~~~~~~~~~~~~~~[m[K
[01m[K/opt/ros/humble/include/message_filters/message_filters/signal9.h:270:14:[m[K [01;36m[Knote: [m[Kprovided for ‘[01m[Ktemplate<class C> message_filters::Connection message_filters::Signal9<M0, M1, M2, M3, M4, M5, M6, M7, M8>::addCallback(C&) [with C = C; M0 = sensor_msgs::msg::Image_<std::allocator<void> >; M1 = sensor_msgs::msg::Image_<std::allocator<void> >; M2 = message_filters::NullType; M3 = message_filters::NullType; M4 = message_filters::NullType; M5 = message_filters::NullType; M6 = message_filters::NullType; M7 = message_filters::NullType; M8 = message_filters::NullType][m[K’
  270 |   Connection [01;36m[KaddCallback[m[K( C& callback)
      |              [01;36m[K^~~~~~~~~~~[m[K
In file included from [01m[K/opt/ros/humble/include/message_filters/message_filters/simple_filter.h:43[m[K,
                 from [01m[K/opt/ros/humble/include/message_filters/message_filters/subscriber.h:43[m[K,
                 from [01m[K/mnt/hs2/SLAM-nav2/ros2_ws_stereo/src/stereo_depth_cpp/include/stereo_depth_cpp/stereobm_node.hpp:68[m[K,
                 from [01m[K/mnt/hs2/SLAM-nav2/ros2_ws_stereo/src/stereo_depth_cpp/src/stereobm_node.cpp:158[m[K:
/opt/ros/humble/include/message_filters/message_filters/signal1.h: In instantiation of ‘[01m[Kvoid message_filters::CallbackHelper1T<P, M>::call(const message_filters::MessageEvent<const M>&, bool) [with P = const message_filters::MessageEvent<const message_filters::NullType>&; M = sensor_msgs::msg::Image_<std::allocator<void> >][m[K’:
[01m[K/opt/ros/humble/include/message_filters/message_filters/signal1.h:71:16:[m[K   required from here
[01m[K/opt/ros/humble/include/message_filters/message_filters/signal1.h:73:11:[m[K [01;31m[Kerror: [m[Kno matching function for call to ‘[01m[Kmessage_filters::MessageEvent<const message_filters::NullType>::MessageEvent(const message_filters::MessageEvent<const sensor_msgs::msg::Image_<std::allocator<void> > >&, bool)[m[K’
   73 |     Event [01;31m[Kmy_event[m[K(event, nonconst_force_copy || event.nonConstWillCopy());
      |           [01;31m[K^~~~~~~~[m[K
In file included from [01m[K/opt/ros/humble/include/message_filters/message_filters/signal1.h:42[m[K,
                 from [01m[K/opt/ros/humble/include/message_filters/message_filters/simple_filter.h:43[m[K,
                 from [01m[K/opt/ros/humble/include/message_filters/message_filters/subscriber.h:43[m[K,
                 from [01m[K/mnt/hs2/SLAM-nav2/ros2_ws_stereo/src/stereo_depth_cpp/include/stereo_depth_cpp/stereobm_node.hpp:68[m[K,
                 from [01m[K/mnt/hs2/SLAM-nav2/ros2_ws_stereo/src/stereo_depth_cpp/src/stereobm_node.cpp:158[m[K:
[01m[K/opt/ros/humble/include/message_filters/message_filters/message_event.h:128:3:[m[K [01;36m[Knote: [m[Kcandidate: ‘[01m[Kmessage_filters::MessageEvent<M>::MessageEvent(const ConstMessagePtr&, rclcpp::Time, bool, const CreateFunction&) [with M = const message_filters::NullType; message_filters::MessageEvent<M>::ConstMessagePtr = std::shared_ptr<const message_filters::NullType>; message_filters::MessageEvent<M>::CreateFunction = std::function<std::shared_ptr<message_filters::NullType>()>][m[K’
  128 |   [01;36m[KMessageEvent[m[K(const ConstMessagePtr& message, rclcpp::Time receipt_time, bool nonconst_need_copy, const CreateFunction& create)
      |   [01;36m[K^~~~~~~~~~~~[m[K
[01m[K/opt/ros/humble/include/message_filters/message_filters/message_event.h:128:3:[m[K [01;36m[Knote: [m[K  candidate expects 4 arguments, 2 provided
[01m[K/opt/ros/humble/include/message_filters/message_filters/message_event.h:123:3:[m[K [01;36m[Knote: [m[Kcandidate: ‘[01m[Kmessage_filters::MessageEvent<M>::MessageEvent(const ConstMessagePtr&, rclcpp::Time) [with M = const message_filters::NullType; message_filters::MessageEvent<M>::ConstMessagePtr = std::shared_ptr<const message_filters::NullType>][m[K’
  123 |   [01;36m[KMessageEvent[m[K(const ConstMessagePtr& message, rclcpp::Time receipt_time)
      |   [01;36m[K^~~~~~~~~~~~[m[K
[01m[K/opt/ros/humble/include/message_filters/message_filters/message_event.h:123:39:[m[K [01;36m[Knote: [m[K  no known conversion for argument 1 from ‘[01m[Kconst message_filters::MessageEvent<const sensor_msgs::msg::Image_<std::allocator<void> > >[m[K’ to ‘[01m[Kconst ConstMessagePtr&[m[K’ {aka ‘[01m[Kconst std::shared_ptr<const message_filters::NullType>&[m[K’}
  123 |   MessageEvent([01;36m[Kconst ConstMessagePtr& message[m[K, rclcpp::Time receipt_time)
      |                [01;36m[K~~~~~~~~~~~~~~~~~~~~~~~^~~~~~~[m[K
[01m[K/opt/ros/humble/include/message_filters/message_filters/message_event.h:118:3:[m[K [01;36m[Knote: [m[Kcandidate: ‘[01m[Kmessage_filters::MessageEvent<M>::MessageEvent(const ConstMessagePtr&) [with M = const message_filters::NullType; message_filters::MessageEvent<M>::ConstMessagePtr = std::shared_ptr<const message_filters::NullType>][m[K’
  118 |   [01;36m[KMessageEvent[m[K(const ConstMessagePtr& message)
      |   [01;36m[K^~~~~~~~~~~~[m[K
[01m[K/opt/ros/humble/include/message_filters/message_filters/message_event.h:118:3:[m[K [01;36m[Knote: [m[K  candidate expects 1 argument, 2 provided
[01m[K/opt/ros/humble/include/message_filters/message_filters/message_event.h:110:3:[m[K [01;36m[Knote: [m[Kcandidate: ‘[01m[Kmessage_filters::MessageEvent<M>::MessageEvent(const message_filters::MessageEvent<const void>&, const CreateFunction&) [with M = const message_filters::NullType; message_filters::MessageEvent<M>::CreateFunction = std::function<std::shared_ptr<message_filters::NullType>()>][m[K’
  110 |   [01;36m[KMessageEvent[m[K(const MessageEvent<void const>& rhs, const CreateFunction& create)
      |   [01;36m[K^~~~~~~~~~~~[m[K
[01m[K/opt/ros/humble/include/message_filters/message_filters/message_event.h:110:48:[m[K [01;36m[Knote: [m[K  no known conversion for argument 1 from ‘[01m[Kconst message_filters::MessageEvent<const sensor_msgs::msg::Image_<std::allocator<void> > >[m[K’ to ‘[01m[Kconst message_filters::MessageEvent<const void>&[m[K’
  110 |   MessageEvent([01;36m[Kconst MessageEvent<void const>& rhs[m[K, const CreateFunction& create)
      |                [01;36m[K~~~~~~~~~~~~~~~~~~~~~~~~~~~~~~~~^~~[m[K
[01m[K/opt/ros/humble/include/message_filters/message_filters/message_event.h:104:3:[m[K [01;36m[Knote: [m[Kcandidate: ‘[01m[Kmessage_filters::MessageEvent<M>::MessageEvent(const message_filters::MessageEvent<typename std::add_const<M>::type>&, bool) [with M = const message_filters::NullType; typename std::add_const<M>::type = const message_filters::NullType][m[K’
  104 |   [01;36m[KMessageEvent[m[K(const MessageEvent<ConstMessage>& rhs, bool nonconst_need_copy)
      |   [01;36m[K^~~~~~~~~~~~[m[K
[01m[K/opt/ros/humble/include/message_filters/message_filters/message_event.h:104:50:[m[K [01;36m[Knote: [m[K  no known conversion for argument 1 from ‘[01m[Kconst message_filters::MessageEvent<const sensor_msgs::msg::Image_<std::allocator<void> > >[m[K’ to ‘[01m[Kconst message_filters::MessageEvent<const message_filters::NullType>&[m[K’
  104 |   MessageEvent([01;36m[Kconst MessageEvent<ConstMessage>& rhs[m[K, bool nonconst_need_copy)
      |                [01;36m[K~~~~~~~~~~~~~~~~~~~~~~~~~~~~~~~~~~^~~[m[K
[01m[K/opt/ros/humble/include/message_filters/message_filters/message_event.h:98:3:[m[K [01;36m[Knote: [m[Kcandidate: ‘[01m[Kmessage_filters::MessageEvent<M>::MessageEvent(const message_filters::MessageEvent<typename std::remove_const<_Tp>::type>&, bool) [with M = const message_filters::NullType; typename std::remove_const<_Tp>::type = message_filters::NullType][m[K’
   98 |   [01;36m[KMessageEvent[m[K(const MessageEvent<Message>& rhs, bool nonconst_need_copy)
      |   [01;36m[K^~~~~~~~~~~~[m[K
[01m[K/opt/ros/humble/include/message_filters/message_filters/message_event.h:98:45:[m[K [01;36m[Knote: [m[K  no known conversion for argument 1 from ‘[01m[Kconst message_filters::MessageEvent<const sensor_msgs::msg::Image_<std::allocator<void> > >[m[K’ to ‘[01m[Kconst message_filters::MessageEvent<message_filters::NullType>&[m[K’
   98 |   MessageEvent([01;36m[Kconst MessageEvent<Message>& rhs[m[K, bool nonconst_need_copy)
      |                [01;36m[K~~~~~~~~~~~~~~~~~~~~~~~~~~~~~^~~[m[K
[01m[K/opt/ros/humble/include/message_filters/message_filters/message_event.h:93:3:[m[K [01;36m[Knote: [m[Kcandidate: ‘[01m[Kmessage_filters::MessageEvent<M>::MessageEvent(const message_filters::MessageEvent<typename std::add_const<M>::type>&) [with M = const message_filters::NullType; typename std::add_const<M>::type = const message_filters::NullType][m[K’
   93 |   [01;36m[KMessageEvent[m[K(const MessageEvent<ConstMessage>& rhs)
      |   [01;36m[K^~~~~~~~~~~~[m[K
[01m[K/opt/ros/humble/include/message_filters/message_filters/message_event.h:93:3:[m[K [01;36m[Knote: [m[K  candidate expects 1 argument, 2 provided
[01m[K/opt/ros/humble/include/message_filters/message_filters/message_event.h:88:3:[m[K [01;36m[Knote: [m[Kcandidate: ‘[01m[Kmessage_filters::MessageEvent<M>::MessageEvent(const message_filters::MessageEvent<typename std::remove_const<_Tp>::type>&) [with M = const message_filters::NullType; typename std::remove_const<_Tp>::type = message_filters::NullType][m[K’
   88 |   [01;36m[KMessageEvent[m[K(const MessageEvent<Message>& rhs)
      |   [01;36m[K^~~~~~~~~~~~[m[K
[01m[K/opt/ros/humble/include/message_filters/message_filters/message_event.h:88:3:[m[K [01;36m[Knote: [m[K  candidate expects 1 argument, 2 provided
[01m[K/opt/ros/humble/include/message_filters/message_filters/message_event.h:84:3:[m[K [01;36m[Knote: [m[Kcandidate: ‘[01m[Kmessage_filters::MessageEvent<M>::MessageEvent() [with M = const message_filters::NullType][m[K’
   84 |   [01;36m[KMessageEvent[m[K()
      |   [01;36m[K^~~~~~~~~~~~[m[K
[01m[K/opt/ros/humble/include/message_filters/message_filters/message_event.h:84:3:[m[K [01;36m[Knote: [m[K  candidate expects 0 arguments, 2 provided
gmake[2]: *** [CMakeFiles/stereobm_node.dir/build.make:90: CMakeFiles/stereobm_node.dir/src/stereobm_node.cpp.o] Error 1
gmake[1]: *** [CMakeFiles/Makefile2:137: CMakeFiles/stereobm_node.dir/all] Error 2
gmake: *** [Makefile:146: all] Error 2
